<?xml version="1.0" encoding="UTF-8"?>
<coverage generated="1774347184389" clover="3.2.0">
  <project timestamp="1774347184389" name="All files">
    <metrics statements="10372" coveredstatements="6562" conditionals="7300" coveredconditionals="3970" methods="3368" coveredmethods="2086" elements="21040" coveredelements="12618" complexity="0" loc="10372" ncloc="10372" packages="64" files="354" classes="354"/>
    <package name="app">
      <metrics statements="30" coveredstatements="0" conditionals="6" coveredconditionals="0" methods="8" coveredmethods="0"/>
      <file name="+not-found.tsx" path="/mnt/d/Downloads/Personal_Projects/BizPilot2/mobile/app/+not-found.tsx">
        <metrics statements="1" coveredstatements="0" conditionals="0" coveredconditionals="0" methods="1" coveredmethods="0"/>
        <line num="9" count="0" type="stmt"/>
      </file>
      <file name="_layout.tsx" path="/mnt/d/Downloads/Personal_Projects/BizPilot2/mobile/app/_layout.tsx">
        <metrics statements="25" coveredstatements="0" conditionals="4" coveredconditionals="0" methods="5" coveredmethods="0"/>
        <line num="28" count="0" type="stmt"/>
        <line num="29" count="0" type="stmt"/>
        <line num="32" count="0" type="stmt"/>
        <line num="34" count="0" type="stmt"/>
        <line num="47" count="0" type="stmt"/>
        <line num="49" count="0" type="stmt"/>
        <line num="53" count="0" type="stmt"/>
        <line num="54" count="0" type="stmt"/>
        <line num="58" count="0" type="stmt"/>
        <line num="60" count="0" type="stmt"/>
        <line num="63" count="0" type="stmt"/>
        <line num="65" count="0" type="stmt"/>
        <line num="66" count="0" type="stmt"/>
        <line num="70" count="0" type="stmt"/>
        <line num="73" count="0" type="stmt"/>
        <line num="74" count="0" type="cond" truecount="0" falsecount="2"/>
        <line num="76" count="0" type="stmt"/>
        <line num="77" count="0" type="stmt"/>
        <line num="78" count="0" type="stmt"/>
        <line num="79" count="0" type="stmt"/>
        <line num="82" count="0" type="stmt"/>
        <line num="83" count="0" type="stmt"/>
        <line num="90" count="0" type="cond" truecount="0" falsecount="2"/>
        <line num="93" count="0" type="stmt"/>
        <line num="96" count="0" type="stmt"/>
      </file>
      <file name="index.tsx" path="/mnt/d/Downloads/Personal_Projects/BizPilot2/mobile/app/index.tsx">
        <metrics statements="4" coveredstatements="0" conditionals="2" coveredconditionals="0" methods="2" coveredmethods="0"/>
        <line num="12" count="0" type="stmt"/>
        <line num="14" count="0" type="cond" truecount="0" falsecount="2"/>
        <line num="15" count="0" type="stmt"/>
        <line num="18" count="0" type="stmt"/>
      </file>
    </package>
    <package name="app.(auth)">
      <metrics statements="51" coveredstatements="0" conditionals="36" coveredconditionals="0" methods="14" coveredmethods="0"/>
      <file name="_layout.tsx" path="/mnt/d/Downloads/Personal_Projects/BizPilot2/mobile/app/(auth)/_layout.tsx">
        <metrics statements="1" coveredstatements="0" conditionals="0" coveredconditionals="0" methods="1" coveredmethods="0"/>
        <line num="11" count="0" type="stmt"/>
      </file>
      <file name="login.tsx" path="/mnt/d/Downloads/Personal_Projects/BizPilot2/mobile/app/(auth)/login.tsx">
        <metrics statements="25" coveredstatements="0" conditionals="14" coveredconditionals="0" methods="4" coveredmethods="0"/>
        <line num="30" count="0" type="stmt"/>
        <line num="31" count="0" type="stmt"/>
        <line num="32" count="0" type="stmt"/>
        <line num="33" count="0" type="stmt"/>
        <line num="34" count="0" type="stmt"/>
        <line num="39" count="0" type="stmt"/>
        <line num="40" count="0" type="stmt"/>
        <line num="42" count="0" type="stmt"/>
        <line num="44" count="0" type="stmt"/>
        <line num="45" count="0" type="stmt"/>
        <line num="46" count="0" type="stmt"/>
        <line num="48" count="0" type="cond" truecount="0" falsecount="4"/>
        <line num="50" count="0" type="stmt"/>
        <line num="51" count="0" type="stmt"/>
        <line num="53" count="0" type="stmt"/>
        <line num="54" count="0" type="stmt"/>
        <line num="56" count="0" type="cond" truecount="0" falsecount="4"/>
        <line num="58" count="0" type="stmt"/>
        <line num="72" count="0" type="stmt"/>
        <line num="73" count="0" type="stmt"/>
        <line num="75" count="0" type="cond" truecount="0" falsecount="2"/>
        <line num="78" count="0" type="stmt"/>
        <line num="80" count="0" type="stmt"/>
        <line num="84" count="0" type="stmt"/>
        <line num="145" count="0" type="stmt"/>
      </file>
      <file name="pin.tsx" path="/mnt/d/Downloads/Personal_Projects/BizPilot2/mobile/app/(auth)/pin.tsx">
        <metrics statements="25" coveredstatements="0" conditionals="22" coveredconditionals="0" methods="9" coveredmethods="0"/>
        <line num="20" count="0" type="stmt"/>
        <line num="21" count="0" type="stmt"/>
        <line num="23" count="0" type="stmt"/>
        <line num="25" count="0" type="cond" truecount="0" falsecount="2"/>
        <line num="27" count="0" type="stmt"/>
        <line num="28" count="0" type="stmt"/>
        <line num="29" count="0" type="stmt"/>
        <line num="30" count="0" type="stmt"/>
        <line num="32" count="0" type="cond" truecount="0" falsecount="2"/>
        <line num="35" count="0" type="stmt"/>
        <line num="36" count="0" type="stmt"/>
        <line num="42" count="0" type="stmt"/>
        <line num="43" count="0" type="cond" truecount="0" falsecount="2"/>
        <line num="44" count="0" type="stmt"/>
        <line num="45" count="0" type="stmt"/>
        <line num="46" count="0" type="stmt"/>
        <line num="49" count="0" type="stmt"/>
        <line num="51" count="0" type="stmt"/>
        <line num="80" count="0" type="stmt"/>
        <line num="107" count="0" type="cond" truecount="0" falsecount="2"/>
        <line num="108" count="0" type="stmt"/>
        <line num="111" count="0" type="stmt"/>
        <line num="115" count="0" type="cond" truecount="0" falsecount="2"/>
        <line num="117" count="0" type="stmt"/>
        <line num="147" count="0" type="stmt"/>
      </file>
    </package>
    <package name="app.(tabs)">
      <metrics statements="248" coveredstatements="0" conditionals="210" coveredconditionals="0" methods="104" coveredmethods="0"/>
      <file name="_layout.tsx" path="/mnt/d/Downloads/Personal_Projects/BizPilot2/mobile/app/(tabs)/_layout.tsx">
        <metrics statements="6" coveredstatements="0" conditionals="0" coveredconditionals="0" methods="6" coveredmethods="0"/>
        <line num="22" count="0" type="stmt"/>
        <line num="51" count="0" type="stmt"/>
        <line num="60" count="0" type="stmt"/>
        <line num="69" count="0" type="stmt"/>
        <line num="78" count="0" type="stmt"/>
        <line num="87" count="0" type="stmt"/>
      </file>
      <file name="bulk-operations.tsx" path="/mnt/d/Downloads/Personal_Projects/BizPilot2/mobile/app/(tabs)/bulk-operations.tsx">
        <metrics statements="62" coveredstatements="0" conditionals="24" coveredconditionals="0" methods="25" coveredmethods="0"/>
        <line num="52" count="0" type="stmt"/>
        <line num="60" count="0" type="stmt"/>
        <line num="76" count="0" type="stmt"/>
        <line num="79" count="0" type="stmt"/>
        <line num="97" count="0" type="stmt"/>
        <line num="101" count="0" type="cond" truecount="0" falsecount="4"/>
        <line num="103" count="0" type="stmt"/>
        <line num="127" count="0" type="stmt"/>
        <line num="131" count="0" type="stmt"/>
        <line num="158" count="0" type="stmt"/>
        <line num="182" count="0" type="stmt"/>
        <line num="218" count="0" type="stmt"/>
        <line num="220" count="0" type="stmt"/>
        <line num="223" count="0" type="stmt"/>
        <line num="260" count="0" type="stmt"/>
        <line num="261" count="0" type="stmt"/>
        <line num="262" count="0" type="cond" truecount="0" falsecount="2"/>
        <line num="264" count="0" type="stmt"/>
        <line num="266" count="0" type="stmt"/>
        <line num="269" count="0" type="stmt"/>
        <line num="270" count="0" type="stmt"/>
        <line num="271" count="0" type="cond" truecount="0" falsecount="2"/>
        <line num="273" count="0" type="cond" truecount="0" falsecount="2"/>
        <line num="275" count="0" type="stmt"/>
        <line num="276" count="0" type="stmt"/>
        <line num="277" count="0" type="stmt"/>
        <line num="278" count="0" type="stmt"/>
        <line num="283" count="0" type="stmt"/>
        <line num="286" count="0" type="stmt"/>
        <line num="288" count="0" type="stmt"/>
        <line num="297" count="0" type="stmt"/>
        <line num="298" count="0" type="stmt"/>
        <line num="300" count="0" type="stmt"/>
        <line num="313" count="0" type="stmt"/>
        <line num="318" count="0" type="stmt"/>
        <line num="327" count="0" type="stmt"/>
        <line num="328" count="0" type="stmt"/>
        <line num="329" count="0" type="stmt"/>
        <line num="331" count="0" type="stmt"/>
        <line num="332" count="0" type="stmt"/>
        <line num="334" count="0" type="stmt"/>
        <line num="338" count="0" type="stmt"/>
        <line num="339" count="0" type="stmt"/>
        <line num="341" count="0" type="stmt"/>
        <line num="343" count="0" type="stmt"/>
        <line num="348" count="0" type="stmt"/>
        <line num="350" count="0" type="stmt"/>
        <line num="356" count="0" type="cond" truecount="0" falsecount="2"/>
        <line num="369" count="0" type="stmt"/>
        <line num="385" count="0" type="cond" truecount="0" falsecount="2"/>
        <line num="389" count="0" type="stmt"/>
        <line num="397" count="0" type="cond" truecount="0" falsecount="2"/>
        <line num="398" count="0" type="stmt"/>
        <line num="407" count="0" type="stmt"/>
        <line num="424" count="0" type="stmt"/>
        <line num="426" count="0" type="stmt"/>
        <line num="435" count="0" type="stmt"/>
        <line num="442" count="0" type="stmt"/>
        <line num="443" count="0" type="stmt"/>
        <line num="444" count="0" type="cond" truecount="0" falsecount="2"/>
        <line num="446" count="0" type="stmt"/>
        <line num="458" count="0" type="stmt"/>
      </file>
      <file name="customers.tsx" path="/mnt/d/Downloads/Personal_Projects/BizPilot2/mobile/app/(tabs)/customers.tsx">
        <metrics statements="28" coveredstatements="0" conditionals="23" coveredconditionals="0" methods="13" coveredmethods="0"/>
        <line num="41" count="0" type="stmt"/>
        <line num="43" count="0" type="stmt"/>
        <line num="44" count="0" type="stmt"/>
        <line num="45" count="0" type="stmt"/>
        <line num="48" count="0" type="stmt"/>
        <line num="50" count="0" type="stmt"/>
        <line num="55" count="0" type="stmt"/>
        <line num="99" count="0" type="stmt"/>
        <line num="101" count="0" type="stmt"/>
        <line num="109" count="0" type="stmt"/>
        <line num="190" count="0" type="stmt"/>
        <line num="191" count="0" type="stmt"/>
        <line num="193" count="0" type="stmt"/>
        <line num="195" count="0" type="stmt"/>
        <line num="196" count="0" type="stmt"/>
        <line num="198" count="0" type="stmt"/>
        <line num="200" count="0" type="stmt"/>
        <line num="201" count="0" type="stmt"/>
        <line num="204" count="0" type="stmt"/>
        <line num="207" count="0" type="stmt"/>
        <line num="212" count="0" type="stmt"/>
        <line num="214" count="0" type="stmt"/>
        <line num="223" count="0" type="stmt"/>
        <line num="225" count="0" type="stmt"/>
        <line num="235" count="0" type="stmt"/>
        <line num="253" count="0" type="stmt"/>
        <line num="298" count="0" type="stmt"/>
        <line num="309" count="0" type="stmt"/>
      </file>
      <file name="dashboard.tsx" path="/mnt/d/Downloads/Personal_Projects/BizPilot2/mobile/app/(tabs)/dashboard.tsx">
        <metrics statements="45" coveredstatements="0" conditionals="46" coveredconditionals="0" methods="14" coveredmethods="0"/>
        <line num="50" count="0" type="stmt"/>
        <line num="65" count="0" type="stmt"/>
        <line num="69" count="0" type="stmt"/>
        <line num="72" count="0" type="stmt"/>
        <line num="78" count="0" type="stmt"/>
        <line num="111" count="0" type="stmt"/>
        <line num="112" count="0" type="stmt"/>
        <line num="113" count="0" type="cond" truecount="0" falsecount="2"/>
        <line num="114" count="0" type="cond" truecount="0" falsecount="2"/>
        <line num="115" count="0" type="stmt"/>
        <line num="119" count="0" type="cond" truecount="0" falsecount="2"/>
        <line num="126" count="0" type="cond" truecount="0" falsecount="2"/>
        <line num="132" count="0" type="stmt"/>
        <line num="164" count="0" type="stmt"/>
        <line num="167" count="0" type="stmt"/>
        <line num="174" count="0" type="stmt"/>
        <line num="195" count="0" type="stmt"/>
        <line num="196" count="0" type="stmt"/>
        <line num="215" count="0" type="stmt"/>
        <line num="216" count="0" type="cond" truecount="0" falsecount="2"/>
        <line num="218" count="0" type="stmt"/>
        <line num="220" count="0" type="stmt"/>
        <line num="225" count="0" type="stmt"/>
        <line num="227" count="0" type="stmt"/>
        <line num="228" count="0" type="stmt"/>
        <line num="229" count="0" type="stmt"/>
        <line num="231" count="0" type="stmt"/>
        <line num="234" count="0" type="stmt"/>
        <line num="235" count="0" type="stmt"/>
        <line num="238" count="0" type="stmt"/>
        <line num="239" count="0" type="cond" truecount="0" falsecount="2"/>
        <line num="240" count="0" type="stmt"/>
        <line num="274" count="0" type="stmt"/>
        <line num="275" count="0" type="cond" truecount="0" falsecount="4"/>
        <line num="276" count="0" type="stmt"/>
        <line num="284" count="0" type="cond" truecount="0" falsecount="4"/>
        <line num="285" count="0" type="stmt"/>
        <line num="297" count="0" type="stmt"/>
        <line num="299" count="0" type="stmt"/>
        <line num="304" count="0" type="cond" truecount="0" falsecount="2"/>
        <line num="308" count="0" type="cond" truecount="0" falsecount="2"/>
        <line num="309" count="0" type="stmt"/>
        <line num="317" count="0" type="stmt"/>
        <line num="325" count="0" type="stmt"/>
        <line num="355" count="0" type="stmt"/>
      </file>
      <file name="index.tsx" path="/mnt/d/Downloads/Personal_Projects/BizPilot2/mobile/app/(tabs)/index.tsx">
        <metrics statements="25" coveredstatements="0" conditionals="4" coveredconditionals="0" methods="9" coveredmethods="0"/>
        <line num="22" count="0" type="stmt"/>
        <line num="23" count="0" type="stmt"/>
        <line num="24" count="0" type="stmt"/>
        <line num="26" count="0" type="stmt"/>
        <line num="27" count="0" type="stmt"/>
        <line num="28" count="0" type="stmt"/>
        <line num="30" count="0" type="cond" truecount="0" falsecount="2"/>
        <line num="31" count="0" type="stmt"/>
        <line num="33" count="0" type="stmt"/>
        <line num="34" count="0" type="stmt"/>
        <line num="36" count="0" type="stmt"/>
        <line num="37" count="0" type="stmt"/>
        <line num="39" count="0" type="stmt"/>
        <line num="40" count="0" type="stmt"/>
        <line num="43" count="0" type="stmt"/>
        <line num="44" count="0" type="stmt"/>
        <line num="47" count="0" type="stmt"/>
        <line num="48" count="0" type="stmt"/>
        <line num="51" count="0" type="stmt"/>
        <line num="52" count="0" type="stmt"/>
        <line num="55" count="0" type="cond" truecount="0" falsecount="2"/>
        <line num="56" count="0" type="stmt"/>
        <line num="82" count="0" type="stmt"/>
        <line num="102" count="0" type="stmt"/>
        <line num="110" count="0" type="stmt"/>
      </file>
      <file name="orders.tsx" path="/mnt/d/Downloads/Personal_Projects/BizPilot2/mobile/app/(tabs)/orders.tsx">
        <metrics statements="38" coveredstatements="0" conditionals="34" coveredconditionals="0" methods="15" coveredmethods="0"/>
        <line num="41" count="0" type="stmt"/>
        <line num="49" count="0" type="stmt"/>
        <line num="67" count="0" type="stmt"/>
        <line num="72" count="0" type="stmt"/>
        <line num="73" count="0" type="stmt"/>
        <line num="74" count="0" type="stmt"/>
        <line num="77" count="0" type="stmt"/>
        <line num="121" count="0" type="stmt"/>
        <line num="123" count="0" type="stmt"/>
        <line num="125" count="0" type="stmt"/>
        <line num="212" count="0" type="stmt"/>
        <line num="213" count="0" type="stmt"/>
        <line num="215" count="0" type="stmt"/>
        <line num="216" count="0" type="stmt"/>
        <line num="217" count="0" type="stmt"/>
        <line num="218" count="0" type="stmt"/>
        <line num="220" count="0" type="stmt"/>
        <line num="224" count="0" type="stmt"/>
        <line num="225" count="0" type="cond" truecount="0" falsecount="2"/>
        <line num="226" count="0" type="stmt"/>
        <line num="227" count="0" type="stmt"/>
        <line num="230" count="0" type="stmt"/>
        <line num="231" count="0" type="stmt"/>
        <line num="234" count="0" type="stmt"/>
        <line num="235" count="0" type="stmt"/>
        <line num="238" count="0" type="stmt"/>
        <line num="245" count="0" type="stmt"/>
        <line num="246" count="0" type="stmt"/>
        <line num="247" count="0" type="stmt"/>
        <line num="252" count="0" type="stmt"/>
        <line num="254" count="0" type="stmt"/>
        <line num="263" count="0" type="stmt"/>
        <line num="265" count="0" type="stmt"/>
        <line num="286" count="0" type="stmt"/>
        <line num="294" count="0" type="stmt"/>
        <line num="296" count="0" type="stmt"/>
        <line num="351" count="0" type="stmt"/>
        <line num="363" count="0" type="stmt"/>
      </file>
      <file name="products.tsx" path="/mnt/d/Downloads/Personal_Projects/BizPilot2/mobile/app/(tabs)/products.tsx">
        <metrics statements="27" coveredstatements="0" conditionals="56" coveredconditionals="0" methods="11" coveredmethods="0"/>
        <line num="41" count="0" type="stmt"/>
        <line num="46" count="0" type="stmt"/>
        <line num="47" count="0" type="stmt"/>
        <line num="48" count="0" type="stmt"/>
        <line num="52" count="0" type="cond" truecount="0" falsecount="2"/>
        <line num="58" count="0" type="stmt"/>
        <line num="107" count="0" type="stmt"/>
        <line num="110" count="0" type="cond" truecount="0" falsecount="2"/>
        <line num="116" count="0" type="stmt"/>
        <line num="200" count="0" type="stmt"/>
        <line num="201" count="0" type="stmt"/>
        <line num="203" count="0" type="stmt"/>
        <line num="204" count="0" type="stmt"/>
        <line num="205" count="0" type="stmt"/>
        <line num="209" count="0" type="cond" truecount="0" falsecount="2"/>
        <line num="210" count="0" type="stmt"/>
        <line num="212" count="0" type="stmt"/>
        <line num="213" count="0" type="stmt"/>
        <line num="216" count="0" type="stmt"/>
        <line num="218" count="0" type="stmt"/>
        <line num="227" count="0" type="stmt"/>
        <line num="229" count="0" type="stmt"/>
        <line num="249" count="0" type="stmt"/>
        <line num="258" count="0" type="stmt"/>
        <line num="274" count="0" type="stmt"/>
        <line num="276" count="0" type="stmt"/>
        <line num="335" count="0" type="stmt"/>
      </file>
      <file name="settings.tsx" path="/mnt/d/Downloads/Personal_Projects/BizPilot2/mobile/app/(tabs)/settings.tsx">
        <metrics statements="15" coveredstatements="0" conditionals="23" coveredconditionals="0" methods="9" coveredmethods="0"/>
        <line num="32" count="0" type="stmt"/>
        <line num="36" count="0" type="stmt"/>
        <line num="66" count="0" type="stmt"/>
        <line num="67" count="0" type="stmt"/>
        <line num="68" count="0" type="stmt"/>
        <line num="69" count="0" type="stmt"/>
        <line num="71" count="0" type="stmt"/>
        <line num="72" count="0" type="stmt"/>
        <line num="78" count="0" type="stmt"/>
        <line num="79" count="0" type="stmt"/>
        <line num="80" count="0" type="stmt"/>
        <line num="86" count="0" type="stmt"/>
        <line num="88" count="0" type="stmt"/>
        <line num="91" count="0" type="stmt"/>
        <line num="249" count="0" type="stmt"/>
      </file>
      <file name="stock.tsx" path="/mnt/d/Downloads/Personal_Projects/BizPilot2/mobile/app/(tabs)/stock.tsx">
        <metrics statements="1" coveredstatements="0" conditionals="0" coveredconditionals="0" methods="1" coveredmethods="0"/>
        <line num="9" count="0" type="stmt"/>
      </file>
      <file name="tables.tsx" path="/mnt/d/Downloads/Personal_Projects/BizPilot2/mobile/app/(tabs)/tables.tsx">
        <metrics statements="1" coveredstatements="0" conditionals="0" coveredconditionals="0" methods="1" coveredmethods="0"/>
        <line num="9" count="0" type="stmt"/>
      </file>
    </package>
    <package name="components.accounts">
      <metrics statements="409" coveredstatements="318" conditionals="258" coveredconditionals="145" methods="145" coveredmethods="106"/>
      <file name="ARSummaryDashboard.tsx" path="/mnt/d/Downloads/Personal_Projects/BizPilot2/mobile/components/accounts/ARSummaryDashboard.tsx">
        <metrics statements="48" coveredstatements="46" conditionals="37" coveredconditionals="23" methods="18" coveredmethods="17"/>
        <line num="87" count="1" type="stmt"/>
        <line num="89" count="1" type="stmt"/>
        <line num="106" count="1" type="stmt"/>
        <line num="119" count="13" type="cond" truecount="1" falsecount="1"/>
        <line num="120" count="13" type="cond" truecount="1" falsecount="1"/>
        <line num="121" count="13" type="stmt"/>
        <line num="131" count="12" type="stmt"/>
        <line num="141" count="5" type="cond" truecount="1" falsecount="1"/>
        <line num="142" count="15" type="stmt"/>
        <line num="143" count="5" type="cond" truecount="1" falsecount="1"/>
        <line num="167" count="1" type="stmt"/>
        <line num="175" count="24" type="stmt"/>
        <line num="201" count="1" type="stmt"/>
        <line num="209" count="1" type="stmt"/>
        <line num="210" count="12" type="stmt"/>
        <line num="211" count="12" type="stmt"/>
        <line num="212" count="12" type="cond" truecount="2" falsecount="0"/>
        <line num="214" count="12" type="stmt"/>
        <line num="271" count="1" type="stmt"/>
        <line num="272" count="8" type="stmt"/>
        <line num="273" count="8" type="stmt"/>
        <line num="275" count="8" type="stmt"/>
        <line num="276" count="0" type="stmt"/>
        <line num="277" count="0" type="stmt"/>
        <line num="280" count="8" type="stmt"/>
        <line num="344" count="5" type="stmt"/>
        <line num="351" count="5" type="stmt"/>
        <line num="352" count="5" type="cond" truecount="1" falsecount="1"/>
        <line num="353" count="5" type="stmt"/>
        <line num="356" count="5" type="stmt"/>
        <line num="357" count="5" type="stmt"/>
        <line num="363" count="5" type="stmt"/>
        <line num="364" count="1" type="stmt"/>
        <line num="365" count="1" type="stmt"/>
        <line num="368" count="5" type="stmt"/>
        <line num="369" count="1" type="stmt"/>
        <line num="370" count="1" type="stmt"/>
        <line num="373" count="5" type="stmt"/>
        <line num="374" count="1" type="stmt"/>
        <line num="375" count="1" type="stmt"/>
        <line num="380" count="5" type="stmt"/>
        <line num="382" count="8" type="stmt"/>
        <line num="387" count="12" type="stmt"/>
        <line num="391" count="5" type="cond" truecount="2" falsecount="0"/>
        <line num="392" count="1" type="stmt"/>
        <line num="402" count="4" type="stmt"/>
        <line num="559" count="12" type="stmt"/>
        <line num="602" count="1" type="stmt"/>
      </file>
      <file name="AccountCreationForm.tsx" path="/mnt/d/Downloads/Personal_Projects/BizPilot2/mobile/components/accounts/AccountCreationForm.tsx">
        <metrics statements="54" coveredstatements="35" conditionals="63" coveredconditionals="29" methods="13" coveredmethods="5"/>
        <line num="59" count="1" type="stmt"/>
        <line num="61" count="1" type="stmt"/>
        <line num="70" count="1" type="stmt"/>
        <line num="77" count="1" type="stmt"/>
        <line num="99" count="10" type="stmt"/>
        <line num="101" count="10" type="cond" truecount="2" falsecount="0"/>
        <line num="102" count="5" type="cond" truecount="1" falsecount="1"/>
        <line num="103" count="5" type="stmt"/>
        <line num="104" count="0" type="cond" truecount="0" falsecount="2"/>
        <line num="105" count="0" type="stmt"/>
        <line num="109" count="10" type="cond" truecount="2" falsecount="2"/>
        <line num="110" count="0" type="cond" truecount="0" falsecount="2"/>
        <line num="111" count="0" type="stmt"/>
        <line num="115" count="10" type="cond" truecount="2" falsecount="2"/>
        <line num="116" count="0" type="cond" truecount="0" falsecount="2"/>
        <line num="117" count="0" type="stmt"/>
        <line num="121" count="10" type="cond" truecount="2" falsecount="0"/>
        <line num="122" count="5" type="stmt"/>
        <line num="123" count="5" type="cond" truecount="2" falsecount="2"/>
        <line num="124" count="5" type="stmt"/>
        <line num="125" count="0" type="cond" truecount="0" falsecount="2"/>
        <line num="126" count="0" type="stmt"/>
        <line num="127" count="0" type="cond" truecount="0" falsecount="2"/>
        <line num="128" count="0" type="stmt"/>
        <line num="132" count="10" type="stmt"/>
        <line num="145" count="5" type="stmt"/>
        <line num="146" count="5" type="stmt"/>
        <line num="147" count="5" type="stmt"/>
        <line num="148" count="5" type="stmt"/>
        <line num="149" count="5" type="stmt"/>
        <line num="152" count="5" type="stmt"/>
        <line num="154" count="5" type="stmt"/>
        <line num="155" count="0" type="cond" truecount="0" falsecount="2"/>
        <line num="159" count="5" type="stmt"/>
        <line num="161" count="5" type="stmt"/>
        <line num="177" count="5" type="stmt"/>
        <line num="178" count="5" type="stmt"/>
        <line num="182" count="5" type="stmt"/>
        <line num="189" count="5" type="stmt"/>
        <line num="192" count="5" type="cond" truecount="1" falsecount="1"/>
        <line num="196" count="5" type="stmt"/>
        <line num="197" count="0" type="cond" truecount="0" falsecount="2"/>
        <line num="199" count="0" type="stmt"/>
        <line num="210" count="0" type="stmt"/>
        <line num="223" count="5" type="stmt"/>
        <line num="254" count="0" type="stmt"/>
        <line num="276" count="0" type="stmt"/>
        <line num="300" count="0" type="stmt"/>
        <line num="325" count="0" type="stmt"/>
        <line num="346" count="25" type="stmt"/>
        <line num="347" count="25" type="stmt"/>
        <line num="351" count="0" type="stmt"/>
        <line num="399" count="1" type="stmt"/>
        <line num="405" count="1" type="stmt"/>
      </file>
      <file name="AccountDetailScreen.tsx" path="/mnt/d/Downloads/Personal_Projects/BizPilot2/mobile/components/accounts/AccountDetailScreen.tsx">
        <metrics statements="35" coveredstatements="34" conditionals="28" coveredconditionals="20" methods="13" coveredmethods="13"/>
        <line num="41" count="1" type="stmt"/>
        <line num="44" count="1" type="stmt"/>
        <line num="55" count="1" type="stmt"/>
        <line num="84" count="7" type="cond" truecount="1" falsecount="1"/>
        <line num="85" count="7" type="cond" truecount="1" falsecount="1"/>
        <line num="86" count="7" type="stmt"/>
        <line num="91" count="14" type="stmt"/>
        <line num="92" count="14" type="stmt"/>
        <line num="101" count="35" type="stmt"/>
        <line num="102" count="35" type="stmt"/>
        <line num="115" count="1" type="stmt"/>
        <line num="120" count="7" type="stmt"/>
        <line num="121" count="7" type="stmt"/>
        <line num="125" count="7" type="stmt"/>
        <line num="126" count="7" type="stmt"/>
        <line num="128" count="7" type="stmt"/>
        <line num="197" count="21" type="stmt"/>
        <line num="206" count="1" type="stmt"/>
        <line num="211" count="7" type="stmt"/>
        <line num="213" count="7" type="stmt"/>
        <line num="267" count="42" type="stmt"/>
        <line num="276" count="1" type="stmt"/>
        <line num="286" count="7" type="stmt"/>
        <line num="288" count="7" type="stmt"/>
        <line num="291" count="35" type="stmt"/>
        <line num="297" count="7" type="cond" truecount="1" falsecount="1"/>
        <line num="298" count="0" type="stmt"/>
        <line num="309" count="7" type="stmt"/>
        <line num="313" count="35" type="cond" truecount="1" falsecount="1"/>
        <line num="314" count="35" type="cond" truecount="1" falsecount="1"/>
        <line num="315" count="35" type="cond" truecount="4" falsecount="0"/>
        <line num="317" count="35" type="stmt"/>
        <line num="367" count="7" type="stmt"/>
        <line num="430" count="1" type="stmt"/>
        <line num="436" count="1" type="stmt"/>
      </file>
      <file name="AccountListScreen.tsx" path="/mnt/d/Downloads/Personal_Projects/BizPilot2/mobile/components/accounts/AccountListScreen.tsx">
        <metrics statements="13" coveredstatements="0" conditionals="10" coveredconditionals="0" methods="5" coveredmethods="0"/>
        <line num="52" count="0" type="stmt"/>
        <line num="54" count="0" type="stmt"/>
        <line num="55" count="0" type="stmt"/>
        <line num="56" count="0" type="stmt"/>
        <line num="59" count="0" type="stmt"/>
        <line num="61" count="0" type="stmt"/>
        <line num="63" count="0" type="cond" truecount="0" falsecount="2"/>
        <line num="67" count="0" type="stmt"/>
        <line num="70" count="0" type="stmt"/>
        <line num="125" count="0" type="stmt"/>
        <line num="127" count="0" type="stmt"/>
        <line num="177" count="0" type="stmt"/>
        <line num="183" count="0" type="stmt"/>
      </file>
      <file name="AgingReportDashboard.tsx" path="/mnt/d/Downloads/Personal_Projects/BizPilot2/mobile/components/accounts/AgingReportDashboard.tsx">
        <metrics statements="33" coveredstatements="31" conditionals="19" coveredconditionals="15" methods="13" coveredmethods="12"/>
        <line num="76" count="1" type="stmt"/>
        <line num="85" count="1" type="stmt"/>
        <line num="86" count="43" type="cond" truecount="1" falsecount="1"/>
        <line num="97" count="1" type="stmt"/>
        <line num="104" count="25" type="stmt"/>
        <line num="106" count="25" type="stmt"/>
        <line num="142" count="1" type="stmt"/>
        <line num="149" count="6" type="stmt"/>
        <line num="150" count="1" type="cond" truecount="1" falsecount="1"/>
        <line num="151" count="1" type="stmt"/>
        <line num="152" count="1" type="stmt"/>
        <line num="156" count="6" type="stmt"/>
        <line num="208" count="1" type="stmt"/>
        <line num="217" count="24" type="cond" truecount="2" falsecount="0"/>
        <line num="219" count="24" type="stmt"/>
        <line num="243" count="5" type="stmt"/>
        <line num="244" count="0" type="stmt"/>
        <line num="245" count="0" type="stmt"/>
        <line num="248" count="5" type="stmt"/>
        <line num="249" count="1" type="cond" truecount="1" falsecount="1"/>
        <line num="250" count="1" type="stmt"/>
        <line num="251" count="1" type="stmt"/>
        <line num="257" count="5" type="stmt"/>
        <line num="259" count="6" type="stmt"/>
        <line num="264" count="5" type="stmt"/>
        <line num="265" count="9" type="stmt"/>
        <line num="276" count="5" type="stmt"/>
        <line num="278" count="5" type="stmt"/>
        <line num="319" count="25" type="stmt"/>
        <line num="343" count="5" type="stmt"/>
        <line num="345" count="5" type="cond" truecount="2" falsecount="0"/>
        <line num="361" count="5" type="stmt"/>
        <line num="384" count="1" type="stmt"/>
      </file>
      <file name="ChargeToAccountModal.tsx" path="/mnt/d/Downloads/Personal_Projects/BizPilot2/mobile/components/accounts/ChargeToAccountModal.tsx">
        <metrics statements="18" coveredstatements="0" conditionals="10" coveredconditionals="0" methods="7" coveredmethods="0"/>
        <line num="55" count="0" type="stmt"/>
        <line num="57" count="0" type="stmt"/>
        <line num="58" count="0" type="stmt"/>
        <line num="59" count="0" type="stmt"/>
        <line num="63" count="0" type="stmt"/>
        <line num="64" count="0" type="stmt"/>
        <line num="73" count="0" type="stmt"/>
        <line num="74" count="0" type="stmt"/>
        <line num="78" count="0" type="stmt"/>
        <line num="80" count="0" type="stmt"/>
        <line num="81" count="0" type="cond" truecount="0" falsecount="2"/>
        <line num="82" count="0" type="stmt"/>
        <line num="83" count="0" type="stmt"/>
        <line num="85" count="0" type="stmt"/>
        <line num="88" count="0" type="stmt"/>
        <line num="171" count="0" type="stmt"/>
        <line num="201" count="0" type="stmt"/>
        <line num="207" count="0" type="stmt"/>
      </file>
      <file name="CollectionsQueueView.tsx" path="/mnt/d/Downloads/Personal_Projects/BizPilot2/mobile/components/accounts/CollectionsQueueView.tsx">
        <metrics statements="78" coveredstatements="70" conditionals="29" coveredconditionals="20" methods="29" coveredmethods="24"/>
        <line num="101" count="1" type="stmt"/>
        <line num="108" count="1" type="stmt"/>
        <line num="115" count="1" type="stmt"/>
        <line num="125" count="1" type="stmt"/>
        <line num="139" count="1" type="stmt"/>
        <line num="151" count="1" type="stmt"/>
        <line num="165" count="22" type="cond" truecount="2" falsecount="0"/>
        <line num="166" count="14" type="stmt"/>
        <line num="167" count="14" type="stmt"/>
        <line num="179" count="1" type="stmt"/>
        <line num="190" count="54" type="stmt"/>
        <line num="204" count="1" type="stmt"/>
        <line num="209" count="4" type="stmt"/>
        <line num="211" count="4" type="stmt"/>
        <line num="223" count="1" type="stmt"/>
        <line num="224" count="1" type="stmt"/>
        <line num="263" count="9" type="stmt"/>
        <line num="264" count="9" type="stmt"/>
        <line num="265" count="9" type="stmt"/>
        <line num="266" count="9" type="stmt"/>
        <line num="267" count="9" type="stmt"/>
        <line num="268" count="9" type="stmt"/>
        <line num="278" count="9" type="stmt"/>
        <line num="279" count="6" type="stmt"/>
        <line num="281" count="6" type="cond" truecount="2" falsecount="0"/>
        <line num="282" count="2" type="stmt"/>
        <line num="285" count="6" type="stmt"/>
        <line num="286" count="4" type="cond" truecount="1" falsecount="1"/>
        <line num="287" count="4" type="stmt"/>
        <line num="289" count="0" type="stmt"/>
        <line num="292" count="6" type="stmt"/>
        <line num="296" count="9" type="stmt"/>
        <line num="297" count="6" type="stmt"/>
        <line num="298" count="9" type="stmt"/>
        <line num="300" count="6" type="cond" truecount="2" falsecount="0"/>
        <line num="301" count="9" type="stmt"/>
        <line num="304" count="6" type="stmt"/>
        <line num="309" count="9" type="stmt"/>
        <line num="310" count="1" type="stmt"/>
        <line num="314" count="9" type="stmt"/>
        <line num="315" count="0" type="stmt"/>
        <line num="323" count="9" type="stmt"/>
        <line num="325" count="1" type="stmt"/>
        <line num="326" count="1" type="stmt"/>
        <line num="327" count="1" type="stmt"/>
        <line num="328" count="1" type="stmt"/>
        <line num="329" count="1" type="stmt"/>
        <line num="335" count="9" type="stmt"/>
        <line num="336" count="1" type="cond" truecount="3" falsecount="1"/>
        <line num="337" count="1" type="stmt"/>
        <line num="338" count="1" type="stmt"/>
        <line num="340" count="1" type="stmt"/>
        <line num="341" count="1" type="stmt"/>
        <line num="342" count="1" type="stmt"/>
        <line num="346" count="9" type="stmt"/>
        <line num="347" count="0" type="stmt"/>
        <line num="348" count="0" type="stmt"/>
        <line num="349" count="0" type="stmt"/>
        <line num="352" count="9" type="stmt"/>
        <line num="354" count="1" type="cond" truecount="1" falsecount="1"/>
        <line num="355" count="1" type="stmt"/>
        <line num="363" count="9" type="stmt"/>
        <line num="365" count="9" type="stmt"/>
        <line num="366" count="9" type="stmt"/>
        <line num="368" count="9" type="stmt"/>
        <line num="371" count="1" type="stmt"/>
        <line num="431" count="5" type="stmt"/>
        <line num="440" count="1" type="stmt"/>
        <line num="448" count="0" type="stmt"/>
        <line num="456" count="0" type="stmt"/>
        <line num="469" count="14" type="stmt"/>
        <line num="471" count="9" type="stmt"/>
        <line num="475" count="9" type="stmt"/>
        <line num="499" count="36" type="stmt"/>
        <line num="503" count="1" type="stmt"/>
        <line num="511" count="18" type="stmt"/>
        <line num="515" count="0" type="stmt"/>
        <line num="621" count="1" type="stmt"/>
      </file>
      <file name="PaymentEntryForm.tsx" path="/mnt/d/Downloads/Personal_Projects/BizPilot2/mobile/components/accounts/PaymentEntryForm.tsx">
        <metrics statements="26" coveredstatements="0" conditionals="16" coveredconditionals="0" methods="10" coveredmethods="0"/>
        <line num="40" count="0" type="stmt"/>
        <line num="56" count="0" type="stmt"/>
        <line num="57" count="0" type="stmt"/>
        <line num="58" count="0" type="stmt"/>
        <line num="60" count="0" type="stmt"/>
        <line num="61" count="0" type="stmt"/>
        <line num="62" count="0" type="cond" truecount="0" falsecount="2"/>
        <line num="65" count="0" type="stmt"/>
        <line num="66" count="0" type="stmt"/>
        <line num="75" count="0" type="stmt"/>
        <line num="76" count="0" type="stmt"/>
        <line num="80" count="0" type="cond" truecount="0" falsecount="2"/>
        <line num="82" count="0" type="stmt"/>
        <line num="83" count="0" type="stmt"/>
        <line num="87" count="0" type="stmt"/>
        <line num="88" count="0" type="cond" truecount="0" falsecount="2"/>
        <line num="89" count="0" type="stmt"/>
        <line num="90" count="0" type="stmt"/>
        <line num="92" count="0" type="stmt"/>
        <line num="95" count="0" type="stmt"/>
        <line num="134" count="0" type="stmt"/>
        <line num="137" count="0" type="stmt"/>
        <line num="153" count="0" type="stmt"/>
        <line num="159" count="0" type="stmt"/>
        <line num="222" count="0" type="stmt"/>
        <line num="228" count="0" type="stmt"/>
      </file>
      <file name="StatementView.tsx" path="/mnt/d/Downloads/Personal_Projects/BizPilot2/mobile/components/accounts/StatementView.tsx">
        <metrics statements="40" coveredstatements="40" conditionals="14" coveredconditionals="10" methods="16" coveredmethods="16"/>
        <line num="104" count="1" type="stmt"/>
        <line num="115" count="1" type="stmt"/>
        <line num="123" count="15" type="stmt"/>
        <line num="124" count="15" type="stmt"/>
        <line num="133" count="10" type="stmt"/>
        <line num="134" count="10" type="stmt"/>
        <line num="145" count="1" type="stmt"/>
        <line num="156" count="5" type="stmt"/>
        <line num="198" count="1" type="stmt"/>
        <line num="209" count="5" type="stmt"/>
        <line num="231" count="1" type="stmt"/>
        <line num="242" count="5" type="stmt"/>
        <line num="283" count="1" type="stmt"/>
        <line num="288" count="5" type="stmt"/>
        <line num="295" count="5" type="stmt"/>
        <line num="300" count="20" type="stmt"/>
        <line num="320" count="1" type="stmt"/>
        <line num="325" count="10" type="stmt"/>
        <line num="326" count="10" type="stmt"/>
        <line num="327" count="10" type="cond" truecount="2" falsecount="0"/>
        <line num="329" count="10" type="stmt"/>
        <line num="353" count="1" type="stmt"/>
        <line num="360" count="5" type="stmt"/>
        <line num="362" count="5" type="stmt"/>
        <line num="430" count="5" type="stmt"/>
        <line num="431" count="1" type="stmt"/>
        <line num="432" count="1" type="stmt"/>
        <line num="435" count="5" type="stmt"/>
        <line num="436" count="1" type="stmt"/>
        <line num="437" count="1" type="stmt"/>
        <line num="442" count="5" type="stmt"/>
        <line num="443" count="15" type="stmt"/>
        <line num="447" count="5" type="stmt"/>
        <line num="449" count="10" type="stmt"/>
        <line num="458" count="5" type="stmt"/>
        <line num="459" count="5" type="stmt"/>
        <line num="464" count="5" type="stmt"/>
        <line num="466" count="5" type="stmt"/>
        <line num="478" count="5" type="stmt"/>
        <line num="551" count="1" type="stmt"/>
      </file>
      <file name="TransactionHistoryView.tsx" path="/mnt/d/Downloads/Personal_Projects/BizPilot2/mobile/components/accounts/TransactionHistoryView.tsx">
        <metrics statements="64" coveredstatements="62" conditionals="32" coveredconditionals="28" methods="21" coveredmethods="19"/>
        <line num="46" count="1" type="stmt"/>
        <line num="59" count="1" type="stmt"/>
        <line num="67" count="1" type="stmt"/>
        <line num="75" count="1" type="stmt"/>
        <line num="110" count="30" type="stmt"/>
        <line num="111" count="30" type="stmt"/>
        <line num="121" count="30" type="stmt"/>
        <line num="122" count="30" type="stmt"/>
        <line num="130" count="36" type="stmt"/>
        <line num="141" count="7" type="stmt"/>
        <line num="142" count="30" type="stmt"/>
        <line num="145" count="7" type="stmt"/>
        <line num="146" count="7" type="stmt"/>
        <line num="148" count="7" type="stmt"/>
        <line num="149" count="36" type="stmt"/>
        <line num="150" count="36" type="cond" truecount="2" falsecount="0"/>
        <line num="151" count="30" type="stmt"/>
        <line num="152" count="30" type="stmt"/>
        <line num="154" count="36" type="stmt"/>
        <line num="157" count="7" type="stmt"/>
        <line num="165" count="1" type="stmt"/>
        <line num="174" count="35" type="stmt"/>
        <line num="189" count="1" type="stmt"/>
        <line num="194" count="30" type="stmt"/>
        <line num="195" count="30" type="stmt"/>
        <line num="201" count="30" type="cond" truecount="2" falsecount="0"/>
        <line num="202" count="30" type="cond" truecount="2" falsecount="0"/>
        <line num="204" count="30" type="stmt"/>
        <line num="240" count="1" type="stmt"/>
        <line num="245" count="30" type="stmt"/>
        <line num="253" count="1" type="stmt"/>
        <line num="254" count="1" type="stmt"/>
        <line num="266" count="1" type="stmt"/>
        <line num="275" count="6" type="stmt"/>
        <line num="326" count="7" type="stmt"/>
        <line num="327" count="7" type="stmt"/>
        <line num="328" count="7" type="stmt"/>
        <line num="337" count="7" type="stmt"/>
        <line num="339" count="7" type="stmt"/>
        <line num="348" count="7" type="stmt"/>
        <line num="351" count="7" type="stmt"/>
        <line num="352" count="7" type="stmt"/>
        <line num="353" count="7" type="stmt"/>
        <line num="355" count="7" type="stmt"/>
        <line num="356" count="36" type="cond" truecount="4" falsecount="0"/>
        <line num="357" count="24" type="stmt"/>
        <line num="359" count="12" type="stmt"/>
        <line num="363" count="7" type="stmt"/>
        <line num="372" count="7" type="stmt"/>
        <line num="373" count="0" type="stmt"/>
        <line num="377" count="78" type="stmt"/>
        <line num="379" count="7" type="stmt"/>
        <line num="380" count="60" type="cond" truecount="2" falsecount="0"/>
        <line num="381" count="30" type="stmt"/>
        <line num="383" count="30" type="stmt"/>
        <line num="386" count="7" type="stmt"/>
        <line num="393" count="7" type="stmt"/>
        <line num="394" count="7" type="cond" truecount="2" falsecount="0"/>
        <line num="395" count="6" type="stmt"/>
        <line num="406" count="7" type="stmt"/>
        <line num="434" count="35" type="stmt"/>
        <line num="438" count="0" type="stmt"/>
        <line num="501" count="1" type="stmt"/>
        <line num="507" count="1" type="stmt"/>
      </file>
      <file name="index.ts" path="/mnt/d/Downloads/Personal_Projects/BizPilot2/mobile/components/accounts/index.ts">
        <metrics statements="0" coveredstatements="0" conditionals="0" coveredconditionals="0" methods="0" coveredmethods="0"/>
      </file>
    </package>
    <package name="components.common">
      <metrics statements="95" coveredstatements="0" conditionals="113" coveredconditionals="0" methods="33" coveredmethods="0"/>
      <file name="ErrorBoundary.tsx" path="/mnt/d/Downloads/Personal_Projects/BizPilot2/mobile/components/common/ErrorBoundary.tsx">
        <metrics statements="11" coveredstatements="0" conditionals="6" coveredconditionals="0" methods="5" coveredmethods="0"/>
        <line num="32" count="0" type="stmt"/>
        <line num="33" count="0" type="stmt"/>
        <line num="37" count="0" type="stmt"/>
        <line num="43" count="0" type="stmt"/>
        <line num="46" count="0" type="stmt"/>
        <line num="47" count="0" type="stmt"/>
        <line num="51" count="0" type="cond" truecount="0" falsecount="2"/>
        <line num="52" count="0" type="cond" truecount="0" falsecount="2"/>
        <line num="53" count="0" type="stmt"/>
        <line num="56" count="0" type="stmt"/>
        <line num="105" count="0" type="stmt"/>
      </file>
      <file name="ErrorDisplay.tsx" path="/mnt/d/Downloads/Personal_Projects/BizPilot2/mobile/components/common/ErrorDisplay.tsx">
        <metrics statements="12" coveredstatements="0" conditionals="17" coveredconditionals="0" methods="3" coveredmethods="0"/>
        <line num="72" count="0" type="stmt"/>
        <line num="93" count="0" type="stmt"/>
        <line num="103" count="0" type="stmt"/>
        <line num="114" count="0" type="stmt"/>
        <line num="115" count="0" type="stmt"/>
        <line num="117" count="0" type="cond" truecount="0" falsecount="2"/>
        <line num="118" count="0" type="stmt"/>
        <line num="154" count="0" type="stmt"/>
        <line num="224" count="0" type="stmt"/>
        <line num="226" count="0" type="stmt"/>
        <line num="243" count="0" type="stmt"/>
        <line num="252" count="0" type="stmt"/>
      </file>
      <file name="LazyScreen.tsx" path="/mnt/d/Downloads/Personal_Projects/BizPilot2/mobile/components/common/LazyScreen.tsx">
        <metrics statements="5" coveredstatements="0" conditionals="3" coveredconditionals="0" methods="2" coveredmethods="0"/>
        <line num="48" count="0" type="stmt"/>
        <line num="53" count="0" type="stmt"/>
        <line num="93" count="0" type="stmt"/>
        <line num="98" count="0" type="stmt"/>
        <line num="109" count="0" type="stmt"/>
      </file>
      <file name="LoadingSpinner.tsx" path="/mnt/d/Downloads/Personal_Projects/BizPilot2/mobile/components/common/LoadingSpinner.tsx">
        <metrics statements="4" coveredstatements="0" conditionals="7" coveredconditionals="0" methods="1" coveredmethods="0"/>
        <line num="17" count="0" type="stmt"/>
        <line num="19" count="0" type="cond" truecount="0" falsecount="2"/>
        <line num="20" count="0" type="stmt"/>
        <line num="32" count="0" type="stmt"/>
      </file>
      <file name="ManualSyncButton.tsx" path="/mnt/d/Downloads/Personal_Projects/BizPilot2/mobile/components/common/ManualSyncButton.tsx">
        <metrics statements="30" coveredstatements="0" conditionals="26" coveredconditionals="0" methods="7" coveredmethods="0"/>
        <line num="36" count="0" type="stmt"/>
        <line num="38" count="0" type="stmt"/>
        <line num="39" count="0" type="stmt"/>
        <line num="40" count="0" type="stmt"/>
        <line num="43" count="0" type="stmt"/>
        <line num="44" count="0" type="stmt"/>
        <line num="46" count="0" type="stmt"/>
        <line num="47" count="0" type="stmt"/>
        <line num="48" count="0" type="stmt"/>
        <line num="55" count="0" type="stmt"/>
        <line num="58" count="0" type="stmt"/>
        <line num="59" count="0" type="stmt"/>
        <line num="60" count="0" type="stmt"/>
        <line num="63" count="0" type="stmt"/>
        <line num="64" count="0" type="cond" truecount="0" falsecount="2"/>
        <line num="66" count="0" type="cond" truecount="0" falsecount="2"/>
        <line num="67" count="0" type="stmt"/>
        <line num="71" count="0" type="stmt"/>
        <line num="74" count="0" type="stmt"/>
        <line num="75" count="0" type="stmt"/>
        <line num="77" count="0" type="stmt"/>
        <line num="78" count="0" type="stmt"/>
        <line num="79" count="0" type="stmt"/>
        <line num="81" count="0" type="stmt"/>
        <line num="82" count="0" type="stmt"/>
        <line num="84" count="0" type="stmt"/>
        <line num="88" count="0" type="stmt"/>
        <line num="93" count="0" type="stmt"/>
        <line num="97" count="0" type="stmt"/>
        <line num="128" count="0" type="stmt"/>
      </file>
      <file name="OnlineOfflineIndicator.tsx" path="/mnt/d/Downloads/Personal_Projects/BizPilot2/mobile/components/common/OnlineOfflineIndicator.tsx">
        <metrics statements="4" coveredstatements="0" conditionals="14" coveredconditionals="0" methods="2" coveredmethods="0"/>
        <line num="33" count="0" type="stmt"/>
        <line num="35" count="0" type="stmt"/>
        <line num="37" count="0" type="stmt"/>
        <line num="63" count="0" type="stmt"/>
      </file>
      <file name="PendingChangesCount.tsx" path="/mnt/d/Downloads/Personal_Projects/BizPilot2/mobile/components/common/PendingChangesCount.tsx">
        <metrics statements="8" coveredstatements="0" conditionals="14" coveredconditionals="0" methods="2" coveredmethods="0"/>
        <line num="31" count="0" type="stmt"/>
        <line num="33" count="0" type="stmt"/>
        <line num="35" count="0" type="cond" truecount="0" falsecount="4"/>
        <line num="37" count="0" type="stmt"/>
        <line num="38" count="0" type="stmt"/>
        <line num="40" count="0" type="cond" truecount="0" falsecount="2"/>
        <line num="46" count="0" type="stmt"/>
        <line num="68" count="0" type="stmt"/>
      </file>
      <file name="SyncErrorAlert.tsx" path="/mnt/d/Downloads/Personal_Projects/BizPilot2/mobile/components/common/SyncErrorAlert.tsx">
        <metrics statements="13" coveredstatements="0" conditionals="8" coveredconditionals="0" methods="6" coveredmethods="0"/>
        <line num="34" count="0" type="stmt"/>
        <line num="36" count="0" type="stmt"/>
        <line num="37" count="0" type="stmt"/>
        <line num="40" count="0" type="cond" truecount="0" falsecount="4"/>
        <line num="42" count="0" type="stmt"/>
        <line num="43" count="0" type="stmt"/>
        <line num="44" count="0" type="stmt"/>
        <line num="47" count="0" type="stmt"/>
        <line num="48" count="0" type="stmt"/>
        <line num="49" count="0" type="stmt"/>
        <line num="52" count="0" type="stmt"/>
        <line num="75" count="0" type="stmt"/>
        <line num="94" count="0" type="stmt"/>
      </file>
      <file name="SyncStatus.tsx" path="/mnt/d/Downloads/Personal_Projects/BizPilot2/mobile/components/common/SyncStatus.tsx">
        <metrics statements="8" coveredstatements="0" conditionals="18" coveredconditionals="0" methods="5" coveredmethods="0"/>
        <line num="20" count="0" type="stmt"/>
        <line num="21" count="0" type="stmt"/>
        <line num="22" count="0" type="stmt"/>
        <line num="23" count="0" type="stmt"/>
        <line num="24" count="0" type="stmt"/>
        <line num="27" count="0" type="cond" truecount="0" falsecount="2"/>
        <line num="37" count="0" type="cond" truecount="0" falsecount="2"/>
        <line num="47" count="0" type="stmt"/>
      </file>
    </package>
    <package name="components.customer-display">
      <metrics statements="60" coveredstatements="55" conditionals="57" coveredconditionals="46" methods="19" coveredmethods="16"/>
      <file name="LoyaltyDisplay.tsx" path="/mnt/d/Downloads/Personal_Projects/BizPilot2/mobile/components/customer-display/LoyaltyDisplay.tsx">
        <metrics statements="13" coveredstatements="13" conditionals="10" coveredconditionals="9" methods="4" coveredmethods="4"/>
        <line num="43" count="1" type="stmt"/>
        <line num="65" count="1" type="stmt"/>
        <line num="66" count="6" type="stmt"/>
        <line num="67" count="1" type="cond" truecount="3" falsecount="1"/>
        <line num="68" count="1" type="stmt"/>
        <line num="69" count="1" type="stmt"/>
        <line num="72" count="6" type="stmt"/>
        <line num="102" count="1" type="stmt"/>
        <line num="106" count="1" type="stmt"/>
        <line num="117" count="4" type="stmt"/>
        <line num="119" count="4" type="stmt"/>
        <line num="165" count="6" type="stmt"/>
        <line num="186" count="1" type="stmt"/>
      </file>
      <file name="OrderDisplay.tsx" path="/mnt/d/Downloads/Personal_Projects/BizPilot2/mobile/components/customer-display/OrderDisplay.tsx">
        <metrics statements="20" coveredstatements="16" conditionals="21" coveredconditionals="15" methods="8" coveredmethods="6"/>
        <line num="46" count="1" type="stmt"/>
        <line num="47" count="16" type="stmt"/>
        <line num="51" count="1" type="stmt"/>
        <line num="72" count="1" type="stmt"/>
        <line num="73" count="6" type="stmt"/>
        <line num="98" count="1" type="stmt"/>
        <line num="102" count="1" type="stmt"/>
        <line num="113" count="4" type="stmt"/>
        <line num="115" count="4" type="stmt"/>
        <line num="116" count="4" type="cond" truecount="1" falsecount="1"/>
        <line num="118" count="0" type="stmt"/>
        <line num="121" count="0" type="stmt"/>
        <line num="122" count="0" type="stmt"/>
        <line num="125" count="4" type="stmt"/>
        <line num="127" count="6" type="stmt"/>
        <line num="132" count="9" type="stmt"/>
        <line num="135" count="4" type="cond" truecount="1" falsecount="1"/>
        <line num="136" count="0" type="stmt"/>
        <line num="143" count="4" type="stmt"/>
        <line num="213" count="1" type="stmt"/>
      </file>
      <file name="PaymentDisplay.tsx" path="/mnt/d/Downloads/Personal_Projects/BizPilot2/mobile/components/customer-display/PaymentDisplay.tsx">
        <metrics statements="27" coveredstatements="26" conditionals="26" coveredconditionals="22" methods="7" coveredmethods="6"/>
        <line num="36" count="1" type="stmt"/>
        <line num="37" count="5" type="stmt"/>
        <line num="40" count="1" type="stmt"/>
        <line num="49" count="1" type="stmt"/>
        <line num="59" count="1" type="stmt"/>
        <line num="72" count="1" type="stmt"/>
        <line num="82" count="4" type="stmt"/>
        <line num="83" count="4" type="cond" truecount="2" falsecount="0"/>
        <line num="84" count="1" type="stmt"/>
        <line num="85" count="3" type="cond" truecount="2" falsecount="0"/>
        <line num="86" count="1" type="stmt"/>
        <line num="90" count="4" type="cond" truecount="1" falsecount="1"/>
        <line num="91" count="4" type="cond" truecount="1" falsecount="1"/>
        <line num="93" count="4" type="stmt"/>
        <line num="146" count="1" type="stmt"/>
        <line num="147" count="2" type="stmt"/>
        <line num="152" count="1" type="stmt"/>
        <line num="154" count="1" type="stmt"/>
        <line num="155" count="0" type="stmt"/>
        <line num="160" count="1" type="stmt"/>
        <line num="166" count="1" type="stmt"/>
        <line num="168" count="1" type="stmt"/>
        <line num="181" count="1" type="stmt"/>
        <line num="187" count="1" type="stmt"/>
        <line num="189" count="1" type="stmt"/>
        <line num="208" count="1" type="stmt"/>
        <line num="212" count="1" type="stmt"/>
      </file>
      <file name="index.ts" path="/mnt/d/Downloads/Personal_Projects/BizPilot2/mobile/components/customer-display/index.ts">
        <metrics statements="0" coveredstatements="0" conditionals="0" coveredconditionals="0" methods="0" coveredmethods="0"/>
      </file>
    </package>
    <package name="components.dashboards">
      <metrics statements="230" coveredstatements="176" conditionals="194" coveredconditionals="123" methods="72" coveredmethods="53"/>
      <file name="GaugeWidget.tsx" path="/mnt/d/Downloads/Personal_Projects/BizPilot2/mobile/components/dashboards/GaugeWidget.tsx">
        <metrics statements="34" coveredstatements="28" conditionals="22" coveredconditionals="12" methods="10" coveredmethods="9"/>
        <line num="44" count="1" type="stmt"/>
        <line num="58" count="1" type="stmt"/>
        <line num="64" count="1" type="stmt"/>
        <line num="65" count="8" type="cond" truecount="1" falsecount="3"/>
        <line num="67" count="8" type="stmt"/>
        <line num="69" count="0" type="stmt"/>
        <line num="72" count="0" type="stmt"/>
        <line num="76" count="1" type="stmt"/>
        <line num="77" count="8" type="stmt"/>
        <line num="85" count="1" type="stmt"/>
        <line num="89" count="4" type="cond" truecount="2" falsecount="0"/>
        <line num="90" count="3" type="cond" truecount="2" falsecount="0"/>
        <line num="91" count="1" type="stmt"/>
        <line num="98" count="1" type="stmt"/>
        <line num="109" count="4" type="stmt"/>
        <line num="110" count="4" type="cond" truecount="1" falsecount="1"/>
        <line num="111" count="4" type="stmt"/>
        <line num="115" count="4" type="stmt"/>
        <line num="117" count="4" type="stmt"/>
        <line num="118" count="4" type="stmt"/>
        <line num="122" count="4" type="stmt"/>
        <line num="123" count="4" type="stmt"/>
        <line num="126" count="4" type="stmt"/>
        <line num="127" count="4" type="stmt"/>
        <line num="131" count="4" type="stmt"/>
        <line num="132" count="0" type="cond" truecount="0" falsecount="2"/>
        <line num="133" count="0" type="stmt"/>
        <line num="134" count="0" type="stmt"/>
        <line num="140" count="4" type="cond" truecount="1" falsecount="1"/>
        <line num="141" count="0" type="stmt"/>
        <line num="153" count="4" type="cond" truecount="1" falsecount="1"/>
        <line num="154" count="4" type="cond" truecount="1" falsecount="1"/>
        <line num="158" count="4" type="stmt"/>
        <line num="215" count="1" type="stmt"/>
      </file>
      <file name="KPIWidget.tsx" path="/mnt/d/Downloads/Personal_Projects/BizPilot2/mobile/components/dashboards/KPIWidget.tsx">
        <metrics statements="36" coveredstatements="26" conditionals="37" coveredconditionals="20" methods="9" coveredmethods="8"/>
        <line num="49" count="1" type="stmt"/>
        <line num="50" count="3" type="cond" truecount="1" falsecount="3"/>
        <line num="52" count="3" type="stmt"/>
        <line num="54" count="0" type="stmt"/>
        <line num="57" count="0" type="stmt"/>
        <line num="65" count="1" type="stmt"/>
        <line num="66" count="3" type="stmt"/>
        <line num="74" count="1" type="stmt"/>
        <line num="77" count="3" type="cond" truecount="3" falsecount="1"/>
        <line num="79" count="1" type="stmt"/>
        <line num="81" count="0" type="stmt"/>
        <line num="84" count="2" type="stmt"/>
        <line num="92" count="1" type="stmt"/>
        <line num="110" count="1" type="stmt"/>
        <line num="124" count="3" type="stmt"/>
        <line num="125" count="3" type="cond" truecount="2" falsecount="0"/>
        <line num="126" count="2" type="cond" truecount="1" falsecount="1"/>
        <line num="127" count="0" type="cond" truecount="0" falsecount="2"/>
        <line num="128" count="0" type="cond" truecount="0" falsecount="2"/>
        <line num="129" count="0" type="stmt"/>
        <line num="132" count="3" type="stmt"/>
        <line num="133" count="3" type="cond" truecount="2" falsecount="0"/>
        <line num="134" count="2" type="cond" truecount="2" falsecount="2"/>
        <line num="135" count="0" type="stmt"/>
        <line num="138" count="3" type="stmt"/>
        <line num="140" count="3" type="stmt"/>
        <line num="143" count="3" type="stmt"/>
        <line num="144" count="0" type="cond" truecount="0" falsecount="2"/>
        <line num="145" count="0" type="stmt"/>
        <line num="146" count="0" type="stmt"/>
        <line num="152" count="3" type="cond" truecount="2" falsecount="0"/>
        <line num="153" count="1" type="stmt"/>
        <line num="165" count="2" type="cond" truecount="1" falsecount="1"/>
        <line num="166" count="2" type="cond" truecount="1" falsecount="1"/>
        <line num="170" count="2" type="stmt"/>
        <line num="216" count="1" type="stmt"/>
      </file>
      <file name="ListWidget.tsx" path="/mnt/d/Downloads/Personal_Projects/BizPilot2/mobile/components/dashboards/ListWidget.tsx">
        <metrics statements="35" coveredstatements="28" conditionals="39" coveredconditionals="19" methods="9" coveredmethods="8"/>
        <line num="54" count="1" type="stmt"/>
        <line num="70" count="1" type="stmt"/>
        <line num="80" count="1" type="stmt"/>
        <line num="81" count="8" type="cond" truecount="1" falsecount="3"/>
        <line num="83" count="8" type="stmt"/>
        <line num="85" count="0" type="stmt"/>
        <line num="88" count="0" type="stmt"/>
        <line num="92" count="1" type="stmt"/>
        <line num="93" count="8" type="stmt"/>
        <line num="108" count="1" type="stmt"/>
        <line num="109" count="8" type="stmt"/>
        <line num="110" count="0" type="cond" truecount="0" falsecount="2"/>
        <line num="111" count="0" type="stmt"/>
        <line num="112" count="0" type="stmt"/>
        <line num="115" count="8" type="stmt"/>
        <line num="116" count="8" type="stmt"/>
        <line num="117" count="8" type="stmt"/>
        <line num="122" count="8" type="cond" truecount="2" falsecount="2"/>
        <line num="129" count="8" type="cond" truecount="2" falsecount="2"/>
        <line num="135" count="8" type="cond" truecount="1" falsecount="1"/>
        <line num="136" count="8" type="cond" truecount="1" falsecount="1"/>
        <line num="140" count="8" type="stmt"/>
        <line num="201" count="1" type="stmt"/>
        <line num="209" count="3" type="stmt"/>
        <line num="210" count="3" type="cond" truecount="1" falsecount="1"/>
        <line num="211" count="0" type="stmt"/>
        <line num="214" count="10" type="stmt"/>
        <line num="216" count="3" type="stmt"/>
        <line num="218" count="8" type="stmt"/>
        <line num="226" count="3" type="cond" truecount="2" falsecount="0"/>
        <line num="227" count="1" type="stmt"/>
        <line num="241" count="2" type="cond" truecount="1" falsecount="1"/>
        <line num="242" count="0" type="stmt"/>
        <line num="256" count="2" type="stmt"/>
        <line num="277" count="1" type="stmt"/>
      </file>
      <file name="TableWidget.tsx" path="/mnt/d/Downloads/Personal_Projects/BizPilot2/mobile/components/dashboards/TableWidget.tsx">
        <metrics statements="42" coveredstatements="36" conditionals="45" coveredconditionals="30" methods="10" coveredmethods="9"/>
        <line num="56" count="1" type="stmt"/>
        <line num="71" count="1" type="stmt"/>
        <line num="78" count="1" type="stmt"/>
        <line num="82" count="12" type="cond" truecount="3" falsecount="1"/>
        <line num="84" count="12" type="cond" truecount="4" falsecount="2"/>
        <line num="86" count="4" type="stmt"/>
        <line num="88" count="4" type="stmt"/>
        <line num="90" count="0" type="stmt"/>
        <line num="92" count="0" type="stmt"/>
        <line num="99" count="4" type="stmt"/>
        <line num="103" count="1" type="stmt"/>
        <line num="104" count="4" type="stmt"/>
        <line num="123" count="1" type="stmt"/>
        <line num="124" count="6" type="cond" truecount="2" falsecount="0"/>
        <line num="125" count="6" type="cond" truecount="2" falsecount="0"/>
        <line num="127" count="6" type="stmt"/>
        <line num="128" count="1" type="cond" truecount="1" falsecount="1"/>
        <line num="129" count="1" type="stmt"/>
        <line num="130" count="1" type="stmt"/>
        <line num="133" count="6" type="cond" truecount="1" falsecount="1"/>
        <line num="139" count="6" type="stmt"/>
        <line num="177" count="1" type="stmt"/>
        <line num="179" count="4" type="cond" truecount="2" falsecount="0"/>
        <line num="181" count="4" type="stmt"/>
        <line num="182" count="0" type="cond" truecount="0" falsecount="2"/>
        <line num="183" count="0" type="stmt"/>
        <line num="184" count="0" type="stmt"/>
        <line num="187" count="4" type="cond" truecount="1" falsecount="1"/>
        <line num="188" count="4" type="cond" truecount="1" falsecount="1"/>
        <line num="192" count="4" type="stmt"/>
        <line num="199" count="12" type="cond" truecount="2" falsecount="0"/>
        <line num="200" count="12" type="cond" truecount="2" falsecount="0"/>
        <line num="201" count="12" type="stmt"/>
        <line num="224" count="1" type="stmt"/>
        <line num="238" count="3" type="cond" truecount="1" falsecount="1"/>
        <line num="239" count="0" type="stmt"/>
        <line num="253" count="3" type="cond" truecount="2" falsecount="0"/>
        <line num="254" count="1" type="stmt"/>
        <line num="268" count="2" type="stmt"/>
        <line num="280" count="6" type="stmt"/>
        <line num="297" count="4" type="stmt"/>
        <line num="316" count="1" type="stmt"/>
      </file>
      <file name="WidgetConfigPanel.tsx" path="/mnt/d/Downloads/Personal_Projects/BizPilot2/mobile/components/dashboards/WidgetConfigPanel.tsx">
        <metrics statements="46" coveredstatements="29" conditionals="27" coveredconditionals="25" methods="19" coveredmethods="8"/>
        <line num="63" count="1" type="stmt"/>
        <line num="87" count="1" type="stmt"/>
        <line num="96" count="1" type="stmt"/>
        <line num="104" count="1" type="stmt"/>
        <line num="117" count="1" type="stmt"/>
        <line num="118" count="10" type="stmt"/>
        <line num="122" count="1" type="stmt"/>
        <line num="131" count="4" type="stmt"/>
        <line num="132" count="0" type="stmt"/>
        <line num="133" count="0" type="stmt"/>
        <line num="136" count="4" type="stmt"/>
        <line num="159" count="1" type="stmt"/>
        <line num="170" count="2" type="stmt"/>
        <line num="171" count="0" type="stmt"/>
        <line num="175" count="2" type="stmt"/>
        <line num="176" count="0" type="stmt"/>
        <line num="180" count="2" type="stmt"/>
        <line num="182" count="0" type="stmt"/>
        <line num="183" count="0" type="stmt"/>
        <line num="188" count="2" type="stmt"/>
        <line num="190" count="0" type="stmt"/>
        <line num="191" count="0" type="stmt"/>
        <line num="196" count="2" type="stmt"/>
        <line num="198" count="0" type="stmt"/>
        <line num="199" count="0" type="stmt"/>
        <line num="204" count="2" type="stmt"/>
        <line num="205" count="1" type="stmt"/>
        <line num="206" count="1" type="stmt"/>
        <line num="209" count="2" type="stmt"/>
        <line num="210" count="0" type="stmt"/>
        <line num="211" count="0" type="stmt"/>
        <line num="214" count="2" type="stmt"/>
        <line num="215" count="0" type="stmt"/>
        <line num="216" count="0" type="stmt"/>
        <line num="221" count="2" type="stmt"/>
        <line num="251" count="4" type="stmt"/>
        <line num="264" count="10" type="stmt"/>
        <line num="265" count="10" type="stmt"/>
        <line num="270" count="0" type="stmt"/>
        <line num="290" count="8" type="stmt"/>
        <line num="291" count="8" type="stmt"/>
        <line num="296" count="0" type="stmt"/>
        <line num="311" count="10" type="stmt"/>
        <line num="312" count="10" type="stmt"/>
        <line num="321" count="0" type="stmt"/>
        <line num="378" count="1" type="stmt"/>
      </file>
      <file name="WidgetLibrary.tsx" path="/mnt/d/Downloads/Personal_Projects/BizPilot2/mobile/components/dashboards/WidgetLibrary.tsx">
        <metrics statements="37" coveredstatements="29" conditionals="24" coveredconditionals="17" methods="15" coveredmethods="11"/>
        <line num="62" count="1" type="stmt"/>
        <line num="82" count="1" type="stmt"/>
        <line num="92" count="1" type="stmt"/>
        <line num="105" count="1" type="stmt"/>
        <line num="118" count="18" type="stmt"/>
        <line num="119" count="0" type="stmt"/>
        <line num="120" count="0" type="stmt"/>
        <line num="123" count="18" type="stmt"/>
        <line num="136" count="1" type="stmt"/>
        <line num="143" count="7" type="stmt"/>
        <line num="144" count="1" type="stmt"/>
        <line num="145" count="1" type="stmt"/>
        <line num="152" count="7" type="cond" truecount="1" falsecount="2"/>
        <line num="153" count="22" type="cond" truecount="1" falsecount="1"/>
        <line num="155" count="7" type="stmt"/>
        <line num="192" count="1" type="stmt"/>
        <line num="204" count="3" type="stmt"/>
        <line num="205" count="3" type="stmt"/>
        <line num="206" count="3" type="cond" truecount="4" falsecount="0"/>
        <line num="207" count="3" type="stmt"/>
        <line num="209" count="3" type="cond" truecount="1" falsecount="1"/>
        <line num="210" count="0" type="stmt"/>
        <line num="211" count="0" type="stmt"/>
        <line num="213" count="0" type="cond" truecount="0" falsecount="2"/>
        <line num="217" count="3" type="stmt"/>
        <line num="220" count="12" type="stmt"/>
        <line num="222" count="3" type="stmt"/>
        <line num="224" count="7" type="stmt"/>
        <line num="230" count="3" type="stmt"/>
        <line num="232" count="3" type="stmt"/>
        <line num="243" count="3" type="stmt"/>
        <line num="244" count="0" type="stmt"/>
        <line num="245" count="0" type="stmt"/>
        <line num="250" count="3" type="stmt"/>
        <line num="279" count="0" type="stmt"/>
        <line num="288" count="18" type="stmt"/>
        <line num="318" count="1" type="stmt"/>
      </file>
      <file name="index.ts" path="/mnt/d/Downloads/Personal_Projects/BizPilot2/mobile/components/dashboards/index.ts">
        <metrics statements="0" coveredstatements="0" conditionals="0" coveredconditionals="0" methods="0" coveredmethods="0"/>
      </file>
    </package>
    <package name="components.delivery">
      <metrics statements="22" coveredstatements="21" conditionals="13" coveredconditionals="9" methods="9" coveredmethods="9"/>
      <file name="MapView.tsx" path="/mnt/d/Downloads/Personal_Projects/BizPilot2/mobile/components/delivery/MapView.tsx">
        <metrics statements="22" coveredstatements="21" conditionals="13" coveredconditionals="9" methods="9" coveredmethods="9"/>
        <line num="55" count="1" type="stmt"/>
        <line num="76" count="1" type="stmt"/>
        <line num="88" count="1" type="stmt"/>
        <line num="93" count="6" type="stmt"/>
        <line num="94" count="6" type="stmt"/>
        <line num="108" count="1" type="stmt"/>
        <line num="117" count="6" type="stmt"/>
        <line num="118" count="1" type="stmt"/>
        <line num="119" count="1" type="stmt"/>
        <line num="122" count="6" type="stmt"/>
        <line num="175" count="3" type="stmt"/>
        <line num="177" count="3" type="stmt"/>
        <line num="178" count="6" type="cond" truecount="2" falsecount="0"/>
        <line num="185" count="3" type="stmt"/>
        <line num="187" count="6" type="stmt"/>
        <line num="196" count="9" type="stmt"/>
        <line num="200" count="3" type="stmt"/>
        <line num="202" count="3" type="stmt"/>
        <line num="215" count="3" type="cond" truecount="1" falsecount="1"/>
        <line num="216" count="0" type="stmt"/>
        <line num="226" count="3" type="stmt"/>
        <line num="271" count="1" type="stmt"/>
      </file>
      <file name="index.ts" path="/mnt/d/Downloads/Personal_Projects/BizPilot2/mobile/components/delivery/index.ts">
        <metrics statements="0" coveredstatements="0" conditionals="0" coveredconditionals="0" methods="0" coveredmethods="0"/>
      </file>
    </package>
    <package name="components.general-ledger">
      <metrics statements="45" coveredstatements="33" conditionals="23" coveredconditionals="14" methods="17" coveredmethods="11"/>
      <file name="ReportExportView.tsx" path="/mnt/d/Downloads/Personal_Projects/BizPilot2/mobile/components/general-ledger/ReportExportView.tsx">
        <metrics statements="45" coveredstatements="33" conditionals="23" coveredconditionals="14" methods="17" coveredmethods="11"/>
        <line num="63" count="1" type="stmt"/>
        <line num="83" count="1" type="stmt"/>
        <line num="91" count="1" type="stmt"/>
        <line num="99" count="1" type="stmt"/>
        <line num="107" count="1" type="stmt"/>
        <line num="118" count="1" type="stmt"/>
        <line num="129" count="1" type="stmt"/>
        <line num="130" count="6" type="stmt"/>
        <line num="131" count="6" type="stmt"/>
        <line num="139" count="0" type="stmt"/>
        <line num="148" count="1" type="stmt"/>
        <line num="157" count="12" type="stmt"/>
        <line num="158" count="0" type="stmt"/>
        <line num="159" count="0" type="stmt"/>
        <line num="162" count="12" type="stmt"/>
        <line num="177" count="1" type="stmt"/>
        <line num="192" count="12" type="stmt"/>
        <line num="193" count="0" type="stmt"/>
        <line num="194" count="0" type="stmt"/>
        <line num="197" count="12" type="stmt"/>
        <line num="214" count="1" type="stmt"/>
        <line num="225" count="6" type="stmt"/>
        <line num="226" count="6" type="cond" truecount="1" falsecount="1"/>
        <line num="228" count="6" type="stmt"/>
        <line num="229" count="0" type="stmt"/>
        <line num="230" count="0" type="stmt"/>
        <line num="233" count="6" type="stmt"/>
        <line num="234" count="0" type="stmt"/>
        <line num="235" count="0" type="stmt"/>
        <line num="238" count="6" type="stmt"/>
        <line num="239" count="0" type="stmt"/>
        <line num="240" count="0" type="stmt"/>
        <line num="243" count="6" type="stmt"/>
        <line num="319" count="1" type="stmt"/>
        <line num="332" count="9" type="stmt"/>
        <line num="335" count="3" type="stmt"/>
        <line num="337" count="6" type="stmt"/>
        <line num="348" count="3" type="stmt"/>
        <line num="350" count="3" type="stmt"/>
        <line num="363" count="3" type="stmt"/>
        <line num="377" count="12" type="stmt"/>
        <line num="381" count="0" type="stmt"/>
        <line num="389" count="12" type="stmt"/>
        <line num="417" count="3" type="stmt"/>
        <line num="428" count="1" type="stmt"/>
      </file>
      <file name="index.ts" path="/mnt/d/Downloads/Personal_Projects/BizPilot2/mobile/components/general-ledger/index.ts">
        <metrics statements="0" coveredstatements="0" conditionals="0" coveredconditionals="0" methods="0" coveredmethods="0"/>
      </file>
    </package>
    <package name="components.integrations">
      <metrics statements="189" coveredstatements="146" conditionals="174" coveredconditionals="111" methods="69" coveredmethods="49"/>
      <file name="AccountMappingView.tsx" path="/mnt/d/Downloads/Personal_Projects/BizPilot2/mobile/components/integrations/AccountMappingView.tsx">
        <metrics statements="41" coveredstatements="28" conditionals="48" coveredconditionals="35" methods="20" coveredmethods="13"/>
        <line num="76" count="1" type="stmt"/>
        <line num="91" count="1" type="stmt"/>
        <line num="100" count="1" type="stmt"/>
        <line num="113" count="4" type="stmt"/>
        <line num="121" count="1" type="stmt"/>
        <line num="132" count="2" type="stmt"/>
        <line num="135" count="10" type="stmt"/>
        <line num="136" count="10" type="stmt"/>
        <line num="140" count="0" type="stmt"/>
        <line num="141" count="0" type="stmt"/>
        <line num="168" count="1" type="stmt"/>
        <line num="177" count="4" type="stmt"/>
        <line num="179" count="4" type="stmt"/>
        <line num="180" count="0" type="stmt"/>
        <line num="181" count="0" type="cond" truecount="0" falsecount="2"/>
        <line num="182" count="0" type="stmt"/>
        <line num="184" count="0" type="stmt"/>
        <line num="188" count="4" type="stmt"/>
        <line num="236" count="4" type="stmt"/>
        <line num="266" count="1" type="stmt"/>
        <line num="280" count="2" type="stmt"/>
        <line num="281" count="2" type="stmt"/>
        <line num="282" count="4" type="stmt"/>
        <line num="287" count="2" type="stmt"/>
        <line num="289" count="4" type="stmt"/>
        <line num="291" count="0" type="stmt"/>
        <line num="292" count="0" type="stmt"/>
        <line num="298" count="2" type="stmt"/>
        <line num="299" count="6" type="stmt"/>
        <line num="303" count="2" type="stmt"/>
        <line num="305" count="0" type="stmt"/>
        <line num="317" count="2" type="stmt"/>
        <line num="323" count="0" type="stmt"/>
        <line num="324" count="0" type="stmt"/>
        <line num="364" count="1" type="stmt"/>
        <line num="365" count="1" type="stmt"/>
        <line num="370" count="2" type="stmt"/>
        <line num="402" count="0" type="stmt"/>
        <line num="405" count="0" type="stmt"/>
        <line num="412" count="2" type="stmt"/>
        <line num="438" count="1" type="stmt"/>
      </file>
      <file name="SageConnectionPanel.tsx" path="/mnt/d/Downloads/Personal_Projects/BizPilot2/mobile/components/integrations/SageConnectionPanel.tsx">
[...]
        <line num="136" count="5" type="stmt"/>
        <line num="137" count="5" type="stmt"/>
        <line num="141" count="4" type="stmt"/>
      </file>
      <file name="heldCartsStore.ts" path="/mnt/d/Downloads/Personal_Projects/BizPilot2/mobile/stores/heldCartsStore.ts">
        <metrics statements="16" coveredstatements="16" conditionals="6" coveredconditionals="6" methods="9" coveredmethods="9"/>
        <line num="64" count="13" type="stmt"/>
        <line num="71" count="2" type="stmt"/>
        <line num="76" count="14" type="stmt"/>
        <line num="77" count="14" type="cond" truecount="2" falsecount="0"/>
        <line num="78" count="1" type="stmt"/>
        <line num="81" count="13" type="stmt"/>
        <line num="82" count="13" type="stmt"/>
        <line num="88" count="13" type="stmt"/>
        <line num="89" count="13" type="stmt"/>
        <line num="93" count="2" type="stmt"/>
        <line num="94" count="2" type="cond" truecount="2" falsecount="0"/>
        <line num="95" count="2" type="cond" truecount="2" falsecount="0"/>
        <line num="96" count="1" type="stmt"/>
        <line num="98" count="2" type="stmt"/>
        <line num="102" count="4" type="stmt"/>
        <line num="105" count="2" type="stmt"/>
      </file>
      <file name="pmsStore.ts" path="/mnt/d/Downloads/Personal_Projects/BizPilot2/mobile/stores/pmsStore.ts">
        <metrics statements="24" coveredstatements="24" conditionals="8" coveredconditionals="7" methods="21" coveredmethods="21"/>
        <line num="87" count="3" type="stmt"/>
        <line num="101" count="3" type="stmt"/>
        <line num="103" count="3" type="stmt"/>
        <line num="106" count="23" type="stmt"/>
        <line num="108" count="3" type="stmt"/>
        <line num="110" count="1" type="stmt"/>
        <line num="113" count="18" type="stmt"/>
        <line num="115" count="18" type="stmt"/>
        <line num="116" count="4" type="cond" truecount="2" falsecount="0"/>
        <line num="118" count="18" type="cond" truecount="2" falsecount="0"/>
        <line num="119" count="16" type="stmt"/>
        <line num="123" count="1" type="stmt"/>
        <line num="124" count="1" type="stmt"/>
        <line num="128" count="1" type="stmt"/>
        <line num="130" count="1" type="cond" truecount="1" falsecount="1"/>
        <line num="134" count="8" type="stmt"/>
        <line num="136" count="1" type="stmt"/>
        <line num="138" count="16" type="stmt"/>
        <line num="140" count="37" type="stmt"/>
        <line num="142" count="2" type="stmt"/>
        <line num="145" count="3" type="stmt"/>
        <line num="146" count="3" type="cond" truecount="2" falsecount="0"/>
        <line num="151" count="3" type="stmt"/>
        <line num="158" count="109" type="stmt"/>
      </file>
      <file name="settingsStore.ts" path="/mnt/d/Downloads/Personal_Projects/BizPilot2/mobile/stores/settingsStore.ts">
        <metrics statements="4" coveredstatements="0" conditionals="0" coveredconditionals="0" methods="6" coveredmethods="0"/>
        <line num="40" count="0" type="stmt"/>
        <line num="53" count="0" type="stmt"/>
        <line num="56" count="0" type="stmt"/>
        <line num="58" count="0" type="stmt"/>
      </file>
      <file name="syncStore.ts" path="/mnt/d/Downloads/Personal_Projects/BizPilot2/mobile/stores/syncStore.ts">
        <metrics statements="11" coveredstatements="6" conditionals="7" coveredconditionals="0" methods="14" coveredmethods="8"/>
        <line num="35" count="1" type="stmt"/>
        <line num="46" count="34" type="stmt"/>
        <line num="48" count="0" type="stmt"/>
        <line num="50" count="0" type="stmt"/>
        <line num="57" count="0" type="stmt"/>
        <line num="60" count="0" type="stmt"/>
        <line num="61" count="0" type="stmt"/>
        <line num="62" count="8" type="stmt"/>
        <line num="63" count="3" type="stmt"/>
        <line num="64" count="5" type="stmt"/>
        <line num="68" count="2" type="cond" truecount="0" falsecount="1"/>
      </file>
    </package>
    <package name="types">
      <metrics statements="0" coveredstatements="0" conditionals="0" coveredconditionals="0" methods="0" coveredmethods="0"/>
      <file name="index.ts" path="/mnt/d/Downloads/Personal_Projects/BizPilot2/mobile/types/index.ts">
        <metrics statements="0" coveredstatements="0" conditionals="0" coveredconditionals="0" methods="0" coveredmethods="0"/>
      </file>
      <file name="pms.ts" path="/mnt/d/Downloads/Personal_Projects/BizPilot2/mobile/types/pms.ts">
        <metrics statements="0" coveredstatements="0" conditionals="0" coveredconditionals="0" methods="0" coveredmethods="0"/>
      </file>
      <file name="pos.ts" path="/mnt/d/Downloads/Personal_Projects/BizPilot2/mobile/types/pos.ts">
        <metrics statements="0" coveredstatements="0" conditionals="0" coveredconditionals="0" methods="0" coveredmethods="0"/>
      </file>
    </package>
    <package name="utils">
      <metrics statements="227" coveredstatements="101" conditionals="160" coveredconditionals="48" methods="57" coveredmethods="21"/>
      <file name="StartupProfiler.ts" path="/mnt/d/Downloads/Personal_Projects/BizPilot2/mobile/utils/StartupProfiler.ts">
        <metrics statements="26" coveredstatements="26" conditionals="8" coveredconditionals="8" methods="5" coveredmethods="5"/>
        <line num="41" count="1" type="stmt"/>
        <line num="42" count="1" type="stmt"/>
        <line num="43" count="1" type="stmt"/>
        <line num="49" count="7" type="stmt"/>
        <line num="61" count="7" type="stmt"/>
        <line num="62" count="7" type="cond" truecount="2" falsecount="0"/>
        <line num="63" count="1" type="stmt"/>
        <line num="64" count="1" type="stmt"/>
        <line num="66" count="6" type="stmt"/>
        <line num="67" count="6" type="stmt"/>
        <line num="74" count="8" type="stmt"/>
        <line num="75" count="8" type="stmt"/>
        <line num="77" count="8" type="stmt"/>
        <line num="78" count="6" type="stmt"/>
        <line num="85" count="8" type="stmt"/>
        <line num="93" count="3" type="cond" truecount="2" falsecount="0"/>
        <line num="94" count="2" type="stmt"/>
        <line num="96" count="2" type="stmt"/>
        <line num="98" count="2" type="stmt"/>
        <line num="99" count="2" type="stmt"/>
        <line num="100" count="2" type="cond" truecount="2" falsecount="0"/>
        <line num="101" count="2" type="stmt"/>
        <line num="109" count="9" type="stmt"/>
        <line num="110" count="9" type="stmt"/>
        <line num="111" count="9" type="stmt"/>
        <line num="119" count="1" type="stmt"/>
      </file>
      <file name="constants.ts" path="/mnt/d/Downloads/Personal_Projects/BizPilot2/mobile/utils/constants.ts">
        <metrics statements="19" coveredstatements="19" conditionals="2" coveredconditionals="2" methods="0" coveredmethods="0"/>
        <line num="22" count="18" type="cond" truecount="2" falsecount="0"/>
        <line num="25" count="18" type="stmt"/>
        <line num="28" count="18" type="stmt"/>
        <line num="31" count="18" type="stmt"/>
        <line num="38" count="18" type="stmt"/>
        <line num="41" count="18" type="stmt"/>
        <line num="44" count="18" type="stmt"/>
        <line num="47" count="18" type="stmt"/>
        <line num="54" count="18" type="stmt"/>
        <line num="57" count="18" type="stmt"/>
        <line num="60" count="18" type="stmt"/>
        <line num="63" count="18" type="stmt"/>
        <line num="73" count="18" type="stmt"/>
        <line num="76" count="18" type="stmt"/>
        <line num="79" count="18" type="stmt"/>
        <line num="86" count="18" type="stmt"/>
        <line num="89" count="18" type="stmt"/>
        <line num="92" count="18" type="stmt"/>
        <line num="95" count="18" type="stmt"/>
      </file>
      <file name="errorRecovery.ts" path="/mnt/d/Downloads/Personal_Projects/BizPilot2/mobile/utils/errorRecovery.ts">
        <metrics statements="38" coveredstatements="0" conditionals="29" coveredconditionals="0" methods="8" coveredmethods="0"/>
        <line num="64" count="0" type="stmt"/>
        <line num="68" count="0" type="stmt"/>
        <line num="69" count="0" type="stmt"/>
        <line num="70" count="0" type="stmt"/>
        <line num="72" count="0" type="stmt"/>
        <line num="75" count="0" type="cond" truecount="0" falsecount="4"/>
        <line num="76" count="0" type="stmt"/>
        <line num="80" count="0" type="cond" truecount="0" falsecount="2"/>
        <line num="81" count="0" type="stmt"/>
        <line num="85" count="0" type="stmt"/>
        <line num="88" count="0" type="stmt"/>
        <line num="90" count="0" type="stmt"/>
        <line num="91" count="0" type="stmt"/>
        <line num="95" count="0" type="stmt"/>
        <line num="114" count="0" type="cond" truecount="0" falsecount="1"/>
        <line num="118" count="0" type="stmt"/>
        <line num="119" count="0" type="stmt"/>
        <line num="120" count="0" type="stmt"/>
        <line num="124" count="0" type="stmt"/>
        <line num="125" count="0" type="stmt"/>
        <line num="126" count="0" type="stmt"/>
        <line num="127" count="0" type="stmt"/>
        <line num="129" count="0" type="stmt"/>
        <line num="130" count="0" type="stmt"/>
        <line num="147" count="0" type="cond" truecount="0" falsecount="2"/>
        <line num="148" count="0" type="stmt"/>
        <line num="151" count="0" type="cond" truecount="0" falsecount="2"/>
        <line num="158" count="0" type="stmt"/>
        <line num="163" count="0" type="cond" truecount="0" falsecount="5"/>
        <line num="164" count="0" type="stmt"/>
        <line num="166" count="0" type="cond" truecount="0" falsecount="2"/>
        <line num="169" count="0" type="cond" truecount="0" falsecount="2"/>
        <line num="173" count="0" type="stmt"/>
        <line num="193" count="0" type="stmt"/>
        <line num="194" count="0" type="stmt"/>
        <line num="196" count="0" type="stmt"/>
        <line num="197" count="0" type="stmt"/>
        <line num="206" count="0" type="stmt"/>
      </file>
      <file name="formatters.ts" path="/mnt/d/Downloads/Personal_Projects/BizPilot2/mobile/utils/formatters.ts">
        <metrics statements="20" coveredstatements="7" conditionals="10" coveredconditionals="2" methods="6" coveredmethods="3"/>
        <line num="26" count="345" type="stmt"/>
        <line num="45" count="0" type="stmt"/>
        <line num="61" count="0" type="stmt"/>
        <line num="75" count="0" type="stmt"/>
        <line num="76" count="0" type="stmt"/>
        <line num="77" count="0" type="stmt"/>
        <line num="78" count="0" type="stmt"/>
        <line num="79" count="0" type="stmt"/>
        <line num="80" count="0" type="stmt"/>
        <line num="82" count="0" type="cond" truecount="0" falsecount="2"/>
        <line num="83" count="0" type="cond" truecount="0" falsecount="2"/>
        <line num="84" count="0" type="cond" truecount="0" falsecount="2"/>
        <line num="85" count="0" type="cond" truecount="0" falsecount="2"/>
        <line num="86" count="0" type="stmt"/>
        <line num="98" count="3" type="cond" truecount="2" falsecount="0"/>
        <line num="99" count="2" type="stmt"/>
        <line num="101" count="1" type="stmt"/>
        <line num="113" count="3218" type="stmt"/>
        <line num="114" count="3218" type="stmt"/>
        <line num="115" count="3218" type="stmt"/>
      </file>
      <file name="haptics.ts" path="/mnt/d/Downloads/Personal_Projects/BizPilot2/mobile/utils/haptics.ts">
        <metrics statements="21" coveredstatements="0" conditionals="13" coveredconditionals="0" methods="5" coveredmethods="0"/>
        <line num="38" count="0" type="cond" truecount="0" falsecount="2"/>
        <line num="56" count="0" type="stmt"/>
        <line num="57" count="0" type="cond" truecount="0" falsecount="4"/>
        <line num="59" count="0" type="cond" truecount="0" falsecount="7"/>
        <line num="61" count="0" type="stmt"/>
        <line num="62" count="0" type="stmt"/>
        <line num="65" count="0" type="stmt"/>
        <line num="66" count="0" type="stmt"/>
        <line num="69" count="0" type="stmt"/>
        <line num="70" count="0" type="stmt"/>
        <line num="73" count="0" type="stmt"/>
        <line num="74" count="0" type="stmt"/>
        <line num="77" count="0" type="stmt"/>
        <line num="78" count="0" type="stmt"/>
        <line num="81" count="0" type="stmt"/>
        <line num="82" count="0" type="stmt"/>
        <line num="86" count="0" type="stmt"/>
        <line num="96" count="0" type="stmt"/>
        <line num="101" count="0" type="stmt"/>
        <line num="106" count="0" type="stmt"/>
        <line num="111" count="0" type="stmt"/>
      </file>
      <file name="logger.ts" path="/mnt/d/Downloads/Personal_Projects/BizPilot2/mobile/utils/logger.ts">
        <metrics statements="37" coveredstatements="0" conditionals="31" coveredconditionals="0" methods="14" coveredmethods="0"/>
        <line num="52" count="0" type="stmt"/>
        <line num="55" count="0" type="cond" truecount="0" falsecount="2"/>
        <line num="57" count="0" type="stmt"/>
        <line num="68" count="0" type="stmt"/>
        <line num="81" count="0" type="cond" truecount="0" falsecount="2"/>
        <line num="83" count="0" type="stmt"/>
        <line num="92" count="0" type="stmt"/>
        <line num="93" count="0" type="cond" truecount="0" falsecount="2"/>
        <line num="94" count="0" type="stmt"/>
        <line num="98" count="0" type="cond" truecount="0" falsecount="2"/>
        <line num="99" count="0" type="stmt"/>
        <line num="100" count="0" type="cond" truecount="0" falsecount="4"/>
        <line num="102" count="0" type="cond" truecount="0" falsecount="2"/>
        <line num="103" count="0" type="stmt"/>
        <line num="105" count="0" type="cond" truecount="0" falsecount="2"/>
        <line num="106" count="0" type="stmt"/>
        <line num="108" count="0" type="cond" truecount="0" falsecount="2"/>
        <line num="109" count="0" type="stmt"/>
        <line num="111" count="0" type="cond" truecount="0" falsecount="2"/>
        <line num="112" count="0" type="stmt"/>
        <line num="121" count="0" type="stmt"/>
        <line num="124" count="0" type="stmt"/>
        <line num="128" count="0" type="stmt"/>
        <line num="132" count="0" type="stmt"/>
        <line num="136" count="0" type="stmt"/>
        <line num="142" count="0" type="stmt"/>
        <line num="150" count="0" type="stmt"/>
        <line num="151" count="0" type="cond" truecount="0" falsecount="4"/>
        <line num="152" count="0" type="cond" truecount="0" falsecount="2"/>
        <line num="156" count="0" type="stmt"/>
        <line num="157" count="0" type="stmt"/>
        <line num="166" count="0" type="stmt"/>
        <line num="173" count="0" type="stmt"/>
        <line num="176" count="0" type="stmt"/>
        <line num="185" count="0" type="stmt"/>
        <line num="190" count="0" type="stmt"/>
        <line num="194" count="0" type="stmt"/>
      </file>
      <file name="priceCalculator.ts" path="/mnt/d/Downloads/Personal_Projects/BizPilot2/mobile/utils/priceCalculator.ts">
        <metrics statements="27" coveredstatements="27" conditionals="8" coveredconditionals="8" methods="7" coveredmethods="7"/>
        <line num="71" count="32063" type="stmt"/>
        <line num="84" count="6969" type="stmt"/>
        <line num="85" count="6969" type="stmt"/>
        <line num="86" count="6969" type="stmt"/>
        <line num="107" count="1328" type="stmt"/>
        <line num="110" count="1328" type="stmt"/>
        <line num="111" count="6891" type="stmt"/>
        <line num="115" count="1321" type="stmt"/>
        <line num="116" count="1321" type="stmt"/>
        <line num="123" count="1321" type="cond" truecount="2" falsecount="0"/>
        <line num="126" count="921" type="stmt"/>
        <line num="127" count="921" type="stmt"/>
        <line num="128" count="921" type="stmt"/>
        <line num="131" count="400" type="stmt"/>
        <line num="132" count="400" type="stmt"/>
        <line num="133" count="400" type="stmt"/>
        <line num="136" count="1321" type="stmt"/>
        <line num="156" count="603" type="stmt"/>
        <line num="157" count="603" type="stmt"/>
        <line num="167" count="302" type="stmt"/>
        <line num="181" count="405" type="stmt"/>
        <line num="182" count="405" type="stmt"/>
        <line num="184" count="405" type="stmt"/>
        <line num="185" count="2430" type="stmt"/>
        <line num="186" count="2430" type="cond" truecount="4" falsecount="0"/>
        <line num="187" count="1635" type="stmt"/>
        <line num="191" count="405" type="stmt"/>
      </file>
      <file name="remoteErrorLogger.ts" path="/mnt/d/Downloads/Personal_Projects/BizPilot2/mobile/utils/remoteErrorLogger.ts">
        <metrics statements="17" coveredstatements="0" conditionals="31" coveredconditionals="0" methods="6" coveredmethods="0"/>
        <line num="72" count="0" type="cond" truecount="0" falsecount="2"/>
        <line num="73" count="0" type="cond" truecount="0" falsecount="2"/>
        <line num="75" count="0" type="stmt"/>
        <line num="81" count="0" type="cond" truecount="0" falsecount="2"/>
        <line num="83" count="0" type="stmt"/>
        <line num="97" count="0" type="cond" truecount="0" falsecount="2"/>
        <line num="99" count="0" type="stmt"/>
        <line num="104" count="0" type="cond" truecount="0" falsecount="4"/>
        <line num="105" count="0" type="stmt"/>
        <line num="118" count="0" type="stmt"/>
        <line num="132" count="0" type="cond" truecount="0" falsecount="2"/>
        <line num="133" count="0" type="cond" truecount="0" falsecount="2"/>
        <line num="137" count="0" type="stmt"/>
        <line num="147" count="0" type="stmt"/>
        <line num="162" count="0" type="cond" truecount="0" falsecount="2"/>
        <line num="163" count="0" type="stmt"/>
        <line num="170" count="0" type="stmt"/>
      </file>
      <file name="validators.ts" path="/mnt/d/Downloads/Personal_Projects/BizPilot2/mobile/utils/validators.ts">
        <metrics statements="22" coveredstatements="22" conditionals="28" coveredconditionals="28" methods="6" coveredmethods="6"/>
        <line num="25" count="6" type="cond" truecount="2" falsecount="0"/>
        <line num="26" count="4" type="stmt"/>
        <line num="27" count="4" type="cond" truecount="2" falsecount="0"/>
        <line num="28" count="1" type="stmt"/>
        <line num="40" count="4" type="cond" truecount="2" falsecount="0"/>
        <line num="41" count="3" type="cond" truecount="2" falsecount="0"/>
        <line num="42" count="2" type="stmt"/>
        <line num="54" count="5" type="cond" truecount="2" falsecount="0"/>
        <line num="55" count="4" type="cond" truecount="2" falsecount="0"/>
        <line num="56" count="3" type="cond" truecount="2" falsecount="0"/>
        <line num="57" count="1" type="stmt"/>
        <line num="68" count="157" type="cond" truecount="2" falsecount="0"/>
        <line num="69" count="104" type="cond" truecount="2" falsecount="0"/>
        <line num="70" count="102" type="stmt"/>
        <line num="81" count="158" type="cond" truecount="2" falsecount="0"/>
        <line num="82" count="106" type="cond" truecount="2" falsecount="0"/>
        <line num="84" count="103" type="stmt"/>
        <line num="85" count="103" type="cond" truecount="4" falsecount="0"/>
        <line num="86" count="1" type="stmt"/>
        <line num="88" count="102" type="stmt"/>
        <line num="102" count="3" type="cond" truecount="2" falsecount="0"/>
        <line num="103" count="1" type="stmt"/>
      </file>
    </package>
  </project>
</coverage>
