TN:
SF:app/+not-found.tsx
FN:8,NotFound
FNF:1
FNH:0
FNDA:0,NotFound
DA:9,0
LF:1
LH:0
BRF:0
BRH:0
end_of_record
TN:
SF:app/_layout.tsx
FN:31,RootLayout
FN:34,(anonymous_1)
FN:46,initializeApp
FN:73,(anonymous_3)
FN:82,(anonymous_4)
FNF:5
FNH:0
FNDA:0,RootLayout
FNDA:0,(anonymous_1)
FNDA:0,initializeApp
FNDA:0,(anonymous_3)
FNDA:0,(anonymous_4)
DA:28,0
DA:29,0
DA:32,0
DA:34,0
DA:47,0
DA:49,0
DA:53,0
DA:54,0
DA:58,0
DA:60,0
DA:63,0
DA:65,0
DA:66,0
DA:70,0
DA:73,0
DA:74,0
DA:76,0
DA:77,0
DA:78,0
DA:79,0
DA:82,0
DA:83,0
DA:90,0
DA:93,0
DA:96,0
LF:25
LH:0
BRDA:74,0,0,0
BRDA:74,0,1,0
BRDA:90,1,0,0
BRDA:90,1,1,0
BRF:4
BRH:0
end_of_record
TN:
SF:app/index.tsx
FN:11,Index
FN:12,(anonymous_1)
FNF:2
FNH:0
FNDA:0,Index
FNDA:0,(anonymous_1)
DA:12,0
DA:14,0
DA:15,0
DA:18,0
LF:4
LH:0
BRDA:14,0,0,0
BRDA:14,0,1,0
BRF:2
BRH:0
end_of_record
TN:
SF:app/(auth)/_layout.tsx
FN:10,AuthLayout
FNF:1
FNH:0
FNDA:0,AuthLayout
DA:11,0
LF:1
LH:0
BRF:0
BRH:0
end_of_record
TN:
SF:app/(auth)/login.tsx
FN:29,LoginScreen
FN:40,(anonymous_1)
FN:42,(anonymous_2)
FN:145,(anonymous_3)
FNF:4
FNH:0
FNDA:0,LoginScreen
FNDA:0,(anonymous_1)
FNDA:0,(anonymous_2)
FNDA:0,(anonymous_3)
DA:30,0
DA:31,0
DA:32,0
DA:33,0
DA:34,0
DA:39,0
DA:40,0
DA:42,0
DA:44,0
DA:45,0
DA:46,0
DA:48,0
DA:50,0
DA:51,0
DA:53,0
DA:54,0
DA:56,0
DA:58,0
DA:72,0
DA:73,0
DA:75,0
DA:78,0
DA:80,0
DA:84,0
DA:145,0
LF:25
LH:0
BRDA:48,0,0,0
BRDA:48,0,1,0
BRDA:48,1,0,0
BRDA:48,1,1,0
BRDA:56,2,0,0
BRDA:56,2,1,0
BRDA:56,3,0,0
BRDA:56,3,1,0
BRDA:75,4,0,0
BRDA:75,4,1,0
BRDA:87,5,0,0
BRDA:87,5,1,0
BRDA:118,6,0,0
BRDA:118,6,1,0
BRF:14
BRH:0
end_of_record
TN:
SF:app/(auth)/pin.tsx
FN:19,PinScreen
FN:24,(anonymous_1)
FN:36,(anonymous_2)
FN:42,(anonymous_3)
FN:79,(anonymous_4)
FN:106,(anonymous_5)
FN:114,(anonymous_6)
FN:117,(anonymous_7)
FN:147,(anonymous_8)
FNF:9
FNH:0
FNDA:0,PinScreen
FNDA:0,(anonymous_1)
FNDA:0,(anonymous_2)
FNDA:0,(anonymous_3)
FNDA:0,(anonymous_4)
FNDA:0,(anonymous_5)
FNDA:0,(anonymous_6)
FNDA:0,(anonymous_7)
FNDA:0,(anonymous_8)
DA:20,0
DA:21,0
DA:23,0
DA:25,0
DA:27,0
DA:28,0
DA:29,0
DA:30,0
DA:32,0
DA:35,0
DA:36,0
DA:42,0
DA:43,0
DA:44,0
DA:45,0
DA:46,0
DA:49,0
DA:51,0
DA:80,0
DA:107,0
DA:108,0
DA:111,0
DA:115,0
DA:117,0
DA:147,0
LF:25
LH:0
BRDA:25,0,0,0
BRDA:25,0,1,0
BRDA:32,1,0,0
BRDA:32,1,1,0
BRDA:43,2,0,0
BRDA:43,2,1,0
BRDA:86,3,0,0
BRDA:86,3,1,0
BRDA:88,4,0,0
BRDA:88,4,1,0
BRDA:95,5,0,0
BRDA:95,5,1,0
BRDA:107,6,0,0
BRDA:107,6,1,0
BRDA:115,7,0,0
BRDA:115,7,1,0
BRDA:120,8,0,0
BRDA:120,8,1,0
BRDA:126,9,0,0
BRDA:126,9,1,0
BRDA:133,10,0,0
BRDA:133,10,1,0
BRF:22
BRH:0
end_of_record
TN:
SF:app/(tabs)/_layout.tsx
FN:21,TabsLayout
FN:50,(anonymous_1)
FN:59,(anonymous_2)
FN:68,(anonymous_3)
FN:77,(anonymous_4)
FN:86,(anonymous_5)
FNF:6
FNH:0
FNDA:0,TabsLayout
FNDA:0,(anonymous_1)
FNDA:0,(anonymous_2)
FNDA:0,(anonymous_3)
FNDA:0,(anonymous_4)
FNDA:0,(anonymous_5)
DA:22,0
DA:51,0
DA:60,0
DA:69,0
DA:78,0
DA:87,0
LF:6
LH:0
BRF:0
BRH:0
end_of_record
TN:
SF:app/(tabs)/bulk-operations.tsx
FN:76,StatusBadge
FN:97,ProgressBar
FN:127,OperationRow
FN:158,(anonymous_3)
FN:219,QuickActionCard
FN:223,(anonymous_5)
FN:257,BulkOperationsScreenInner
FN:264,(anonymous_7)
FN:269,(anonymous_8)
FN:271,(anonymous_9)
FN:275,(anonymous_10)
FN:276,(anonymous_11)
FN:277,(anonymous_12)
FN:283,(anonymous_13)
FN:287,(anonymous_14)
FN:296,(anonymous_15)
FN:314,(anonymous_16)
FN:327,(anonymous_17)
FN:332,(anonymous_18)
FN:342,(anonymous_19)
FN:349,(anonymous_20)
FN:369,(anonymous_21)
FN:389,(anonymous_22)
FN:426,(anonymous_23)
FN:441,BulkOperationsScreen
FNF:25
FNH:0
FNDA:0,StatusBadge
FNDA:0,ProgressBar
FNDA:0,OperationRow
FNDA:0,(anonymous_3)
FNDA:0,QuickActionCard
FNDA:0,(anonymous_5)
FNDA:0,BulkOperationsScreenInner
FNDA:0,(anonymous_7)
FNDA:0,(anonymous_8)
FNDA:0,(anonymous_9)
FNDA:0,(anonymous_10)
FNDA:0,(anonymous_11)
FNDA:0,(anonymous_12)
FNDA:0,(anonymous_13)
FNDA:0,(anonymous_14)
FNDA:0,(anonymous_15)
FNDA:0,(anonymous_16)
FNDA:0,(anonymous_17)
FNDA:0,(anonymous_18)
FNDA:0,(anonymous_19)
FNDA:0,(anonymous_20)
FNDA:0,(anonymous_21)
FNDA:0,(anonymous_22)
FNDA:0,(anonymous_23)
FNDA:0,BulkOperationsScreen
DA:52,0
DA:60,0
DA:76,0
DA:79,0
DA:97,0
DA:101,0
DA:103,0
DA:127,0
DA:131,0
DA:158,0
DA:182,0
DA:218,0
DA:220,0
DA:223,0
DA:260,0
DA:261,0
DA:262,0
DA:264,0
DA:266,0
DA:269,0
DA:270,0
DA:271,0
DA:273,0
DA:275,0
DA:276,0
DA:277,0
DA:278,0
DA:283,0
DA:286,0
DA:288,0
DA:297,0
DA:298,0
DA:300,0
DA:313,0
DA:318,0
DA:327,0
DA:328,0
DA:329,0
DA:331,0
DA:332,0
DA:334,0
DA:338,0
DA:339,0
DA:341,0
DA:343,0
DA:348,0
DA:350,0
DA:356,0
DA:369,0
DA:385,0
DA:389,0
DA:397,0
DA:398,0
DA:407,0
DA:424,0
DA:426,0
DA:435,0
DA:442,0
DA:443,0
DA:444,0
DA:446,0
DA:458,0
LF:62
LH:0
BRDA:101,0,0,0
BRDA:101,0,1,0
BRDA:101,1,0,0
BRDA:101,1,1,0
BRDA:148,2,0,0
BRDA:148,2,1,0
BRDA:156,3,0,0
BRDA:156,3,1,0
BRDA:262,4,0,0
BRDA:262,4,1,0
BRDA:271,5,0,0
BRDA:271,5,1,0
BRDA:273,6,0,0
BRDA:273,6,1,0
BRDA:356,7,0,0
BRDA:356,7,1,0
BRDA:358,8,0,0
BRDA:358,8,1,0
BRDA:385,9,0,0
BRDA:385,9,1,0
BRDA:397,10,0,0
BRDA:397,10,1,0
BRDA:444,11,0,0
BRDA:444,11,1,0
BRF:24
BRH:0
end_of_record
TN:
SF:app/(tabs)/customers.tsx
FN:42,CustomerRow
FN:43,(anonymous_1)
FN:50,(anonymous_2)
FN:100,CustomerDetail
FN:109,(anonymous_4)
FN:189,CustomersScreen
FN:200,(anonymous_6)
FN:205,(anonymous_7)
FN:213,(anonymous_8)
FN:223,(anonymous_9)
FN:235,(anonymous_10)
FN:253,(anonymous_11)
FN:298,(anonymous_12)
FNF:13
FNH:0
FNDA:0,CustomerRow
FNDA:0,(anonymous_1)
FNDA:0,(anonymous_2)
FNDA:0,CustomerDetail
FNDA:0,(anonymous_4)
FNDA:0,CustomersScreen
FNDA:0,(anonymous_6)
FNDA:0,(anonymous_7)
FNDA:0,(anonymous_8)
FNDA:0,(anonymous_9)
FNDA:0,(anonymous_10)
FNDA:0,(anonymous_11)
FNDA:0,(anonymous_12)
DA:41,0
DA:43,0
DA:44,0
DA:45,0
DA:48,0
DA:50,0
DA:55,0
DA:99,0
DA:101,0
DA:109,0
DA:190,0
DA:191,0
DA:193,0
DA:195,0
DA:196,0
DA:198,0
DA:200,0
DA:201,0
DA:204,0
DA:207,0
DA:212,0
DA:214,0
DA:223,0
DA:225,0
DA:235,0
DA:253,0
DA:298,0
DA:309,0
LF:28
LH:0
BRDA:61,0,0,0
BRDA:61,0,1,0
BRDA:73,1,0,0
BRDA:73,1,1,0
BRDA:73,1,2,0
BRDA:121,2,0,0
BRDA:121,2,1,0
BRDA:127,3,0,0
BRDA:127,3,1,0
BRDA:133,4,0,0
BRDA:133,4,1,0
BRDA:160,5,0,0
BRDA:160,5,1,0
BRDA:252,6,0,0
BRDA:252,6,1,0
BRDA:266,7,0,0
BRDA:266,7,1,0
BRDA:271,8,0,0
BRDA:271,8,1,0
BRDA:279,9,0,0
BRDA:279,9,1,0
BRDA:281,10,0,0
BRDA:281,10,1,0
BRF:23
BRH:0
end_of_record
TN:
SF:app/(tabs)/dashboard.tsx
FN:65,PeriodTabs
FN:71,(anonymous_1)
FN:78,(anonymous_2)
FN:111,KpiCard
FN:112,(anonymous_4)
FN:164,TopProducts
FN:173,(anonymous_6)
FN:195,StaleDataBanner
FN:214,MobileDashboardScreen
FN:227,(anonymous_9)
FN:231,(anonymous_10)
FN:238,(anonymous_11)
FN:274,(anonymous_12)
FN:298,(anonymous_13)
FNF:14
FNH:0
FNDA:0,PeriodTabs
FNDA:0,(anonymous_1)
FNDA:0,(anonymous_2)
FNDA:0,KpiCard
FNDA:0,(anonymous_4)
FNDA:0,TopProducts
FNDA:0,(anonymous_6)
FNDA:0,StaleDataBanner
FNDA:0,MobileDashboardScreen
FNDA:0,(anonymous_9)
FNDA:0,(anonymous_10)
FNDA:0,(anonymous_11)
FNDA:0,(anonymous_12)
FNDA:0,(anonymous_13)
DA:50,0
DA:65,0
DA:69,0
DA:72,0
DA:78,0
DA:111,0
DA:112,0
DA:113,0
DA:114,0
DA:115,0
DA:119,0
DA:126,0
DA:132,0
DA:164,0
DA:167,0
DA:174,0
DA:195,0
DA:196,0
DA:215,0
DA:216,0
DA:218,0
DA:220,0
DA:225,0
DA:227,0
DA:228,0
DA:229,0
DA:231,0
DA:234,0
DA:235,0
DA:238,0
DA:239,0
DA:240,0
DA:274,0
DA:275,0
DA:276,0
DA:284,0
DA:285,0
DA:297,0
DA:299,0
DA:304,0
DA:308,0
DA:309,0
DA:317,0
DA:325,0
DA:355,0
LF:45
LH:0
BRDA:76,0,0,0
BRDA:76,0,1,0
BRDA:85,1,0,0
BRDA:85,1,1,0
BRDA:113,2,0,0
BRDA:113,2,1,0
BRDA:114,3,0,0
BRDA:114,3,1,0
BRDA:119,4,0,0
BRDA:119,4,1,0
BRDA:121,5,0,0
BRDA:121,5,1,0
BRDA:126,6,0,0
BRDA:126,6,1,0
BRDA:128,7,0,0
BRDA:128,7,1,0
BRDA:136,8,0,0
BRDA:136,8,1,0
BRDA:142,9,0,0
BRDA:142,9,1,0
BRDA:145,10,0,0
BRDA:145,10,1,0
BRDA:170,11,0,0
BRDA:170,11,1,0
BRDA:216,12,0,0
BRDA:216,12,1,0
BRDA:239,13,0,0
BRDA:239,13,1,0
BRDA:268,14,0,0
BRDA:268,14,1,0
BRDA:270,15,0,0
BRDA:270,15,1,0
BRDA:275,16,0,0
BRDA:275,16,1,0
BRDA:275,17,0,0
BRDA:275,17,1,0
BRDA:284,18,0,0
BRDA:284,18,1,0
BRDA:284,19,0,0
BRDA:284,19,1,0
BRDA:304,20,0,0
BRDA:304,20,1,0
BRDA:308,21,0,0
BRDA:308,21,1,0
BRDA:334,22,0,0
BRDA:334,22,1,0
BRF:46
BRH:0
end_of_record
TN:
SF:app/(tabs)/index.tsx
FN:21,POSScreen
FN:33,(anonymous_1)
FN:34,(anonymous_2)
FN:39,(anonymous_3)
FN:43,(anonymous_4)
FN:47,(anonymous_5)
FN:51,(anonymous_6)
FN:102,(anonymous_7)
FN:110,(anonymous_8)
FNF:9
FNH:0
FNDA:0,POSScreen
FNDA:0,(anonymous_1)
FNDA:0,(anonymous_2)
FNDA:0,(anonymous_3)
FNDA:0,(anonymous_4)
FNDA:0,(anonymous_5)
FNDA:0,(anonymous_6)
FNDA:0,(anonymous_7)
FNDA:0,(anonymous_8)
DA:22,0
DA:23,0
DA:24,0
DA:26,0
DA:27,0
DA:28,0
DA:30,0
DA:31,0
DA:33,0
DA:34,0
DA:36,0
DA:37,0
DA:39,0
DA:40,0
DA:43,0
DA:44,0
DA:47,0
DA:48,0
DA:51,0
DA:52,0
DA:55,0
DA:56,0
DA:82,0
DA:102,0
DA:110,0
LF:25
LH:0
BRDA:30,0,0,0
BRDA:30,0,1,0
BRDA:55,1,0,0
BRDA:55,1,1,0
BRF:4
BRH:0
end_of_record
TN:
SF:app/(tabs)/orders.tsx
FN:67,OrderRow
FN:72,(anonymous_1)
FN:122,OrderDetail
FN:211,OrdersScreen
FN:224,(anonymous_4)
FN:227,(anonymous_5)
FN:230,(anonymous_6)
FN:234,(anonymous_7)
FN:239,(anonymous_8)
FN:253,(anonymous_9)
FN:263,(anonymous_10)
FN:286,(anonymous_11)
FN:293,(anonymous_12)
FN:296,(anonymous_13)
FN:351,(anonymous_14)
FNF:15
FNH:0
FNDA:0,OrderRow
FNDA:0,(anonymous_1)
FNDA:0,OrderDetail
FNDA:0,OrdersScreen
FNDA:0,(anonymous_4)
FNDA:0,(anonymous_5)
FNDA:0,(anonymous_6)
FNDA:0,(anonymous_7)
FNDA:0,(anonymous_8)
FNDA:0,(anonymous_9)
FNDA:0,(anonymous_10)
FNDA:0,(anonymous_11)
FNDA:0,(anonymous_12)
FNDA:0,(anonymous_13)
FNDA:0,(anonymous_14)
DA:41,0
DA:49,0
DA:67,0
DA:72,0
DA:73,0
DA:74,0
DA:77,0
DA:121,0
DA:123,0
DA:125,0
DA:212,0
DA:213,0
DA:215,0
DA:216,0
DA:217,0
DA:218,0
DA:220,0
DA:224,0
DA:225,0
DA:226,0
DA:227,0
DA:230,0
DA:231,0
DA:234,0
DA:235,0
DA:238,0
DA:245,0
DA:246,0
DA:247,0
DA:252,0
DA:254,0
DA:263,0
DA:265,0
DA:286,0
DA:294,0
DA:296,0
DA:351,0
DA:363,0
LF:38
LH:0
BRDA:83,0,0,0
BRDA:83,0,1,0
BRDA:91,1,0,0
BRDA:91,1,1,0
BRDA:95,2,0,0
BRDA:95,2,1,0
BRDA:133,3,0,0
BRDA:133,3,1,0
BRDA:147,4,0,0
BRDA:147,4,1,0
BRDA:167,5,0,0
BRDA:167,5,1,0
BRDA:187,6,0,0
BRDA:187,6,1,0
BRDA:194,7,0,0
BRDA:194,7,1,0
BRDA:221,8,0,0
BRDA:221,8,1,0
BRDA:225,9,0,0
BRDA:225,9,1,0
BRDA:285,10,0,0
BRDA:285,10,1,0
BRDA:299,11,0,0
BRDA:299,11,1,0
BRDA:305,12,0,0
BRDA:305,12,1,0
BRDA:321,13,0,0
BRDA:321,13,1,0
BRDA:326,14,0,0
BRDA:326,14,1,0
BRDA:334,15,0,0
BRDA:334,15,1,0
BRDA:336,16,0,0
BRDA:336,16,1,0
BRF:34
BRH:0
end_of_record
TN:
SF:app/(tabs)/products.tsx
FN:41,ProductRow
FN:46,(anonymous_1)
FN:108,ProductDetail
FN:199,ProductsScreen
FN:212,(anonymous_4)
FN:217,(anonymous_5)
FN:227,(anonymous_6)
FN:249,(anonymous_7)
FN:258,(anonymous_8)
FN:273,(anonymous_9)
FN:276,(anonymous_10)
FNF:11
FNH:0
FNDA:0,ProductRow
FNDA:0,(anonymous_1)
FNDA:0,ProductDetail
FNDA:0,ProductsScreen
FNDA:0,(anonymous_4)
FNDA:0,(anonymous_5)
FNDA:0,(anonymous_6)
FNDA:0,(anonymous_7)
FNDA:0,(anonymous_8)
FNDA:0,(anonymous_9)
FNDA:0,(anonymous_10)
DA:41,0
DA:46,0
DA:47,0
DA:48,0
DA:52,0
DA:58,0
DA:107,0
DA:110,0
DA:116,0
DA:200,0
DA:201,0
DA:203,0
DA:204,0
DA:205,0
DA:209,0
DA:210,0
DA:212,0
DA:213,0
DA:216,0
DA:218,0
DA:227,0
DA:229,0
DA:249,0
DA:258,0
DA:274,0
DA:276,0
DA:335,0
LF:27
LH:0
BRDA:52,0,0,0
BRDA:52,0,1,0
BRDA:54,1,0,0
BRDA:54,1,1,0
BRDA:64,2,0,0
BRDA:64,2,1,0
BRDA:70,3,0,0
BRDA:70,3,1,0
BRDA:73,4,0,0
BRDA:73,4,1,0
BRDA:74,5,0,0
BRDA:74,5,1,0
BRDA:81,6,0,0
BRDA:81,6,1,0
BRDA:82,7,0,0
BRDA:82,7,1,0
BRDA:110,8,0,0
BRDA:110,8,1,0
BRDA:112,9,0,0
BRDA:112,9,1,0
BRDA:120,10,0,0
BRDA:120,10,1,0
BRDA:131,11,0,0
BRDA:131,11,1,0
BRDA:140,12,0,0
BRDA:140,12,1,0
BRDA:157,13,0,0
BRDA:157,13,1,0
BRDA:162,14,0,0
BRDA:162,14,1,0
BRDA:168,15,0,0
BRDA:168,15,1,0
BRDA:169,16,0,0
BRDA:169,16,1,0
BRDA:178,17,0,0
BRDA:178,17,1,0
BRDA:209,18,0,0
BRDA:209,18,1,0
BRDA:248,19,0,0
BRDA:248,19,1,0
BRDA:261,20,0,0
BRDA:261,20,1,0
BRDA:267,21,0,0
BRDA:267,21,1,0
BRDA:279,22,0,0
BRDA:279,22,1,0
BRDA:285,23,0,0
BRDA:285,23,1,0
BRDA:301,24,0,0
BRDA:301,24,1,0
BRDA:306,25,0,0
BRDA:306,25,1,0
BRDA:314,26,0,0
BRDA:314,26,1,0
BRDA:316,27,0,0
BRDA:316,27,1,0
BRF:56
BRH:0
end_of_record
TN:
SF:app/(tabs)/settings.tsx
FN:31,SettingsRow
FN:36,(anonymous_1)
FN:65,SettingsScreen
FN:66,(anonymous_3)
FN:67,(anonymous_4)
FN:71,(anonymous_5)
FN:77,(anonymous_6)
FN:86,(anonymous_7)
FN:249,(anonymous_8)
FNF:9
FNH:0
FNDA:0,SettingsRow
FNDA:0,(anonymous_1)
FNDA:0,SettingsScreen
FNDA:0,(anonymous_3)
FNDA:0,(anonymous_4)
FNDA:0,(anonymous_5)
FNDA:0,(anonymous_6)
FNDA:0,(anonymous_7)
FNDA:0,(anonymous_8)
DA:32,0
DA:36,0
DA:66,0
DA:67,0
DA:68,0
DA:69,0
DA:71,0
DA:72,0
DA:78,0
DA:79,0
DA:80,0
DA:86,0
DA:88,0
DA:91,0
DA:249,0
LF:15
LH:0
BRDA:35,0,0,0
BRDA:35,0,1,0
BRDA:41,1,0,0
BRDA:41,1,1,0
BRDA:41,2,0,0
BRDA:41,2,1,0
BRDA:48,3,0,0
BRDA:48,3,1,0
BRDA:54,4,0,0
BRDA:54,4,1,0
BRDA:54,4,2,0
BRDA:126,5,0,0
BRDA:126,5,1,0
BRDA:131,6,0,0
BRDA:131,6,1,0
BRDA:136,7,0,0
BRDA:136,7,1,0
BRDA:196,8,0,0
BRDA:196,8,1,0
BRDA:198,9,0,0
BRDA:198,9,1,0
BRDA:208,10,0,0
BRDA:208,10,1,0
BRF:23
BRH:0
end_of_record
TN:
SF:app/(tabs)/stock.tsx
FN:8,StockScreen
FNF:1
FNH:0
FNDA:0,StockScreen
DA:9,0
LF:1
LH:0
BRF:0
BRH:0
end_of_record
TN:
SF:app/(tabs)/tables.tsx
FN:8,TablesScreen
FNF:1
FNH:0
FNDA:0,TablesScreen
DA:9,0
LF:1
LH:0
BRF:0
BRH:0
end_of_record
TN:
SF:components/accounts/ARSummaryDashboard.tsx
FN:118,utilisationColor
FN:130,clamp
FN:140,maxTrendValue
FN:142,(anonymous_3)
FN:167,KPICard
FN:209,TrendCard
FN:271,AccountRow
FN:275,(anonymous_7)
FN:332,ARSummaryDashboardComponent
FN:344,(anonymous_9)
FN:351,(anonymous_10)
FN:357,(anonymous_11)
FN:363,(anonymous_12)
FN:368,(anonymous_13)
FN:373,(anonymous_14)
FN:381,(anonymous_15)
FN:387,(anonymous_16)
FN:558,(anonymous_17)
FNF:18
FNH:17
FNDA:13,utilisationColor
FNDA:12,clamp
FNDA:5,maxTrendValue
FNDA:15,(anonymous_3)
FNDA:24,KPICard
FNDA:12,TrendCard
FNDA:8,AccountRow
FNDA:0,(anonymous_7)
FNDA:5,ARSummaryDashboardComponent
FNDA:5,(anonymous_9)
FNDA:5,(anonymous_10)
FNDA:5,(anonymous_11)
FNDA:1,(anonymous_12)
FNDA:1,(anonymous_13)
FNDA:1,(anonymous_14)
FNDA:8,(anonymous_15)
FNDA:12,(anonymous_16)
FNDA:12,(anonymous_17)
DA:87,1
DA:89,1
DA:106,1
DA:119,13
DA:120,13
DA:121,13
DA:131,12
DA:141,5
DA:142,15
DA:143,5
DA:167,1
DA:175,24
DA:201,1
DA:209,1
DA:210,12
DA:211,12
DA:212,12
DA:214,12
DA:271,1
DA:272,8
DA:273,8
DA:275,8
DA:276,0
DA:277,0
DA:280,8
DA:344,5
DA:351,5
DA:352,5
DA:353,5
DA:356,5
DA:357,5
DA:363,5
DA:364,1
DA:365,1
DA:368,5
DA:369,1
DA:370,1
DA:373,5
DA:374,1
DA:375,1
DA:380,5
DA:382,8
DA:387,12
DA:391,5
DA:392,1
DA:402,4
DA:559,12
DA:602,1
LF:48
LH:46
BRDA:119,0,0,0
BRDA:119,0,1,13
BRDA:120,1,0,0
BRDA:120,1,1,13
BRDA:141,2,0,0
BRDA:141,2,1,5
BRDA:143,3,0,5
BRDA:143,3,1,0
BRDA:184,4,0,12
BRDA:184,4,1,12
BRDA:212,5,0,8
BRDA:212,5,1,4
BRDA:250,6,0,8
BRDA:250,6,1,4
BRDA:311,7,0,4
BRDA:311,7,1,4
BRDA:320,8,0,8
BRDA:320,8,1,0
BRDA:340,9,0,0
BRDA:352,10,0,0
BRDA:352,10,1,5
BRDA:391,11,0,1
BRDA:391,11,1,4
BRDA:422,12,0,4
BRDA:422,12,1,0
BRDA:433,13,0,4
BRDA:433,13,1,0
BRDA:467,14,0,4
BRDA:467,14,1,0
BRDA:477,15,0,4
BRDA:477,15,1,0
BRDA:532,16,0,0
BRDA:532,16,1,4
BRDA:570,17,0,4
BRDA:570,17,1,0
BRDA:573,18,0,0
BRDA:573,18,1,4
BRF:37
BRH:23
end_of_record
TN:
SF:components/accounts/AccountCreationForm.tsx
FN:90,validateFields
FN:139,AccountCreationFormInner
FN:154,(anonymous_2)
FN:155,(anonymous_3)
FN:160,(anonymous_4)
FN:177,(anonymous_5)
FN:196,(anonymous_6)
FN:254,(anonymous_7)
FN:276,(anonymous_8)
FN:300,(anonymous_9)
FN:325,(anonymous_10)
FN:345,(anonymous_11)
FN:351,(anonymous_12)
FNF:13
FNH:5
FNDA:10,validateFields
FNDA:5,AccountCreationFormInner
FNDA:0,(anonymous_2)
FNDA:0,(anonymous_3)
FNDA:5,(anonymous_4)
FNDA:5,(anonymous_5)
FNDA:0,(anonymous_6)
FNDA:0,(anonymous_7)
FNDA:0,(anonymous_8)
FNDA:0,(anonymous_9)
FNDA:0,(anonymous_10)
FNDA:25,(anonymous_11)
FNDA:0,(anonymous_12)
DA:59,1
DA:61,1
DA:70,1
DA:77,1
DA:99,10
DA:101,10
DA:102,5
DA:103,5
DA:104,0
DA:105,0
DA:109,10
DA:110,0
DA:111,0
DA:115,10
DA:116,0
DA:117,0
DA:121,10
DA:122,5
DA:123,5
DA:124,5
DA:125,0
DA:126,0
DA:127,0
DA:128,0
DA:132,10
DA:145,5
DA:146,5
DA:147,5
DA:148,5
DA:149,5
DA:152,5
DA:154,5
DA:155,0
DA:159,5
DA:161,5
DA:177,5
DA:178,5
DA:182,5
DA:189,5
DA:192,5
DA:196,5
DA:197,0
DA:199,0
DA:210,0
DA:223,5
DA:254,0
DA:276,0
DA:300,0
DA:325,0
DA:346,25
DA:347,25
DA:351,0
DA:399,1
DA:405,1
LF:54
LH:35
BRDA:101,0,0,5
BRDA:101,0,1,5
BRDA:102,1,0,5
BRDA:102,1,1,0
BRDA:104,2,0,0
BRDA:104,2,1,0
BRDA:109,3,0,0
BRDA:109,3,1,10
BRDA:109,4,0,10
BRDA:109,4,1,0
BRDA:110,5,0,0
BRDA:110,5,1,0
BRDA:115,6,0,0
BRDA:115,6,1,10
BRDA:115,7,0,10
BRDA:115,7,1,0
BRDA:116,8,0,0
BRDA:116,8,1,0
BRDA:121,9,0,5
BRDA:121,9,1,5
BRDA:123,10,0,5
BRDA:123,10,1,0
BRDA:123,11,0,5
BRDA:123,11,1,0
BRDA:125,12,0,0
BRDA:125,12,1,0
BRDA:127,13,0,0
BRDA:127,13,1,0
BRDA:142,14,0,4
BRDA:155,15,0,0
BRDA:155,15,1,0
BRDA:192,16,0,5
BRDA:192,16,1,0
BRDA:197,17,0,0
BRDA:197,17,1,0
BRDA:203,18,0,0
BRDA:203,18,1,0
BRDA:206,19,0,0
BRDA:206,19,1,0
BRDA:250,20,0,5
BRDA:250,20,1,0
BRDA:261,21,0,5
BRDA:261,21,1,0
BRDA:272,22,0,5
BRDA:272,22,1,0
BRDA:285,23,0,5
BRDA:285,23,1,0
BRDA:296,24,0,5
BRDA:296,24,1,0
BRDA:307,25,0,5
BRDA:307,25,1,0
BRDA:321,26,0,5
BRDA:321,26,1,0
BRDA:332,27,0,5
BRDA:332,27,1,0
BRDA:350,28,0,25
BRDA:350,28,1,5
BRDA:357,29,0,25
BRDA:357,29,1,5
BRDA:380,30,0,5
BRDA:380,30,1,5
BRDA:385,31,0,1
BRDA:385,31,1,4
BRF:63
BRH:29
end_of_record
TN:
SF:components/accounts/AccountDetailScreen.tsx
FN:83,utilisationColor
FN:90,formatShortDate
FN:100,formatDateTime
FN:115,BalanceSummaryCard
FN:121,(anonymous_4)
FN:196,SummaryItem
FN:206,AccountInfoSection
FN:260,InfoRow
FN:276,RecentTransactions
FN:287,(anonymous_9)
FN:290,(anonymous_10)
FN:312,(anonymous_11)
FN:359,AccountDetailScreenInner
FNF:13
FNH:13
FNDA:7,utilisationColor
FNDA:14,formatShortDate
FNDA:35,formatDateTime
FNDA:7,BalanceSummaryCard
FNDA:7,(anonymous_4)
FNDA:21,SummaryItem
FNDA:7,AccountInfoSection
FNDA:42,InfoRow
FNDA:7,RecentTransactions
FNDA:7,(anonymous_9)
FNDA:35,(anonymous_10)
FNDA:35,(anonymous_11)
FNDA:7,AccountDetailScreenInner
DA:41,1
DA:44,1
DA:55,1
DA:84,7
DA:85,7
DA:86,7
DA:91,14
DA:92,14
DA:101,35
DA:102,35
DA:115,1
DA:120,7
DA:121,7
DA:125,7
DA:126,7
DA:128,7
DA:197,21
DA:206,1
DA:211,7
DA:213,7
DA:267,42
DA:276,1
DA:286,7
DA:288,7
DA:291,35
DA:297,7
DA:298,0
DA:309,7
DA:313,35
DA:314,35
DA:315,35
DA:317,35
DA:367,7
DA:430,1
DA:436,1
LF:35
LH:34
BRDA:84,0,0,0
BRDA:84,0,1,7
BRDA:85,1,0,0
BRDA:85,1,1,7
BRDA:135,2,0,7
BRDA:135,2,1,0
BRDA:169,3,0,7
BRDA:169,3,1,0
BRDA:177,4,0,7
BRDA:177,4,1,0
BRDA:183,5,0,7
BRDA:183,5,1,7
BRDA:232,6,0,7
BRDA:232,6,1,7
BRDA:238,7,0,7
BRDA:238,7,1,7
BRDA:248,8,0,7
BRDA:248,8,1,7
BRDA:297,9,0,0
BRDA:297,9,1,7
BRDA:313,10,0,35
BRDA:313,10,1,0
BRDA:314,11,0,35
BRDA:314,11,1,0
BRDA:315,12,0,14
BRDA:315,12,1,21
BRDA:315,13,0,35
BRDA:315,13,1,28
BRF:28
BRH:20
end_of_record
TN:
SF:components/accounts/AccountListScreen.tsx
FN:47,AccountListScreenInner
FN:54,(anonymous_1)
FN:60,(anonymous_2)
FN:70,(anonymous_3)
FN:125,(anonymous_4)
FNF:5
FNH:0
FNDA:0,AccountListScreenInner
FNDA:0,(anonymous_1)
FNDA:0,(anonymous_2)
FNDA:0,(anonymous_3)
FNDA:0,(anonymous_4)
DA:52,0
DA:54,0
DA:55,0
DA:56,0
DA:59,0
DA:61,0
DA:63,0
DA:67,0
DA:70,0
DA:125,0
DA:127,0
DA:177,0
DA:183,0
LF:13
LH:0
BRDA:63,0,0,0
BRDA:63,0,1,0
BRDA:82,1,0,0
BRDA:82,1,1,0
BRDA:112,2,0,0
BRDA:112,2,1,0
BRDA:112,3,0,0
BRDA:112,3,1,0
BRDA:134,4,0,0
BRDA:134,4,1,0
BRF:10
BRH:0
end_of_record
TN:
SF:components/accounts/AgingReportDashboard.tsx
FN:85,(anonymous_0)
FN:97,BucketCard
FN:142,AccountRow
FN:149,(anonymous_3)
FN:208,AgingColumn
FN:231,AgingReportDashboardComponent
FN:243,(anonymous_6)
FN:248,(anonymous_7)
FN:258,(anonymous_8)
FN:265,(anonymous_9)
FN:277,(anonymous_10)
FN:318,(anonymous_11)
FN:344,(anonymous_12)
FNF:13
FNH:12
FNDA:43,(anonymous_0)
FNDA:25,BucketCard
FNDA:6,AccountRow
FNDA:1,(anonymous_3)
FNDA:24,AgingColumn
FNDA:5,AgingReportDashboardComponent
FNDA:0,(anonymous_6)
FNDA:1,(anonymous_7)
FNDA:6,(anonymous_8)
FNDA:9,(anonymous_9)
FNDA:5,(anonymous_10)
FNDA:25,(anonymous_11)
FNDA:5,(anonymous_12)
DA:76,1
DA:85,1
DA:86,43
DA:97,1
DA:104,25
DA:106,25
DA:142,1
DA:149,6
DA:150,1
DA:151,1
DA:152,1
DA:156,6
DA:208,1
DA:217,24
DA:219,24
DA:243,5
DA:244,0
DA:245,0
DA:248,5
DA:249,1
DA:250,1
DA:251,1
DA:257,5
DA:259,6
DA:264,5
DA:265,9
DA:276,5
DA:278,5
DA:319,25
DA:343,5
DA:345,5
DA:361,5
DA:384,1
LF:33
LH:31
BRDA:86,0,0,43
BRDA:86,0,1,0
BRDA:113,1,0,5
BRDA:113,1,1,20
BRDA:150,2,0,1
BRDA:150,2,1,0
BRDA:198,3,0,3
BRDA:198,3,1,3
BRDA:217,4,0,18
BRDA:217,4,1,6
BRDA:239,5,0,0
BRDA:249,6,0,1
BRDA:249,6,1,0
BRDA:298,7,0,5
BRDA:298,7,1,5
BRDA:305,8,0,1
BRDA:305,8,1,4
BRDA:345,9,0,1
BRDA:345,9,1,4
BRF:19
BRH:15
end_of_record
TN:
SF:components/accounts/ChargeToAccountModal.tsx
FN:48,ChargeToAccountModalInner
FN:57,(anonymous_1)
FN:59,(anonymous_2)
FN:64,(anonymous_3)
FN:74,(anonymous_4)
FN:80,(anonymous_5)
FN:170,(anonymous_6)
FNF:7
FNH:0
FNDA:0,ChargeToAccountModalInner
FNDA:0,(anonymous_1)
FNDA:0,(anonymous_2)
FNDA:0,(anonymous_3)
FNDA:0,(anonymous_4)
FNDA:0,(anonymous_5)
FNDA:0,(anonymous_6)
DA:55,0
DA:57,0
DA:58,0
DA:59,0
DA:63,0
DA:64,0
DA:73,0
DA:74,0
DA:78,0
DA:80,0
DA:81,0
DA:82,0
DA:83,0
DA:85,0
DA:88,0
DA:171,0
DA:201,0
DA:207,0
LF:18
LH:0
BRDA:81,0,0,0
BRDA:81,0,1,0
BRDA:126,1,0,0
BRDA:126,1,1,0
BRDA:146,2,0,0
BRDA:146,2,1,0
BRDA:168,3,0,0
BRDA:168,3,1,0
BRDA:188,4,0,0
BRDA:188,4,1,0
BRF:10
BRH:0
end_of_record
TN:
SF:components/accounts/CollectionsQueueView.tsx
FN:164,formatDate
FN:179,FilterPill
FN:204,ActivityPreview
FN:223,EmptyState
FN:253,CollectionsQueueViewComponent
FN:278,(anonymous_5)
FN:282,(anonymous_6)
FN:285,(anonymous_7)
FN:296,(anonymous_8)
FN:298,(anonymous_9)
FN:301,(anonymous_10)
FN:310,(anonymous_11)
FN:315,(anonymous_12)
FN:324,(anonymous_13)
FN:335,(anonymous_14)
FN:346,(anonymous_15)
FN:353,(anonymous_16)
FN:364,(anonymous_17)
FN:371,(anonymous_18)
FN:430,(anonymous_19)
FN:440,(anonymous_20)
FN:448,(anonymous_21)
FN:456,(anonymous_22)
FN:469,(anonymous_23)
FN:471,(anonymous_24)
FN:498,(anonymous_25)
FN:503,(anonymous_26)
FN:510,(anonymous_27)
FN:515,(anonymous_28)
FNF:29
FNH:24
FNDA:22,formatDate
FNDA:54,FilterPill
FNDA:4,ActivityPreview
FNDA:1,EmptyState
FNDA:9,CollectionsQueueViewComponent
FNDA:6,(anonymous_5)
FNDA:2,(anonymous_6)
FNDA:4,(anonymous_7)
FNDA:6,(anonymous_8)
FNDA:9,(anonymous_9)
FNDA:9,(anonymous_10)
FNDA:1,(anonymous_11)
FNDA:0,(anonymous_12)
FNDA:1,(anonymous_13)
FNDA:1,(anonymous_14)
FNDA:0,(anonymous_15)
FNDA:1,(anonymous_16)
FNDA:9,(anonymous_17)
FNDA:1,(anonymous_18)
FNDA:5,(anonymous_19)
FNDA:1,(anonymous_20)
FNDA:0,(anonymous_21)
FNDA:0,(anonymous_22)
FNDA:14,(anonymous_23)
FNDA:1,(anonymous_24)
FNDA:36,(anonymous_25)
FNDA:1,(anonymous_26)
FNDA:18,(anonymous_27)
FNDA:0,(anonymous_28)
DA:101,1
DA:108,1
DA:115,1
DA:125,1
DA:139,1
DA:151,1
DA:165,22
DA:166,14
DA:167,14
DA:179,1
DA:190,54
DA:204,1
DA:209,4
DA:211,4
DA:223,1
DA:224,1
DA:263,9
DA:264,9
DA:265,9
DA:266,9
DA:267,9
DA:268,9
DA:278,9
DA:279,6
DA:281,6
DA:282,2
DA:285,6
DA:286,4
DA:287,4
DA:289,0
DA:292,6
DA:296,9
DA:297,6
DA:298,9
DA:300,6
DA:301,9
DA:304,6
DA:309,9
DA:310,1
DA:314,9
DA:315,0
DA:323,9
DA:325,1
DA:326,1
DA:327,1
DA:328,1
DA:329,1
DA:335,9
DA:336,1
DA:337,1
DA:338,1
DA:340,1
DA:341,1
DA:342,1
DA:346,9
DA:347,0
DA:348,0
DA:349,0
DA:352,9
DA:354,1
DA:355,1
DA:363,9
DA:365,9
DA:366,9
DA:368,9
DA:371,1
DA:431,5
DA:440,1
DA:448,0
DA:456,0
DA:469,14
DA:471,9
DA:475,9
DA:499,36
DA:503,1
DA:511,18
DA:515,0
DA:621,1
LF:78
LH:70
BRDA:165,0,0,8
BRDA:165,0,1,14
BRDA:192,1,0,54
BRDA:192,1,1,18
BRDA:196,2,0,54
BRDA:196,2,1,18
BRDA:260,3,0,0
BRDA:281,4,0,1
BRDA:281,4,1,5
BRDA:286,5,0,4
BRDA:286,5,1,0
BRDA:300,6,0,5
BRDA:300,6,1,1
BRDA:336,7,0,1
BRDA:336,7,1,0
BRDA:336,8,0,1
BRDA:336,8,1,1
BRDA:354,9,0,1
BRDA:354,9,1,0
BRDA:372,10,0,9
BRDA:372,10,1,0
BRDA:417,11,0,9
BRDA:417,11,1,0
BRDA:422,12,0,0
BRDA:422,12,1,0
BRDA:428,13,0,9
BRDA:428,13,1,5
BRDA:545,14,0,0
BRDA:545,14,1,9
BRF:29
BRH:20
end_of_record
TN:
SF:components/accounts/PaymentEntryForm.tsx
FN:51,PaymentEntryFormInner
FN:60,(anonymous_1)
FN:66,(anonymous_2)
FN:76,(anonymous_3)
FN:83,(anonymous_4)
FN:87,(anonymous_5)
FN:133,(anonymous_6)
FN:137,(anonymous_7)
FN:152,(anonymous_8)
FN:159,(anonymous_9)
FNF:10
FNH:0
FNDA:0,PaymentEntryFormInner
FNDA:0,(anonymous_1)
FNDA:0,(anonymous_2)
FNDA:0,(anonymous_3)
FNDA:0,(anonymous_4)
FNDA:0,(anonymous_5)
FNDA:0,(anonymous_6)
FNDA:0,(anonymous_7)
FNDA:0,(anonymous_8)
FNDA:0,(anonymous_9)
DA:40,0
DA:56,0
DA:57,0
DA:58,0
DA:60,0
DA:61,0
DA:62,0
DA:65,0
DA:66,0
DA:75,0
DA:76,0
DA:80,0
DA:82,0
DA:83,0
DA:87,0
DA:88,0
DA:89,0
DA:90,0
DA:92,0
DA:95,0
DA:134,0
DA:137,0
DA:153,0
DA:159,0
DA:222,0
DA:228,0
LF:26
LH:0
BRDA:62,0,0,0
BRDA:62,0,1,0
BRDA:70,1,0,0
BRDA:70,1,1,0
BRDA:80,2,0,0
BRDA:80,2,1,0
BRDA:88,3,0,0
BRDA:88,3,1,0
BRDA:157,4,0,0
BRDA:157,4,1,0
BRDA:165,5,0,0
BRDA:165,5,1,0
BRDA:170,6,0,0
BRDA:170,6,1,0
BRDA:209,7,0,0
BRDA:209,7,1,0
BRF:16
BRH:0
end_of_record
TN:
SF:components/accounts/StatementView.tsx
FN:122,formatDate
FN:132,formatShortDate
FN:145,Header
FN:198,AccountInfoCard
FN:231,BalanceSummaryCard
FN:283,AgingBreakdownCard
FN:299,(anonymous_6)
FN:320,TransactionRow
FN:353,FooterSummary
FN:417,StatementViewComponent
FN:430,(anonymous_10)
FN:435,(anonymous_11)
FN:443,(anonymous_12)
FN:448,(anonymous_13)
FN:459,(anonymous_14)
FN:465,(anonymous_15)
FNF:16
FNH:16
FNDA:15,formatDate
FNDA:10,formatShortDate
FNDA:5,Header
FNDA:5,AccountInfoCard
FNDA:5,BalanceSummaryCard
FNDA:5,AgingBreakdownCard
FNDA:20,(anonymous_6)
FNDA:10,TransactionRow
FNDA:5,FooterSummary
FNDA:5,StatementViewComponent
FNDA:1,(anonymous_10)
FNDA:1,(anonymous_11)
FNDA:15,(anonymous_12)
FNDA:10,(anonymous_13)
FNDA:5,(anonymous_14)
FNDA:5,(anonymous_15)
DA:104,1
DA:115,1
DA:123,15
DA:124,15
DA:133,10
DA:134,10
DA:145,1
DA:156,5
DA:198,1
DA:209,5
DA:231,1
DA:242,5
DA:283,1
DA:288,5
DA:295,5
DA:300,20
DA:320,1
DA:325,10
DA:326,10
DA:327,10
DA:329,10
DA:353,1
DA:360,5
DA:362,5
DA:430,5
DA:431,1
DA:432,1
DA:435,5
DA:436,1
DA:437,1
DA:442,5
DA:443,15
DA:447,5
DA:449,10
DA:458,5
DA:459,5
DA:464,5
DA:466,5
DA:478,5
DA:551,1
LF:40
LH:40
BRDA:174,0,0,5
BRDA:174,0,1,5
BRDA:183,1,0,5
BRDA:183,1,1,5
BRDA:327,2,0,5
BRDA:327,2,1,5
BRDA:389,3,0,0
BRDA:389,3,1,5
BRDA:392,4,0,5
BRDA:392,4,1,0
BRDA:483,5,0,5
BRDA:483,5,1,0
BRDA:484,6,0,5
BRDA:484,6,1,0
BRF:14
BRH:10
end_of_record
TN:
SF:components/accounts/TransactionHistoryView.tsx
FN:109,formatGroupDate
FN:120,formatTime
FN:129,dateKey
FN:140,buildGroupedList
FN:142,(anonymous_4)
FN:165,FilterPill
FN:189,TransactionRow
FN:240,DateHeader
FN:253,EmptyState
FN:266,SummaryFooter
FN:320,TransactionHistoryViewInner
FN:338,(anonymous_11)
FN:348,(anonymous_12)
FN:351,(anonymous_13)
FN:373,(anonymous_14)
FN:377,(anonymous_15)
FN:379,(anonymous_16)
FN:386,(anonymous_17)
FN:393,(anonymous_18)
FN:433,(anonymous_19)
FN:438,(anonymous_20)
FNF:21
FNH:19
FNDA:30,formatGroupDate
FNDA:30,formatTime
FNDA:36,dateKey
FNDA:7,buildGroupedList
FNDA:30,(anonymous_4)
FNDA:35,FilterPill
FNDA:30,TransactionRow
FNDA:30,DateHeader
FNDA:1,EmptyState
FNDA:6,SummaryFooter
FNDA:7,TransactionHistoryViewInner
FNDA:7,(anonymous_11)
FNDA:7,(anonymous_12)
FNDA:7,(anonymous_13)
FNDA:0,(anonymous_14)
FNDA:78,(anonymous_15)
FNDA:60,(anonymous_16)
FNDA:1,(anonymous_17)
FNDA:7,(anonymous_18)
FNDA:35,(anonymous_19)
FNDA:0,(anonymous_20)
DA:46,1
DA:59,1
DA:67,1
DA:75,1
DA:110,30
DA:111,30
DA:121,30
DA:122,30
DA:130,36
DA:141,7
DA:142,30
DA:145,7
DA:146,7
DA:148,7
DA:149,36
DA:150,36
DA:151,30
DA:152,30
DA:154,36
DA:157,7
DA:165,1
DA:174,35
DA:189,1
DA:194,30
DA:195,30
DA:201,30
DA:202,30
DA:204,30
DA:240,1
DA:245,30
DA:253,1
DA:254,1
DA:266,1
DA:275,6
DA:326,7
DA:327,7
DA:328,7
DA:337,7
DA:339,7
DA:348,7
DA:351,7
DA:352,7
DA:353,7
DA:355,7
DA:356,36
DA:357,24
DA:359,12
DA:363,7
DA:372,7
DA:373,0
DA:377,78
DA:379,7
DA:380,60
DA:381,30
DA:383,30
DA:386,7
DA:393,7
DA:394,7
DA:395,6
DA:406,7
DA:434,35
DA:438,0
DA:501,1
DA:507,1
LF:64
LH:62
BRDA:150,0,0,30
BRDA:150,0,1,6
BRDA:176,1,0,35
BRDA:176,1,1,7
BRDA:181,2,0,35
BRDA:181,2,1,7
BRDA:201,3,0,30
BRDA:201,3,1,18
BRDA:202,4,0,18
BRDA:202,4,1,12
BRDA:216,5,0,18
BRDA:216,5,1,12
BRDA:296,6,0,0
BRDA:296,6,1,6
BRDA:299,7,0,6
BRDA:299,7,1,0
BRDA:342,8,0,7
BRDA:342,8,1,7
BRDA:343,9,0,7
BRDA:343,9,1,7
BRDA:356,10,0,24
BRDA:356,10,1,12
BRDA:356,11,0,36
BRDA:356,11,1,18
BRDA:380,12,0,30
BRDA:380,12,1,30
BRDA:394,13,0,1
BRDA:394,13,1,6
BRDA:410,14,0,0
BRDA:410,14,1,7
BRDA:427,15,0,7
BRDA:427,15,1,0
BRF:32
BRH:28
end_of_record
TN:
SF:components/accounts/index.ts
FNF:0
FNH:0
LF:0
LH:0
BRF:0
BRH:0
end_of_record
TN:
SF:components/common/ErrorBoundary.tsx
FN:31,(anonymous_0)
FN:36,(anonymous_1)
FN:40,(anonymous_2)
FN:46,(anonymous_3)
FN:50,(anonymous_4)
FNF:5
FNH:0
FNDA:0,(anonymous_0)
FNDA:0,(anonymous_1)
FNDA:0,(anonymous_2)
FNDA:0,(anonymous_3)
FNDA:0,(anonymous_4)
DA:32,0
DA:33,0
DA:37,0
DA:43,0
DA:46,0
DA:47,0
DA:51,0
DA:52,0
DA:53,0
DA:56,0
DA:105,0
LF:11
LH:0
BRDA:51,0,0,0
BRDA:51,0,1,0
BRDA:52,1,0,0
BRDA:52,1,1,0
BRDA:84,2,0,0
BRDA:84,2,1,0
BRF:6
BRH:0
end_of_record
TN:
SF:components/common/ErrorDisplay.tsx
FN:104,ErrorDisplay
FN:225,NetworkError
FN:244,EmptyState
FNF:3
FNH:0
FNDA:0,ErrorDisplay
FNDA:0,NetworkError
FNDA:0,EmptyState
DA:72,0
DA:93,0
DA:103,0
DA:114,0
DA:115,0
DA:117,0
DA:118,0
DA:154,0
DA:224,0
DA:226,0
DA:243,0
DA:252,0
LF:12
LH:0
BRDA:107,0,0,0
BRDA:109,1,0,0
BRDA:111,2,0,0
BRDA:117,3,0,0
BRDA:117,3,1,0
BRDA:145,4,0,0
BRDA:145,4,1,0
BRDA:190,5,0,0
BRDA:190,5,1,0
BRDA:196,6,0,0
BRDA:196,6,1,0
BRDA:247,7,0,0
BRDA:287,8,0,0
BRDA:287,8,1,0
BRDA:292,9,0,0
BRDA:292,9,1,0
BRDA:292,9,2,0
BRF:17
BRH:0
end_of_record
TN:
SF:components/common/LazyScreen.tsx
FN:48,ScreenLoadingFallback
FN:93,LazyScreen
FNF:2
FNH:0
FNDA:0,ScreenLoadingFallback
FNDA:0,LazyScreen
DA:48,0
DA:53,0
DA:93,0
DA:98,0
DA:109,0
LF:5
LH:0
BRDA:95,0,0,0
BRDA:99,1,0,0
BRDA:99,1,1,0
BRF:3
BRH:0
end_of_record
TN:
SF:components/common/LoadingSpinner.tsx
FN:18,LoadingSpinner
FNF:1
FNH:0
FNDA:0,LoadingSpinner
DA:17,0
DA:19,0
DA:20,0
DA:32,0
LF:4
LH:0
BRDA:18,0,0,0
BRDA:19,1,0,0
BRDA:19,1,1,0
BRDA:23,2,0,0
BRDA:23,2,1,0
BRDA:42,3,0,0
BRDA:42,3,1,0
BRF:7
BRH:0
end_of_record
TN:
SF:components/common/ManualSyncButton.tsx
FN:37,ManualSyncButton
FN:38,(anonymous_1)
FN:39,(anonymous_2)
FN:46,(anonymous_3)
FN:58,(anonymous_4)
FN:63,(anonymous_5)
FN:97,(anonymous_6)
FNF:7
FNH:0
FNDA:0,ManualSyncButton
FNDA:0,(anonymous_1)
FNDA:0,(anonymous_2)
FNDA:0,(anonymous_3)
FNDA:0,(anonymous_4)
FNDA:0,(anonymous_5)
FNDA:0,(anonymous_6)
DA:36,0
DA:38,0
DA:39,0
DA:40,0
DA:43,0
DA:44,0
DA:46,0
DA:47,0
DA:48,0
DA:55,0
DA:58,0
DA:59,0
DA:60,0
DA:63,0
DA:64,0
DA:66,0
DA:67,0
DA:71,0
DA:74,0
DA:75,0
DA:77,0
DA:78,0
DA:79,0
DA:81,0
DA:82,0
DA:84,0
DA:88,0
DA:93,0
DA:97,0
DA:128,0
LF:30
LH:0
BRDA:37,0,0,0
BRDA:37,1,0,0
BRDA:64,2,0,0
BRDA:64,2,1,0
BRDA:66,3,0,0
BRDA:66,3,1,0
BRDA:99,4,0,0
BRDA:99,4,1,0
BRDA:100,5,0,0
BRDA:100,5,1,0
BRDA:101,6,0,0
BRDA:101,6,1,0
BRDA:104,7,0,0
BRDA:104,7,1,0
BRDA:107,8,0,0
BRDA:107,8,1,0
BRDA:110,9,0,0
BRDA:110,9,1,0
BRDA:111,10,0,0
BRDA:111,10,1,0
BRDA:114,11,0,0
BRDA:114,11,1,0
BRDA:115,12,0,0
BRDA:115,12,1,0
BRDA:116,13,0,0
BRDA:116,13,1,0
BRF:26
BRH:0
end_of_record
TN:
SF:components/common/OnlineOfflineIndicator.tsx
FN:34,OnlineOfflineIndicator
FN:35,(anonymous_1)
FNF:2
FNH:0
FNDA:0,OnlineOfflineIndicator
FNDA:0,(anonymous_1)
DA:33,0
DA:35,0
DA:37,0
DA:63,0
LF:4
LH:0
BRDA:34,0,0,0
BRDA:34,1,0,0
BRDA:38,2,0,0
BRDA:38,2,1,0
BRDA:40,3,0,0
BRDA:40,3,1,0
BRDA:42,4,0,0
BRDA:42,4,1,0
BRDA:44,5,0,0
BRDA:44,5,1,0
BRDA:48,6,0,0
BRDA:48,6,1,0
BRDA:51,7,0,0
BRDA:51,7,1,0
BRF:14
BRH:0
end_of_record
TN:
SF:components/common/PendingChangesCount.tsx
FN:32,PendingChangesCount
FN:33,(anonymous_1)
FNF:2
FNH:0
FNDA:0,PendingChangesCount
FNDA:0,(anonymous_1)
DA:31,0
DA:33,0
DA:35,0
DA:37,0
DA:38,0
DA:40,0
DA:46,0
DA:68,0
LF:8
LH:0
BRDA:32,0,0,0
BRDA:32,1,0,0
BRDA:35,2,0,0
BRDA:35,2,1,0
BRDA:35,3,0,0
BRDA:35,3,1,0
BRDA:40,4,0,0
BRDA:40,4,1,0
BRDA:42,5,0,0
BRDA:42,5,1,0
BRDA:50,6,0,0
BRDA:50,6,1,0
BRDA:56,7,0,0
BRDA:56,7,1,0
BRF:14
BRH:0
end_of_record
TN:
SF:components/common/SyncErrorAlert.tsx
FN:35,SyncErrorAlert
FN:36,(anonymous_1)
FN:37,(anonymous_2)
FN:42,(anonymous_3)
FN:47,(anonymous_4)
FN:75,(anonymous_5)
FNF:6
FNH:0
FNDA:0,SyncErrorAlert
FNDA:0,(anonymous_1)
FNDA:0,(anonymous_2)
FNDA:0,(anonymous_3)
FNDA:0,(anonymous_4)
FNDA:0,(anonymous_5)
DA:34,0
DA:36,0
DA:37,0
DA:40,0
DA:42,0
DA:43,0
DA:44,0
DA:47,0
DA:48,0
DA:49,0
DA:52,0
DA:75,0
DA:94,0
LF:13
LH:0
BRDA:40,0,0,0
BRDA:40,0,1,0
BRDA:40,1,0,0
BRDA:40,1,1,0
BRDA:57,2,0,0
BRDA:57,2,1,0
BRDA:77,3,0,0
BRDA:77,3,1,0
BRF:8
BRH:0
end_of_record
TN:
SF:components/common/SyncStatus.tsx
FN:20,SyncStatus
FN:21,(anonymous_1)
FN:22,(anonymous_2)
FN:23,(anonymous_3)
FN:24,(anonymous_4)
FNF:5
FNH:0
FNDA:0,SyncStatus
FNDA:0,(anonymous_1)
FNDA:0,(anonymous_2)
FNDA:0,(anonymous_3)
FNDA:0,(anonymous_4)
DA:20,0
DA:21,0
DA:22,0
DA:23,0
DA:24,0
DA:27,0
DA:37,0
DA:47,0
LF:8
LH:0
BRDA:27,0,0,0
BRDA:27,0,1,0
BRDA:29,1,0,0
BRDA:29,1,1,0
BRDA:31,2,0,0
BRDA:31,2,1,0
BRDA:33,3,0,0
BRDA:33,3,1,0
BRDA:37,4,0,0
BRDA:37,4,1,0
BRDA:39,5,0,0
BRDA:39,5,1,0
BRDA:41,6,0,0
BRDA:41,6,1,0
BRDA:43,7,0,0
BRDA:43,7,1,0
BRDA:76,8,0,0
BRDA:76,8,1,0
BRF:18
BRH:0
end_of_record
TN:
SF:components/customer-display/LoyaltyDisplay.tsx
FN:65,(anonymous_0)
FN:66,(anonymous_1)
FN:106,(anonymous_2)
FN:164,(anonymous_3)
FNF:4
FNH:4
FNDA:6,(anonymous_0)
FNDA:1,(anonymous_1)
FNDA:4,(anonymous_2)
FNDA:6,(anonymous_3)
DA:43,1
DA:65,1
DA:66,6
DA:67,1
DA:68,1
DA:69,1
DA:72,6
DA:102,1
DA:106,1
DA:117,4
DA:119,4
DA:165,6
DA:186,1
LF:13
LH:13
BRDA:67,0,0,0
BRDA:67,0,1,1
BRDA:67,1,0,1
BRDA:67,1,1,1
BRDA:83,2,0,6
BRDA:83,2,1,3
BRDA:92,3,0,6
BRDA:92,3,1,3
BRDA:158,4,0,3
BRDA:158,4,1,1
BRF:10
BRH:9
end_of_record
TN:
SF:components/customer-display/OrderDisplay.tsx
FN:46,(anonymous_0)
FN:72,(anonymous_1)
FN:102,(anonymous_2)
FN:115,(anonymous_3)
FN:121,(anonymous_4)
FN:122,(anonymous_5)
FN:126,(anonymous_6)
FN:132,(anonymous_7)
FNF:8
FNH:6
FNDA:16,(anonymous_0)
FNDA:6,(anonymous_1)
FNDA:4,(anonymous_2)
FNDA:4,(anonymous_3)
FNDA:0,(anonymous_4)
FNDA:0,(anonymous_5)
FNDA:6,(anonymous_6)
FNDA:9,(anonymous_7)
DA:46,1
DA:47,16
DA:51,1
DA:72,1
DA:73,6
DA:98,1
DA:102,1
DA:113,4
DA:115,4
DA:116,4
DA:118,0
DA:121,0
DA:122,0
DA:125,4
DA:127,6
DA:132,9
DA:135,4
DA:136,0
DA:143,4
DA:213,1
LF:20
LH:16
BRDA:74,0,0,0
BRDA:74,0,1,6
BRDA:75,1,0,6
BRDA:75,1,1,0
BRDA:87,2,0,6
BRDA:87,2,1,0
BRDA:87,2,2,0
BRDA:108,3,0,4
BRDA:110,4,0,4
BRDA:116,5,0,4
BRDA:116,5,1,0
BRDA:135,6,0,0
BRDA:135,6,1,4
BRDA:148,7,0,1
BRDA:148,7,1,3
BRDA:156,8,0,1
BRDA:156,8,1,3
BRDA:174,9,0,4
BRDA:174,9,1,3
BRDA:183,10,0,3
BRDA:183,10,1,1
BRF:21
BRH:15
end_of_record
TN:
SF:components/customer-display/PaymentDisplay.tsx
FN:36,(anonymous_0)
FN:72,(anonymous_1)
FN:82,(anonymous_2)
FN:146,(anonymous_3)
FN:154,(anonymous_4)
FN:167,(anonymous_5)
FN:188,(anonymous_6)
FNF:7
FNH:6
FNDA:5,(anonymous_0)
FNDA:4,(anonymous_1)
FNDA:4,(anonymous_2)
FNDA:2,(anonymous_3)
FNDA:0,(anonymous_4)
FNDA:1,(anonymous_5)
FNDA:1,(anonymous_6)
DA:36,1
DA:37,5
DA:40,1
DA:49,1
DA:59,1
DA:72,1
DA:82,4
DA:83,4
DA:84,1
DA:85,3
DA:86,1
DA:90,4
DA:91,4
DA:93,4
DA:146,1
DA:147,2
DA:152,1
DA:154,1
DA:155,0
DA:160,1
DA:166,1
DA:168,1
DA:181,1
DA:187,1
DA:189,1
DA:208,1
DA:212,1
LF:27
LH:26
BRDA:76,0,0,3
BRDA:83,1,0,1
BRDA:83,1,1,3
BRDA:85,2,0,1
BRDA:85,2,1,2
BRDA:90,3,0,4
BRDA:90,3,1,0
BRDA:91,4,0,4
BRDA:91,4,1,0
BRDA:113,5,0,4
BRDA:113,5,1,2
BRDA:114,6,0,4
BRDA:114,6,1,0
BRDA:115,7,0,4
BRDA:115,7,1,1
BRDA:116,8,0,4
BRDA:116,8,1,1
BRDA:120,9,0,4
BRDA:120,9,1,1
BRDA:134,10,0,0
BRDA:134,10,1,4
BRDA:173,11,0,1
BRDA:173,11,1,1
BRDA:173,11,2,1
BRDA:194,12,0,1
BRDA:194,12,1,1
BRF:26
BRH:22
end_of_record
TN:
SF:components/customer-display/index.ts
FNF:0
FNH:0
LF:0
LH:0
BRF:0
BRH:0
end_of_record
TN:
SF:components/dashboards/GaugeWidget.tsx
FN:64,(anonymous_0)
FN:76,(anonymous_1)
FN:85,(anonymous_2)
FN:98,(anonymous_3)
FN:109,(anonymous_4)
FN:115,(anonymous_5)
FN:118,(anonymous_6)
FN:123,(anonymous_7)
FN:127,(anonymous_8)
FN:131,(anonymous_9)
FNF:10
FNH:9
FNDA:8,(anonymous_0)
FNDA:8,(anonymous_1)
FNDA:4,(anonymous_2)
FNDA:4,(anonymous_3)
FNDA:4,(anonymous_4)
FNDA:4,(anonymous_5)
FNDA:4,(anonymous_6)
FNDA:4,(anonymous_7)
FNDA:4,(anonymous_8)
FNDA:0,(anonymous_9)
DA:44,1
DA:58,1
DA:64,1
DA:65,8
DA:67,8
DA:69,0
DA:72,0
DA:76,1
DA:77,8
DA:85,1
DA:89,4
DA:90,3
DA:91,1
DA:98,1
DA:109,4
DA:110,4
DA:111,4
DA:115,4
DA:117,4
DA:118,4
DA:122,4
DA:123,4
DA:126,4
DA:127,4
DA:131,4
DA:132,0
DA:133,0
DA:134,0
DA:140,4
DA:141,0
DA:153,4
DA:154,4
DA:158,4
DA:215,1
LF:34
LH:28
BRDA:65,0,0,8
BRDA:65,0,1,0
BRDA:65,0,2,0
BRDA:65,0,3,0
BRDA:89,1,0,1
BRDA:89,1,1,3
BRDA:90,2,0,2
BRDA:90,2,1,1
BRDA:103,3,0,2
BRDA:106,4,0,4
BRDA:110,5,0,0
BRDA:110,5,1,4
BRDA:132,6,0,0
BRDA:132,6,1,0
BRDA:140,7,0,0
BRDA:140,7,1,4
BRDA:153,8,0,0
BRDA:153,8,1,4
BRDA:154,9,0,0
BRDA:154,9,1,4
BRDA:202,10,0,4
BRDA:202,10,1,0
BRF:22
BRH:12
end_of_record
TN:
SF:components/dashboards/KPIWidget.tsx
FN:49,(anonymous_0)
FN:65,(anonymous_1)
FN:74,(anonymous_2)
FN:110,(anonymous_3)
FN:124,(anonymous_4)
FN:132,(anonymous_5)
FN:138,(anonymous_6)
FN:140,(anonymous_7)
FN:143,(anonymous_8)
FNF:9
FNH:8
FNDA:3,(anonymous_0)
FNDA:3,(anonymous_1)
FNDA:3,(anonymous_2)
FNDA:3,(anonymous_3)
FNDA:3,(anonymous_4)
FNDA:3,(anonymous_5)
FNDA:3,(anonymous_6)
FNDA:3,(anonymous_7)
FNDA:0,(anonymous_8)
DA:49,1
DA:50,3
DA:52,3
DA:54,0
DA:57,0
DA:65,1
DA:66,3
DA:74,1
DA:77,3
DA:79,1
DA:81,0
DA:84,2
DA:92,1
DA:110,1
DA:124,3
DA:125,3
DA:126,2
DA:127,0
DA:128,0
DA:129,0
DA:132,3
DA:133,3
DA:134,2
DA:135,0
DA:138,3
DA:140,3
DA:143,3
DA:144,0
DA:145,0
DA:146,0
DA:152,3
DA:153,1
DA:165,2
DA:166,2
DA:170,2
DA:216,1
LF:36
LH:26
BRDA:50,0,0,3
BRDA:50,0,1,0
BRDA:50,0,2,0
BRDA:50,0,3,0
BRDA:77,1,0,1
BRDA:77,1,1,0
BRDA:77,1,2,2
BRDA:77,1,3,2
BRDA:120,2,0,2
BRDA:125,3,0,1
BRDA:125,3,1,2
BRDA:126,4,0,2
BRDA:126,4,1,0
BRDA:127,5,0,0
BRDA:127,5,1,0
BRDA:128,6,0,0
BRDA:128,6,1,0
BRDA:133,7,0,1
BRDA:133,7,1,2
BRDA:134,8,0,2
BRDA:134,8,1,0
BRDA:134,9,0,2
BRDA:134,9,1,0
BRDA:144,10,0,0
BRDA:144,10,1,0
BRDA:152,11,0,1
BRDA:152,11,1,2
BRDA:165,12,0,0
BRDA:165,12,1,2
BRDA:166,13,0,0
BRDA:166,13,1,2
BRDA:174,14,0,2
BRDA:174,14,1,0
BRDA:195,15,0,2
BRDA:195,15,1,1
BRDA:203,16,0,2
BRDA:203,16,1,0
BRF:37
BRH:20
end_of_record
TN:
SF:components/dashboards/ListWidget.tsx
FN:80,(anonymous_0)
FN:92,(anonymous_1)
FN:108,(anonymous_2)
FN:109,(anonymous_3)
FN:117,(anonymous_4)
FN:201,(anonymous_5)
FN:209,(anonymous_6)
FN:214,(anonymous_7)
FN:217,(anonymous_8)
FNF:9
FNH:8
FNDA:8,(anonymous_0)
FNDA:8,(anonymous_1)
FNDA:8,(anonymous_2)
FNDA:0,(anonymous_3)
FNDA:8,(anonymous_4)
FNDA:3,(anonymous_5)
FNDA:3,(anonymous_6)
FNDA:10,(anonymous_7)
FNDA:8,(anonymous_8)
DA:54,1
DA:70,1
DA:80,1
DA:81,8
DA:83,8
DA:85,0
DA:88,0
DA:92,1
DA:93,8
DA:108,1
DA:109,8
DA:110,0
DA:111,0
DA:112,0
DA:115,8
DA:116,8
DA:117,8
DA:122,8
DA:129,8
DA:135,8
DA:136,8
DA:140,8
DA:201,1
DA:209,3
DA:210,3
DA:211,0
DA:214,10
DA:216,3
DA:218,8
DA:226,3
DA:227,1
DA:241,2
DA:242,0
DA:256,2
DA:277,1
LF:35
LH:28
BRDA:81,0,0,8
BRDA:81,0,1,0
BRDA:81,0,2,0
BRDA:81,0,3,0
BRDA:110,1,0,0
BRDA:110,1,1,0
BRDA:122,2,0,0
BRDA:122,2,1,8
BRDA:122,3,0,8
BRDA:122,3,1,0
BRDA:123,4,0,0
BRDA:123,4,1,0
BRDA:129,5,0,0
BRDA:129,5,1,8
BRDA:129,6,0,8
BRDA:129,6,1,0
BRDA:130,7,0,0
BRDA:130,7,1,0
BRDA:135,8,0,0
BRDA:135,8,1,8
BRDA:136,9,0,0
BRDA:136,9,1,8
BRDA:150,10,0,6
BRDA:150,10,1,2
BRDA:157,11,0,6
BRDA:157,11,1,2
BRDA:165,12,0,8
BRDA:165,12,1,0
BRDA:185,13,0,8
BRDA:185,13,1,0
BRDA:185,13,2,0
BRDA:206,14,0,2
BRDA:207,15,0,3
BRDA:210,16,0,3
BRDA:210,16,1,0
BRDA:226,17,0,1
BRDA:226,17,1,2
BRDA:241,18,0,0
BRDA:241,18,1,2
BRF:39
BRH:19
end_of_record
TN:
SF:components/dashboards/TableWidget.tsx
FN:78,(anonymous_0)
FN:103,(anonymous_1)
FN:123,(anonymous_2)
FN:127,(anonymous_3)
FN:177,(anonymous_4)
FN:181,(anonymous_5)
FN:198,(anonymous_6)
FN:224,(anonymous_7)
FN:279,(anonymous_8)
FN:296,(anonymous_9)
FNF:10
FNH:9
FNDA:12,(anonymous_0)
FNDA:4,(anonymous_1)
FNDA:6,(anonymous_2)
FNDA:1,(anonymous_3)
FNDA:4,(anonymous_4)
FNDA:0,(anonymous_5)
FNDA:12,(anonymous_6)
FNDA:3,(anonymous_7)
FNDA:6,(anonymous_8)
FNDA:4,(anonymous_9)
DA:56,1
DA:71,1
DA:78,1
DA:82,12
DA:84,12
DA:86,4
DA:88,4
DA:90,0
DA:92,0
DA:99,4
DA:103,1
DA:104,4
DA:123,1
DA:124,6
DA:125,6
DA:127,6
DA:128,1
DA:129,1
DA:130,1
DA:133,6
DA:139,6
DA:177,1
DA:179,4
DA:181,4
DA:182,0
DA:183,0
DA:184,0
DA:187,4
DA:188,4
DA:192,4
DA:199,12
DA:200,12
DA:201,12
DA:224,1
DA:238,3
DA:239,0
DA:253,3
DA:254,1
DA:268,2
DA:280,6
DA:297,4
DA:316,1
LF:42
LH:36
BRDA:80,0,0,0
BRDA:82,1,0,0
BRDA:82,1,1,12
BRDA:82,2,0,12
BRDA:82,2,1,12
BRDA:84,3,0,4
BRDA:84,3,1,4
BRDA:84,3,2,0
BRDA:84,3,3,0
BRDA:84,3,4,4
BRDA:84,3,5,4
BRDA:124,4,0,6
BRDA:124,4,1,6
BRDA:125,5,0,6
BRDA:125,5,1,2
BRDA:128,6,0,0
BRDA:128,6,1,1
BRDA:133,7,0,0
BRDA:133,7,1,6
BRDA:134,8,0,0
BRDA:134,8,1,0
BRDA:151,9,0,6
BRDA:151,9,1,0
BRDA:157,10,0,6
BRDA:157,10,1,3
BRDA:161,11,0,0
BRDA:161,11,1,3
BRDA:179,12,0,2
BRDA:179,12,1,2
BRDA:182,13,0,0
BRDA:182,13,1,0
BRDA:187,14,0,0
BRDA:187,14,1,4
BRDA:188,15,0,0
BRDA:188,15,1,4
BRDA:199,16,0,12
BRDA:199,16,1,12
BRDA:200,17,0,12
BRDA:200,17,1,4
BRDA:232,18,0,3
BRDA:233,19,0,2
BRDA:238,20,0,0
BRDA:238,20,1,3
BRDA:253,21,0,1
BRDA:253,21,1,2
BRF:45
BRH:30
end_of_record
TN:
SF:components/dashboards/WidgetConfigPanel.tsx
FN:117,SectionLabel
FN:122,SourceOption
FN:131,(anonymous_2)
FN:159,(anonymous_3)
FN:171,(anonymous_4)
FN:176,(anonymous_5)
FN:181,(anonymous_6)
FN:189,(anonymous_7)
FN:197,(anonymous_8)
FN:204,(anonymous_9)
FN:209,(anonymous_10)
FN:214,(anonymous_11)
FN:250,(anonymous_12)
FN:263,(anonymous_13)
FN:270,(anonymous_14)
FN:289,(anonymous_15)
FN:296,(anonymous_16)
FN:310,(anonymous_17)
FN:321,(anonymous_18)
FNF:19
FNH:8
FNDA:10,SectionLabel
FNDA:4,SourceOption
FNDA:0,(anonymous_2)
FNDA:2,(anonymous_3)
FNDA:0,(anonymous_4)
FNDA:0,(anonymous_5)
FNDA:0,(anonymous_6)
FNDA:0,(anonymous_7)
FNDA:0,(anonymous_8)
FNDA:1,(anonymous_9)
FNDA:0,(anonymous_10)
FNDA:0,(anonymous_11)
FNDA:4,(anonymous_12)
FNDA:10,(anonymous_13)
FNDA:0,(anonymous_14)
FNDA:8,(anonymous_15)
FNDA:0,(anonymous_16)
FNDA:10,(anonymous_17)
FNDA:0,(anonymous_18)
DA:63,1
DA:87,1
DA:96,1
DA:104,1
DA:117,1
DA:118,10
DA:122,1
DA:131,4
DA:132,0
DA:133,0
DA:136,4
DA:159,1
DA:170,2
DA:171,0
DA:175,2
DA:176,0
DA:180,2
DA:182,0
DA:183,0
DA:188,2
DA:190,0
DA:191,0
DA:196,2
DA:198,0
DA:199,0
DA:204,2
DA:205,1
DA:206,1
DA:209,2
DA:210,0
DA:211,0
DA:214,2
DA:215,0
DA:216,0
DA:221,2
DA:251,4
DA:264,10
DA:265,10
DA:270,0
DA:290,8
DA:291,8
DA:296,0
DA:311,10
DA:312,10
DA:321,0
DA:378,1
LF:46
LH:29
BRDA:139,0,0,4
BRDA:139,0,1,2
BRDA:144,1,0,2
BRDA:144,1,1,2
BRDA:146,2,0,2
BRDA:146,2,1,2
BRDA:148,3,0,4
BRDA:148,3,1,2
BRDA:166,4,0,2
BRDA:269,5,0,10
BRDA:269,5,1,2
BRDA:276,6,0,2
BRDA:276,6,1,8
BRDA:278,7,0,10
BRDA:278,7,1,2
BRDA:295,8,0,8
BRDA:295,8,1,2
BRDA:299,9,0,8
BRDA:299,9,1,2
BRDA:319,10,0,10
BRDA:319,10,1,2
BRDA:324,11,0,10
BRDA:324,11,1,2
BRDA:354,12,0,2
BRDA:354,12,1,0
BRDA:359,13,0,0
BRDA:359,13,1,2
BRF:27
BRH:25
end_of_record
TN:
SF:components/dashboards/WidgetLibrary.tsx
FN:105,CategoryPill
FN:118,(anonymous_1)
FN:136,WidgetCard
FN:143,(anonymous_3)
FN:153,(anonymous_4)
FN:192,(anonymous_5)
FN:204,(anonymous_6)
FN:207,(anonymous_7)
FN:212,(anonymous_8)
FN:220,(anonymous_9)
FN:223,(anonymous_10)
FN:231,(anonymous_11)
FN:243,(anonymous_12)
FN:279,(anonymous_13)
FN:287,(anonymous_14)
FNF:15
FNH:11
FNDA:18,CategoryPill
FNDA:0,(anonymous_1)
FNDA:7,WidgetCard
FNDA:1,(anonymous_3)
FNDA:22,(anonymous_4)
FNDA:3,(anonymous_5)
FNDA:3,(anonymous_6)
FNDA:3,(anonymous_7)
FNDA:0,(anonymous_8)
FNDA:12,(anonymous_9)
FNDA:7,(anonymous_10)
FNDA:3,(anonymous_11)
FNDA:0,(anonymous_12)
FNDA:0,(anonymous_13)
FNDA:18,(anonymous_14)
DA:62,1
DA:82,1
DA:92,1
DA:105,1
DA:118,18
DA:119,0
DA:120,0
DA:123,18
DA:136,1
DA:143,7
DA:144,1
DA:145,1
DA:152,7
DA:153,22
DA:155,7
DA:192,1
DA:204,3
DA:205,3
DA:206,3
DA:207,3
DA:209,3
DA:210,0
DA:211,0
DA:213,0
DA:217,3
DA:220,12
DA:222,3
DA:224,7
DA:230,3
DA:232,3
DA:243,3
DA:244,0
DA:245,0
DA:250,3
DA:279,0
DA:288,18
DA:318,1
LF:37
LH:29
BRDA:126,0,0,18
BRDA:126,0,1,3
BRDA:130,1,0,18
BRDA:130,1,1,3
BRDA:152,2,0,7
BRDA:152,2,1,0
BRDA:152,2,2,0
BRDA:153,3,0,7
BRDA:153,3,1,0
BRDA:163,4,0,7
BRDA:163,4,1,3
BRDA:206,5,0,1
BRDA:206,5,1,2
BRDA:206,6,0,3
BRDA:206,6,1,3
BRDA:209,7,0,0
BRDA:209,7,1,3
BRDA:213,8,0,0
BRDA:213,8,1,0
BRDA:278,9,0,3
BRDA:278,9,1,0
BRDA:293,10,0,18
BRDA:293,10,1,15
BRDA:293,10,2,1
BRF:24
BRH:17
end_of_record
TN:
SF:components/dashboards/index.ts
FNF:0
FNH:0
LF:0
LH:0
BRF:0
BRH:0
end_of_record
TN:
SF:components/delivery/MapView.tsx
FN:88,StatusBadge
FN:108,DeliveryCard
FN:117,(anonymous_2)
FN:168,DeliveryMapView
FN:176,(anonymous_4)
FN:178,(anonymous_5)
FN:186,(anonymous_6)
FN:196,(anonymous_7)
FN:201,(anonymous_8)
FNF:9
FNH:9
FNDA:6,StatusBadge
FNDA:6,DeliveryCard
FNDA:1,(anonymous_2)
FNDA:3,DeliveryMapView
FNDA:3,(anonymous_4)
FNDA:6,(anonymous_5)
FNDA:6,(anonymous_6)
FNDA:9,(anonymous_7)
FNDA:3,(anonymous_8)
DA:55,1
DA:76,1
DA:88,1
DA:93,6
DA:94,6
DA:108,1
DA:117,6
DA:118,1
DA:119,1
DA:122,6
DA:175,3
DA:177,3
DA:178,6
DA:185,3
DA:187,6
DA:196,9
DA:200,3
DA:202,3
DA:215,3
DA:216,0
DA:226,3
DA:271,1
LF:22
LH:21
BRDA:129,0,0,6
BRDA:129,0,1,0
BRDA:144,1,0,6
BRDA:144,1,1,3
BRDA:150,2,0,6
BRDA:150,2,1,3
BRDA:172,3,0,0
BRDA:178,4,0,6
BRDA:178,4,1,3
BRDA:215,5,0,0
BRDA:215,5,1,3
BRDA:254,6,0,0
BRDA:254,6,1,3
BRF:13
BRH:9
end_of_record
TN:
SF:components/delivery/index.ts
FNF:0
FNH:0
LF:0
LH:0
BRF:0
BRH:0
end_of_record
TN:
SF:components/general-ledger/ReportExportView.tsx
FN:129,(anonymous_0)
FN:148,PeriodPill
FN:157,(anonymous_2)
FN:177,GenerateButton
FN:192,(anonymous_4)
FN:214,ReportRow
FN:228,(anonymous_6)
FN:233,(anonymous_7)
FN:238,(anonymous_8)
FN:319,(anonymous_9)
FN:332,(anonymous_10)
FN:336,(anonymous_11)
FN:349,(anonymous_12)
FN:376,(anonymous_13)
FN:381,(anonymous_14)
FN:388,(anonymous_15)
FN:417,(anonymous_16)
FNF:17
FNH:11
FNDA:6,(anonymous_0)
FNDA:12,PeriodPill
FNDA:0,(anonymous_2)
FNDA:12,GenerateButton
FNDA:0,(anonymous_4)
FNDA:6,ReportRow
FNDA:0,(anonymous_6)
FNDA:0,(anonymous_7)
FNDA:0,(anonymous_8)
FNDA:3,(anonymous_9)
FNDA:9,(anonymous_10)
FNDA:6,(anonymous_11)
FNDA:3,(anonymous_12)
FNDA:12,(anonymous_13)
FNDA:0,(anonymous_14)
FNDA:12,(anonymous_15)
FNDA:3,(anonymous_16)
DA:63,1
DA:83,1
DA:91,1
DA:99,1
DA:107,1
DA:118,1
DA:129,1
DA:130,6
DA:131,6
DA:139,0
DA:148,1
DA:157,12
DA:158,0
DA:159,0
DA:162,12
DA:177,1
DA:192,12
DA:193,0
DA:194,0
DA:197,12
DA:214,1
DA:225,6
DA:226,6
DA:228,6
DA:229,0
DA:230,0
DA:233,6
DA:234,0
DA:235,0
DA:238,6
DA:239,0
DA:240,0
DA:243,6
DA:319,1
DA:332,9
DA:335,3
DA:337,6
DA:348,3
DA:350,3
DA:363,3
DA:377,12
DA:381,0
DA:389,12
DA:417,3
DA:428,1
LF:45
LH:33
BRDA:165,0,0,12
BRDA:165,0,1,3
BRDA:169,1,0,12
BRDA:169,1,1,3
BRDA:200,2,0,12
BRDA:200,2,1,0
BRDA:205,3,0,0
BRDA:205,3,1,12
BRDA:206,4,0,0
BRDA:206,4,1,12
BRDA:226,5,0,6
BRDA:226,5,1,0
BRDA:252,6,0,6
BRDA:252,6,1,0
BRDA:287,7,0,6
BRDA:287,7,1,3
BRDA:325,8,0,0
BRDA:369,9,0,3
BRDA:369,9,1,0
BRDA:404,10,0,0
BRDA:404,10,1,3
BRDA:404,11,0,3
BRDA:404,11,1,0
BRF:23
BRH:14
end_of_record
TN:
SF:components/general-ledger/index.ts
FNF:0
FNH:0
LF:0
LH:0
BRF:0
BRH:0
end_of_record
TN:
SF:components/integrations/AccountMappingView.tsx
FN:112,capitalise
FN:121,FilterPillRow
FN:134,(anonymous_2)
FN:139,(anonymous_3)
FN:168,MappingRow
FN:179,(anonymous_5)
FN:236,(anonymous_6)
FN:267,AccountMappingView
FN:282,(anonymous_8)
FN:282,(anonymous_9)
FN:288,(anonymous_10)
FN:291,(anonymous_11)
FN:292,(anonymous_12)
FN:299,(anonymous_13)
FN:304,(anonymous_14)
FN:322,(anonymous_15)
FN:363,(anonymous_16)
FN:370,(anonymous_17)
FN:401,(anonymous_18)
FN:412,(anonymous_19)
FNF:20
FNH:13
FNDA:4,capitalise
FNDA:2,FilterPillRow
FNDA:10,(anonymous_2)
FNDA:0,(anonymous_3)
FNDA:4,MappingRow
FNDA:0,(anonymous_5)
FNDA:4,(anonymous_6)
FNDA:2,AccountMappingView
FNDA:2,(anonymous_8)
FNDA:4,(anonymous_9)
FNDA:4,(anonymous_10)
FNDA:0,(anonymous_11)
FNDA:0,(anonymous_12)
FNDA:6,(anonymous_13)
FNDA:0,(anonymous_14)
FNDA:0,(anonymous_15)
FNDA:1,(anonymous_16)
FNDA:2,(anonymous_17)
FNDA:0,(anonymous_18)
FNDA:2,(anonymous_19)
DA:76,1
DA:91,1
DA:100,1
DA:113,4
DA:121,1
DA:132,2
DA:135,10
DA:136,10
DA:140,0
DA:141,0
DA:168,1
DA:177,4
DA:179,4
DA:180,0
DA:181,0
DA:182,0
DA:184,0
DA:188,4
DA:236,4
DA:266,1
DA:280,2
DA:281,2
DA:282,4
DA:287,2
DA:289,4
DA:291,0
DA:292,0
DA:298,2
DA:299,6
DA:303,2
DA:305,0
DA:317,2
DA:323,0
DA:324,0
DA:364,1
DA:365,1
DA:370,2
DA:402,0
DA:405,0
DA:412,2
DA:438,1
LF:41
LH:28
BRDA:146,0,0,10
BRDA:146,0,1,2
BRDA:149,1,0,10
BRDA:149,1,1,2
BRDA:155,2,0,10
BRDA:155,2,1,2
BRDA:181,3,0,0
BRDA:181,3,1,0
BRDA:210,4,0,2
BRDA:210,4,1,2
BRDA:216,5,0,2
BRDA:216,5,1,2
BRDA:216,6,0,4
BRDA:216,6,1,2
BRDA:234,7,0,2
BRDA:234,7,1,2
BRDA:239,8,0,2
BRDA:239,8,1,2
BRDA:240,9,0,0
BRDA:240,9,1,4
BRDA:245,10,0,2
BRDA:245,10,1,2
BRDA:247,11,0,2
BRDA:247,11,1,2
BRDA:252,12,0,2
BRDA:252,12,1,2
BRDA:255,13,0,2
BRDA:255,13,1,2
BRDA:276,14,0,2
BRDA:277,15,0,2
BRDA:352,16,0,2
BRDA:352,16,1,0
BRDA:372,17,0,0
BRDA:372,17,1,2
BRDA:407,18,0,2
BRDA:407,18,1,0
BRDA:410,19,0,2
BRDA:410,19,1,0
BRDA:415,20,0,2
BRDA:415,20,1,0
BRDA:415,21,0,2
BRDA:415,21,1,0
BRDA:415,22,0,0
BRDA:415,22,1,0
BRDA:419,23,0,0
BRDA:419,23,1,2
BRDA:425,24,0,0
BRDA:425,24,1,2
BRF:48
BRH:35
end_of_record
TN:
SF:components/integrations/SageConnectionPanel.tsx
FN:81,formatSyncTime
FN:102,ConnectionBadge
FN:119,CountBadge
FN:142,ActionButton
FN:157,(anonymous_4)
FN:170,(anonymous_5)
FN:186,SageConnectionPanel
FN:204,(anonymous_7)
FN:209,(anonymous_8)
FNF:9
FNH:7
FNDA:3,formatSyncTime
FNDA:3,ConnectionBadge
FNDA:2,CountBadge
FNDA:8,ActionButton
FNDA:1,(anonymous_4)
FNDA:8,(anonymous_5)
FNDA:3,SageConnectionPanel
FNDA:0,(anonymous_7)
FNDA:0,(anonymous_8)
DA:59,1
DA:82,3
DA:83,3
DA:84,3
DA:85,3
DA:93,0
DA:102,1
DA:107,3
DA:108,3
DA:110,3
DA:119,1
DA:130,2
DA:142,1
DA:157,8
DA:158,1
DA:159,1
DA:162,8
DA:170,8
DA:185,1
DA:199,3
DA:200,3
DA:201,3
DA:204,3
DA:205,0
DA:206,0
DA:209,3
DA:210,0
DA:211,0
DA:214,3
DA:326,1
LF:30
LH:25
BRDA:82,0,0,0
BRDA:82,0,1,3
BRDA:107,1,0,2
BRDA:107,1,1,1
BRDA:108,2,0,2
BRDA:108,2,1,1
BRDA:147,3,0,6
BRDA:172,4,0,0
BRDA:172,4,1,8
BRDA:172,5,0,0
BRDA:172,5,1,8
BRDA:200,6,0,3
BRDA:200,6,1,0
BRDA:226,7,0,2
BRDA:226,7,1,1
BRDA:226,8,0,3
BRDA:226,8,1,2
BRDA:245,9,0,3
BRDA:245,9,1,0
BRDA:255,10,0,3
BRDA:255,10,1,2
BRDA:260,11,0,2
BRDA:260,11,1,0
BRDA:267,12,0,3
BRDA:267,12,1,0
BRDA:282,13,0,2
BRDA:282,13,1,1
BRF:27
BRH:20
end_of_record
TN:
SF:components/integrations/SyncLogViewer.tsx
FN:119,formatTimestamp
FN:135,capitalise
FN:145,FilterPillRow
FN:160,(anonymous_3)
FN:165,(anonymous_4)
FN:197,LogEntryRow
FN:207,(anonymous_6)
FN:210,(anonymous_7)
FN:219,(anonymous_8)
FN:281,SyncLogViewer
FN:294,(anonymous_10)
FN:301,(anonymous_11)
FN:305,(anonymous_12)
FN:319,(anonymous_13)
FN:332,(anonymous_14)
FN:339,(anonymous_15)
FN:358,(anonymous_16)
FNF:17
FNH:13
FNDA:6,formatTimestamp
FNDA:6,capitalise
FNDA:6,FilterPillRow
FNDA:24,(anonymous_3)
FNDA:1,(anonymous_4)
FNDA:6,LogEntryRow
FNDA:0,(anonymous_6)
FNDA:0,(anonymous_7)
FNDA:6,(anonymous_8)
FNDA:3,SyncLogViewer
FNDA:6,(anonymous_10)
FNDA:9,(anonymous_11)
FNDA:0,(anonymous_12)
FNDA:3,(anonymous_13)
FNDA:1,(anonymous_14)
FNDA:1,(anonymous_15)
FNDA:0,(anonymous_16)
DA:67,1
DA:82,1
DA:90,1
DA:101,1
DA:108,1
DA:120,6
DA:121,6
DA:122,6
DA:130,0
DA:136,6
DA:137,6
DA:145,1
DA:158,6
DA:161,24
DA:162,24
DA:166,1
DA:167,1
DA:197,1
DA:202,6
DA:203,6
DA:204,6
DA:205,6
DA:207,6
DA:208,0
DA:209,0
DA:210,0
DA:213,6
DA:219,6
DA:280,1
DA:293,3
DA:295,6
DA:300,3
DA:301,9
DA:305,3
DA:306,0
DA:307,0
DA:319,3
DA:320,3
DA:321,0
DA:329,3
DA:330,1
DA:333,1
DA:334,1
DA:339,1
DA:349,2
DA:353,3
DA:359,0
DA:360,0
DA:409,1
LF:49
LH:40
BRDA:136,0,0,0
BRDA:136,0,1,6
BRDA:172,1,0,24
BRDA:172,1,1,6
BRDA:175,2,0,24
BRDA:175,2,1,6
BRDA:181,3,0,24
BRDA:181,3,1,6
BRDA:208,4,0,0
BRDA:208,4,1,0
BRDA:216,5,0,0
BRDA:216,5,1,6
BRDA:221,6,0,6
BRDA:221,6,1,0
BRDA:221,6,2,0
BRDA:253,7,0,6
BRDA:253,7,1,0
BRDA:253,7,2,0
BRDA:260,8,0,6
BRDA:260,8,1,0
BRDA:263,9,0,0
BRDA:263,9,1,0
BRDA:268,10,0,0
BRDA:268,10,1,0
BRDA:284,11,0,0
BRDA:289,12,0,3
BRDA:306,13,0,0
BRDA:306,13,1,0
BRDA:320,14,0,0
BRDA:320,14,1,3
BRDA:329,15,0,1
BRDA:329,15,1,2
BRDA:329,16,0,3
BRDA:329,16,1,1
BRDA:341,17,0,0
BRDA:341,17,1,1
BRF:36
BRH:18
end_of_record
TN:
SF:components/integrations/WooCommercePanel.tsx
FN:87,formatSyncTime
FN:108,ConnectionBadge
FN:125,StatTile
FN:148,SyncEntityButton
FN:161,(anonymous_4)
FN:174,(anonymous_5)
FN:186,ActionButton
FN:201,(anonymous_7)
FN:214,(anonymous_8)
FN:230,WooCommercePanel
FN:250,(anonymous_10)
FN:255,(anonymous_11)
FNF:12
FNH:9
FNDA:2,formatSyncTime
FNDA:2,ConnectionBadge
FNDA:6,StatTile
FNDA:6,SyncEntityButton
FNDA:1,(anonymous_4)
FNDA:6,(anonymous_5)
FNDA:4,ActionButton
FNDA:0,(anonymous_7)
FNDA:4,(anonymous_8)
FNDA:2,WooCommercePanel
FNDA:0,(anonymous_10)
FNDA:0,(anonymous_11)
DA:68,1
DA:88,2
DA:89,2
DA:90,2
DA:91,2
DA:99,0
DA:108,1
DA:113,2
DA:114,2
DA:116,2
DA:125,1
DA:138,6
DA:148,1
DA:161,6
DA:162,1
DA:163,1
DA:166,6
DA:174,6
DA:186,1
DA:201,4
DA:202,0
DA:203,0
DA:206,4
DA:214,4
DA:229,1
DA:246,2
DA:247,2
DA:248,2
DA:250,2
DA:251,0
DA:252,0
DA:255,2
DA:256,0
DA:257,0
DA:260,2
DA:409,1
LF:36
LH:29
BRDA:88,0,0,0
BRDA:88,0,1,2
BRDA:113,1,0,2
BRDA:113,1,1,0
BRDA:114,2,0,2
BRDA:114,2,1,0
BRDA:152,3,0,0
BRDA:176,4,0,0
BRDA:176,4,1,6
BRDA:176,5,0,0
BRDA:176,5,1,6
BRDA:191,6,0,4
BRDA:216,7,0,0
BRDA:216,7,1,4
BRDA:216,8,0,0
BRDA:216,8,1,4
BRDA:247,9,0,2
BRDA:247,9,1,0
BRDA:272,10,0,2
BRDA:272,10,1,0
BRDA:272,11,0,2
BRDA:272,11,1,2
BRDA:293,12,0,2
BRDA:293,12,1,0
BRDA:303,13,0,2
BRDA:303,13,1,2
BRDA:330,14,0,2
BRDA:330,14,1,2
BRDA:360,15,0,2
BRDA:360,15,1,0
BRDA:375,16,0,2
BRDA:375,16,1,0
BRF:32
BRH:19
end_of_record
TN:
SF:components/integrations/XeroConnectionPanel.tsx
FN:83,formatSyncTime
FN:104,ConnectionBadge
FN:121,CountBadge
FN:144,ActionButton
FN:159,(anonymous_4)
FN:172,(anonymous_5)
FN:188,XeroConnectionPanel
FN:206,(anonymous_7)
FN:211,(anonymous_8)
FN:277,(anonymous_9)
FN:284,(anonymous_10)
FNF:11
FNH:7
FNDA:2,formatSyncTime
FNDA:2,ConnectionBadge
FNDA:4,CountBadge
FNDA:6,ActionButton
FNDA:0,(anonymous_4)
FNDA:6,(anonymous_5)
FNDA:2,XeroConnectionPanel
FNDA:0,(anonymous_7)
FNDA:0,(anonymous_8)
FNDA:0,(anonymous_9)
FNDA:2,(anonymous_10)
DA:64,1
DA:84,2
DA:85,2
DA:86,2
DA:87,2
DA:95,0
DA:104,1
DA:109,2
DA:110,2
DA:112,2
DA:121,1
DA:132,4
DA:144,1
DA:159,6
DA:160,0
DA:161,0
DA:164,6
DA:172,6
DA:187,1
DA:202,2
DA:203,2
DA:204,2
DA:206,2
DA:207,0
DA:208,0
DA:211,2
DA:212,0
DA:213,0
DA:216,2
DA:278,0
DA:279,0
DA:284,2
DA:359,1
LF:33
LH:24
BRDA:84,0,0,0
BRDA:84,0,1,2
BRDA:109,1,0,2
BRDA:109,1,1,0
BRDA:110,2,0,2
BRDA:110,2,1,0
BRDA:149,3,0,4
BRDA:174,4,0,0
BRDA:174,4,1,6
BRDA:174,5,0,0
BRDA:174,5,1,6
BRDA:203,6,0,2
BRDA:203,6,1,0
BRDA:228,7,0,2
BRDA:228,7,1,0
BRDA:228,8,0,2
BRDA:228,8,1,2
BRDA:247,9,0,2
BRDA:247,9,1,0
BRDA:257,10,0,2
BRDA:257,10,1,2
BRDA:262,11,0,2
BRDA:262,11,1,0
BRDA:275,12,0,2
BRDA:275,12,1,2
BRDA:286,13,0,0
BRDA:286,13,1,2
BRDA:300,14,0,2
BRDA:300,14,1,0
BRDA:315,15,0,2
BRDA:315,15,1,0
BRF:31
BRH:19
end_of_record
TN:
SF:components/integrations/index.ts
FNF:0
FNH:0
LF:0
LH:0
BRF:0
BRH:0
end_of_record
TN:
SF:components/inventory/AlertDisplay.tsx
FN:118,timeAgo
FN:135,formatExpiryDate
FN:162,AlertCard
FN:169,(anonymous_3)
FN:174,(anonymous_4)
FN:301,FilterPills
FN:307,(anonymous_6)
FN:320,(anonymous_7)
FN:347,EmptyState
FN:357,LoadingState
FN:370,AlertDisplayInner
FN:389,(anonymous_11)
FN:394,(anonymous_12)
FN:399,(anonymous_13)
FN:406,(anonymous_14)
FN:406,(anonymous_15)
FN:412,(anonymous_16)
FN:417,(anonymous_17)
FN:420,(anonymous_18)
FNF:19
FNH:17
FNDA:8,timeAgo
FNDA:2,formatExpiryDate
FNDA:8,AlertCard
FNDA:1,(anonymous_3)
FNDA:0,(anonymous_4)
FNDA:6,FilterPills
FNDA:24,(anonymous_6)
FNDA:1,(anonymous_7)
FNDA:1,EmptyState
FNDA:1,LoadingState
FNDA:7,AlertDisplayInner
FNDA:7,(anonymous_11)
FNDA:11,(anonymous_12)
FNDA:3,(anonymous_13)
FNDA:6,(anonymous_14)
FNDA:8,(anonymous_15)
FNDA:0,(anonymous_16)
FNDA:14,(anonymous_17)
FNDA:9,(anonymous_18)
DA:77,1
DA:89,1
DA:101,1
DA:119,8
DA:120,8
DA:121,8
DA:123,8
DA:124,8
DA:125,0
DA:127,0
DA:128,0
DA:130,0
DA:131,0
DA:136,2
DA:137,2
DA:162,1
DA:167,8
DA:169,8
DA:170,1
DA:171,1
DA:174,8
DA:175,0
DA:176,0
DA:177,0
DA:181,8
DA:301,1
DA:305,6
DA:308,24
DA:310,24
DA:312,24
DA:321,1
DA:322,1
DA:347,1
DA:348,1
DA:357,1
DA:358,1
DA:378,7
DA:389,7
DA:390,7
DA:393,7
DA:394,11
DA:398,7
DA:399,3
DA:402,7
DA:405,7
DA:406,8
DA:412,7
DA:413,0
DA:414,0
DA:417,14
DA:419,7
DA:421,9
DA:432,7
DA:433,1
DA:440,6
DA:500,1
DA:511,1
LF:57
LH:47
BRDA:124,0,0,8
BRDA:124,0,1,0
BRDA:125,1,0,0
BRDA:125,1,1,0
BRDA:128,2,0,0
BRDA:128,2,1,0
BRDA:175,3,0,0
BRDA:175,3,1,0
BRDA:184,4,0,8
BRDA:184,4,1,0
BRDA:186,5,0,0
BRDA:186,5,1,8
BRDA:195,6,0,0
BRDA:195,6,1,8
BRDA:201,7,0,8
BRDA:201,7,1,0
BRDA:217,8,0,0
BRDA:217,8,1,8
BRDA:227,9,0,0
BRDA:227,9,1,8
BRDA:238,10,0,8
BRDA:238,10,1,0
BRDA:245,11,0,8
BRDA:245,11,1,0
BRDA:245,11,2,8
BRDA:247,12,0,8
BRDA:247,12,1,8
BRDA:252,13,0,8
BRDA:252,13,1,8
BRDA:257,14,0,8
BRDA:257,14,1,2
BRDA:269,15,0,8
BRDA:269,15,1,8
BRDA:282,16,0,8
BRDA:282,16,1,0
BRDA:310,17,0,18
BRDA:310,17,1,6
BRDA:318,18,0,24
BRDA:318,18,1,6
BRDA:331,19,0,24
BRDA:331,19,1,6
BRDA:375,20,0,7
BRDA:376,21,0,6
BRDA:393,22,0,7
BRDA:393,22,1,0
BRDA:398,23,0,1
BRDA:398,23,1,6
BRDA:432,24,0,1
BRDA:432,24,1,6
BRDA:446,25,0,6
BRDA:446,25,1,5
BRDA:453,26,0,6
BRDA:453,26,1,0
BRDA:453,26,2,0
BRDA:474,27,0,1
BRDA:474,27,1,5
BRF:56
BRH:37
end_of_record
TN:
SF:components/inventory/index.ts
FNF:0
FNH:0
LF:0
LH:0
BRF:0
BRH:0
end_of_record
TN:
SF:components/kds/KDSDisplayScreen.tsx
FN:60,formatAge
FN:68,ageColor
FN:85,KDSItemRow
FN:137,KDSTicket
FN:148,(anonymous_4)
FN:150,(anonymous_5)
FN:153,(anonymous_6)
FN:170,(anonymous_7)
FN:174,(anonymous_8)
FN:175,(anonymous_9)
FN:194,KDSDisplayScreen
FN:204,(anonymous_11)
FN:206,(anonymous_12)
FN:207,(anonymous_13)
FN:213,(anonymous_14)
FN:214,(anonymous_15)
FN:222,(anonymous_16)
FN:234,(anonymous_17)
FN:242,(anonymous_18)
FN:251,(anonymous_19)
FN:258,(anonymous_20)
FNF:21
FNH:15
FNDA:5,formatAge
FNDA:5,ageColor
FNDA:10,KDSItemRow
FNDA:5,KDSTicket
FNDA:5,(anonymous_4)
FNDA:0,(anonymous_5)
FNDA:10,(anonymous_6)
FNDA:10,(anonymous_7)
FNDA:1,(anonymous_8)
FNDA:0,(anonymous_9)
FNDA:6,KDSDisplayScreen
FNDA:6,(anonymous_11)
FNDA:0,(anonymous_12)
FNDA:0,(anonymous_13)
FNDA:6,(anonymous_14)
FNDA:0,(anonymous_15)
FNDA:5,(anonymous_16)
FNDA:10,(anonymous_17)
FNDA:0,(anonymous_18)
FNDA:12,(anonymous_19)
FNDA:1,(anonymous_20)
DA:61,5
DA:62,5
DA:63,5
DA:64,0
DA:65,0
DA:69,5
DA:70,5
DA:71,5
DA:72,5
DA:85,1
DA:90,10
DA:92,10
DA:137,1
DA:144,5
DA:145,5
DA:148,5
DA:149,5
DA:150,0
DA:153,10
DA:155,5
DA:171,10
DA:174,1
DA:175,0
DA:193,1
DA:204,6
DA:205,6
DA:206,0
DA:207,0
DA:212,6
DA:214,6
DA:215,0
DA:216,0
DA:221,6
DA:223,5
DA:234,10
DA:236,6
DA:242,0
DA:252,12
DA:258,1
DA:298,1
LF:40
LH:31
BRDA:62,0,0,0
BRDA:62,0,1,5
BRDA:63,1,0,5
BRDA:63,1,1,0
BRDA:70,2,0,0
BRDA:70,2,1,5
BRDA:71,3,0,0
BRDA:71,3,1,5
BRDA:94,4,0,10
BRDA:94,4,1,0
BRDA:95,5,0,0
BRDA:95,5,1,10
BRDA:97,6,0,0
BRDA:97,6,1,10
BRDA:103,7,0,10
BRDA:103,7,1,0
BRDA:108,8,0,10
BRDA:108,8,1,0
BRDA:113,9,0,10
BRDA:113,9,1,5
BRDA:120,10,0,0
BRDA:120,10,1,10
BRDA:149,11,0,5
BRDA:149,11,1,0
BRDA:156,12,0,5
BRDA:156,12,1,0
BRDA:163,13,0,5
BRDA:163,13,1,0
BRDA:182,14,0,0
BRDA:182,14,1,5
BRDA:205,15,0,6
BRDA:205,15,1,0
BRDA:207,16,0,0
BRDA:207,16,1,0
BRDA:215,17,0,0
BRDA:215,17,1,0
BRDA:241,18,0,6
BRDA:241,18,1,6
BRDA:246,19,0,6
BRDA:246,19,1,6
BRDA:256,20,0,12
BRDA:256,20,1,0
BRDA:264,21,0,12
BRDA:264,21,1,0
BRDA:274,22,0,1
BRDA:274,22,1,5
BRF:46
BRH:25
end_of_record
TN:
SF:components/kds/index.ts
FNF:0
FNH:0
LF:0
LH:0
BRF:0
BRH:0
end_of_record
TN:
SF:components/laybys/CancellationModal.tsx
FN:72,CancellationModalInner
FN:84,(anonymous_1)
FN:84,(anonymous_2)
FN:89,(anonymous_3)
FN:104,(anonymous_4)
FN:113,(anonymous_5)
FN:118,(anonymous_6)
FN:234,(anonymous_7)
FN:240,(anonymous_8)
FNF:9
FNH:6
FNDA:5,CancellationModalInner
FNDA:4,(anonymous_1)
FNDA:4,(anonymous_2)
FNDA:4,(anonymous_3)
FNDA:1,(anonymous_4)
FNDA:0,(anonymous_5)
FNDA:0,(anonymous_6)
FNDA:15,(anonymous_7)
FNDA:0,(anonymous_8)
DA:62,1
DA:80,5
DA:81,5
DA:83,5
DA:84,4
DA:88,5
DA:90,4
DA:101,5
DA:102,5
DA:104,5
DA:105,1
DA:106,1
DA:107,1
DA:113,5
DA:114,0
DA:115,0
DA:118,5
DA:119,0
DA:120,0
DA:123,5
DA:125,5
DA:235,15
DA:236,15
DA:240,0
DA:300,1
DA:307,1
LF:26
LH:21
BRDA:78,0,0,5
BRDA:105,1,0,0
BRDA:105,1,1,1
BRDA:105,2,0,1
BRDA:105,2,1,1
BRDA:123,3,0,0
BRDA:123,3,1,5
BRDA:128,4,0,5
BRDA:128,4,1,0
BRDA:190,5,0,5
BRDA:190,5,1,0
BRDA:209,6,0,5
BRDA:209,6,1,0
BRDA:239,7,0,15
BRDA:239,7,1,5
BRDA:246,8,0,5
BRDA:246,8,1,10
BRDA:251,9,0,15
BRDA:251,9,1,5
BRDA:282,10,0,5
BRDA:282,10,1,1
BRDA:282,10,2,4
BRDA:285,11,0,5
BRDA:285,11,1,1
BRDA:290,12,0,0
BRDA:290,12,1,5
BRF:26
BRH:20
end_of_record
TN:
SF:components/laybys/CollectionModal.tsx
FN:64,CollectionModalInner
FN:78,(anonymous_1)
FN:81,(anonymous_2)
FN:81,(anonymous_3)
FN:85,(anonymous_4)
FN:91,(anonymous_5)
FN:189,(anonymous_6)
FNF:7
FNH:6
FNDA:3,CollectionModalInner
FNDA:3,(anonymous_1)
FNDA:3,(anonymous_2)
FNDA:6,(anonymous_3)
FNDA:1,(anonymous_4)
FNDA:0,(anonymous_5)
FNDA:6,(anonymous_6)
DA:76,3
DA:78,3
DA:80,3
DA:81,6
DA:85,3
DA:86,1
DA:87,1
DA:88,1
DA:91,3
DA:92,0
DA:93,0
DA:96,3
DA:98,3
DA:190,6
DA:271,1
DA:278,1
LF:16
LH:14
BRDA:74,0,0,0
BRDA:86,1,0,0
BRDA:86,1,1,1
BRDA:86,2,0,1
BRDA:86,2,1,1
BRDA:96,3,0,0
BRDA:96,3,1,3
BRDA:101,4,0,3
BRDA:101,4,1,0
BRDA:163,5,0,1
BRDA:163,5,1,2
BRDA:173,6,0,3
BRDA:173,6,1,1
BRDA:195,7,0,2
BRDA:195,7,1,4
BRDA:227,8,0,3
BRDA:227,8,1,2
BRDA:253,9,0,3
BRDA:253,9,1,2
BRDA:253,9,2,1
BRDA:256,10,0,3
BRDA:256,10,1,2
BRDA:261,11,0,0
BRDA:261,11,1,3
BRDA:336,12,0,1
BRDA:336,12,1,0
BRF:26
BRH:20
end_of_record
TN:
SF:components/laybys/LaybyConfigForm.tsx
FN:81,parseNumericInput
FN:96,LaybyConfigFormInner
FN:107,(anonymous_2)
FN:115,(anonymous_3)
FN:123,(anonymous_4)
FN:131,(anonymous_5)
FN:139,(anonymous_6)
FN:147,(anonymous_7)
FN:155,(anonymous_8)
FN:162,(anonymous_9)
FN:168,(anonymous_10)
FN:206,(anonymous_11)
FN:212,(anonymous_12)
FN:232,(anonymous_13)
FN:241,(anonymous_14)
FNF:15
FNH:4
FNDA:0,parseNumericInput
FNDA:3,LaybyConfigFormInner
FNDA:0,(anonymous_2)
FNDA:0,(anonymous_3)
FNDA:0,(anonymous_4)
FNDA:0,(anonymous_5)
FNDA:0,(anonymous_6)
FNDA:0,(anonymous_7)
FNDA:0,(anonymous_8)
FNDA:1,(anonymous_9)
FNDA:0,(anonymous_10)
FNDA:18,(anonymous_11)
FNDA:0,(anonymous_12)
FNDA:18,(anonymous_13)
FNDA:0,(anonymous_14)
DA:64,1
DA:70,1
DA:86,0
DA:87,0
DA:88,0
DA:89,0
DA:106,3
DA:108,0
DA:109,0
DA:114,3
DA:116,0
DA:117,0
DA:122,3
DA:124,0
DA:125,0
DA:130,3
DA:132,0
DA:133,0
DA:138,3
DA:140,0
DA:141,0
DA:146,3
DA:148,0
DA:149,0
DA:154,3
DA:156,0
DA:157,0
DA:162,3
DA:163,1
DA:164,1
DA:165,1
DA:168,3
DA:169,0
DA:170,0
DA:175,3
DA:207,18
DA:208,18
DA:212,0
DA:233,18
DA:234,18
DA:241,0
DA:371,1
DA:378,1
LF:43
LH:21
BRDA:86,0,0,0
BRDA:86,0,1,0
BRDA:88,1,0,0
BRDA:88,1,1,0
BRDA:101,2,0,0
BRDA:102,3,0,0
BRDA:117,4,0,0
BRDA:117,4,1,0
BRDA:133,5,0,0
BRDA:133,5,1,0
BRDA:141,6,0,0
BRDA:141,6,1,0
BRDA:157,7,0,0
BRDA:157,7,1,0
BRDA:163,8,0,0
BRDA:163,8,1,1
BRDA:163,9,0,1
BRDA:163,9,1,1
BRDA:211,10,0,18
BRDA:211,10,1,3
BRDA:217,11,0,18
BRDA:217,11,1,3
BRDA:239,12,0,18
BRDA:239,12,1,3
BRDA:243,13,0,3
BRDA:243,13,1,15
BRDA:249,14,0,18
BRDA:249,14,1,3
BRDA:314,15,0,3
BRDA:314,15,1,0
BRDA:320,16,0,3
BRDA:320,16,1,3
BRDA:355,17,0,3
BRDA:355,17,1,2
BRDA:355,17,2,1
BRDA:358,18,0,3
BRDA:358,18,1,2
BRDA:363,19,0,0
BRDA:363,19,1,3
BRF:39
BRH:22
end_of_record
TN:
SF:components/laybys/LaybyForm.tsx
FN:84,LaybyFormInner
FN:105,(anonymous_1)
FN:110,(anonymous_2)
FN:115,(anonymous_3)
FN:126,(anonymous_4)
FN:142,(anonymous_5)
FN:150,(anonymous_6)
FN:158,(anonymous_7)
FN:169,(anonymous_8)
FN:175,(anonymous_9)
FN:258,(anonymous_10)
FN:301,(anonymous_11)
FN:310,(anonymous_12)
FN:332,(anonymous_13)
FN:341,(anonymous_14)
FN:391,(anonymous_15)
FNF:16
FNH:10
FNDA:4,LaybyFormInner
FNDA:4,(anonymous_1)
FNDA:4,(anonymous_2)
FNDA:4,(anonymous_3)
FNDA:4,(anonymous_4)
FNDA:0,(anonymous_5)
FNDA:0,(anonymous_6)
FNDA:0,(anonymous_7)
FNDA:1,(anonymous_8)
FNDA:0,(anonymous_9)
FNDA:8,(anonymous_10)
FNDA:16,(anonymous_11)
FNDA:0,(anonymous_12)
FNDA:16,(anonymous_13)
FNDA:0,(anonymous_14)
FNDA:24,(anonymous_15)
DA:71,1
DA:78,1
DA:104,4
DA:105,4
DA:109,4
DA:110,4
DA:114,4
DA:116,4
DA:126,4
DA:127,4
DA:128,4
DA:129,4
DA:130,4
DA:131,24
DA:132,24
DA:133,24
DA:134,24
DA:136,4
DA:141,4
DA:143,0
DA:144,0
DA:149,4
DA:151,0
DA:152,0
DA:157,4
DA:159,0
DA:160,0
DA:161,0
DA:162,0
DA:163,0
DA:169,4
DA:170,1
DA:171,1
DA:172,1
DA:175,4
DA:176,0
DA:177,0
DA:182,4
DA:259,8
DA:302,16
DA:303,16
DA:310,0
DA:333,16
DA:334,16
DA:341,0
DA:392,24
DA:459,1
DA:466,1
LF:48
LH:35
BRDA:99,0,0,0
BRDA:100,1,0,0
BRDA:116,2,0,4
BRDA:116,2,1,0
BRDA:127,3,0,0
BRDA:127,3,1,4
BRDA:132,4,0,4
BRDA:132,4,1,20
BRDA:160,5,0,0
BRDA:160,5,1,0
BRDA:160,6,0,0
BRDA:160,6,1,0
BRDA:160,6,2,0
BRDA:162,7,0,0
BRDA:162,7,1,0
BRDA:170,8,0,0
BRDA:170,8,1,1
BRDA:185,9,0,4
BRDA:185,9,1,0
BRDA:213,10,0,4
BRDA:213,10,1,0
BRDA:220,11,0,4
BRDA:220,11,1,0
BRDA:226,12,0,4
BRDA:226,12,1,0
BRDA:234,13,0,4
BRDA:234,13,1,0
BRDA:240,14,0,4
BRDA:240,14,1,0
BRDA:249,15,0,4
BRDA:249,15,1,0
BRDA:308,16,0,16
BRDA:308,16,1,4
BRDA:315,17,0,16
BRDA:315,17,1,4
BRDA:339,18,0,16
BRDA:339,18,1,4
BRDA:343,19,0,4
BRDA:343,19,1,12
BRDA:349,20,0,16
BRDA:349,20,1,4
BRDA:370,21,0,4
BRDA:370,21,1,4
BRDA:438,22,0,4
BRDA:438,22,1,1
BRDA:450,23,0,1
BRDA:450,23,1,3
BRF:47
BRH:28
end_of_record
TN:
SF:components/laybys/LaybyReports.tsx
FN:91,barWidth
FN:100,LaybyReportsInner
FN:108,(anonymous_2)
FN:116,(anonymous_3)
FN:127,(anonymous_4)
FN:164,(anonymous_5)
FN:170,(anonymous_6)
FN:256,(anonymous_7)
FN:308,(anonymous_8)
FN:312,(anonymous_9)
FNF:10
FNH:8
FNDA:9,barWidth
FNDA:3,LaybyReportsInner
FNDA:1,(anonymous_2)
FNDA:0,(anonymous_3)
FNDA:3,(anonymous_4)
FNDA:12,(anonymous_5)
FNDA:1,(anonymous_6)
FNDA:3,(anonymous_7)
FNDA:6,(anonymous_8)
FNDA:0,(anonymous_9)
DA:76,1
DA:92,9
DA:93,9
DA:107,3
DA:109,1
DA:110,1
DA:115,3
DA:117,0
DA:118,0
DA:127,3
DA:128,3
DA:129,3
DA:130,3
DA:132,3
DA:137,3
DA:138,0
DA:148,3
DA:165,12
DA:166,12
DA:170,1
DA:257,3
DA:309,6
DA:312,0
DA:341,1
DA:348,1
LF:25
LH:21
BRDA:92,0,0,0
BRDA:92,0,1,9
BRDA:105,1,0,0
BRDA:137,2,0,0
BRDA:137,2,1,3
BRDA:169,3,0,12
BRDA:169,3,1,3
BRDA:176,4,0,12
BRDA:176,4,1,3
BRDA:242,5,0,3
BRDA:242,5,1,3
BRDA:304,6,0,3
BRDA:304,6,1,3
BRDA:325,7,0,6
BRDA:325,7,1,6
BRF:15
BRH:12
end_of_record
TN:
SF:components/laybys/LaybyTable.tsx
FN:77,StatCard
FN:95,ProgressBar
FN:119,LaybyTableInner
FN:129,(anonymous_3)
FN:133,(anonymous_4)
FN:134,(anonymous_5)
FN:136,(anonymous_6)
FN:139,(anonymous_7)
FN:140,(anonymous_8)
FN:141,(anonymous_9)
FN:146,(anonymous_10)
FN:159,(anonymous_11)
FN:164,(anonymous_12)
FN:169,(anonymous_13)
FN:177,(anonymous_14)
FN:180,(anonymous_15)
FN:192,(anonymous_16)
FN:250,(anonymous_17)
FN:294,(anonymous_18)
FN:300,(anonymous_19)
FNF:20
FNH:18
FNDA:16,StatCard
FNDA:6,ProgressBar
FNDA:6,LaybyTableInner
FNDA:4,(anonymous_3)
FNDA:5,(anonymous_4)
FNDA:6,(anonymous_5)
FNDA:6,(anonymous_6)
FNDA:6,(anonymous_7)
FNDA:6,(anonymous_8)
FNDA:6,(anonymous_9)
FNDA:6,(anonymous_10)
FNDA:1,(anonymous_11)
FNDA:1,(anonymous_12)
FNDA:0,(anonymous_13)
FNDA:7,(anonymous_14)
FNDA:7,(anonymous_15)
FNDA:0,(anonymous_16)
FNDA:11,(anonymous_17)
FNDA:36,(anonymous_18)
FNDA:1,(anonymous_19)
DA:63,1
DA:77,1
DA:86,16
DA:95,1
DA:100,6
DA:126,6
DA:127,6
DA:129,6
DA:133,6
DA:134,6
DA:135,5
DA:136,6
DA:138,5
DA:139,6
DA:140,6
DA:141,6
DA:143,5
DA:146,6
DA:147,6
DA:149,6
DA:150,1
DA:153,6
DA:154,6
DA:159,6
DA:160,1
DA:161,1
DA:164,6
DA:165,1
DA:166,1
DA:169,6
DA:170,0
DA:171,0
DA:176,6
DA:178,7
DA:179,7
DA:180,7
DA:182,7
DA:189,7
DA:193,0
DA:194,0
DA:250,11
DA:254,6
DA:295,36
DA:296,36
DA:300,1
DA:358,1
DA:365,1
LF:47
LH:43
BRDA:107,0,0,0
BRDA:107,0,1,6
BRDA:124,1,0,4
BRDA:136,2,0,6
BRDA:136,2,1,3
BRDA:136,2,2,3
BRDA:139,3,0,6
BRDA:139,3,1,3
BRDA:149,4,0,1
BRDA:149,4,1,5
BRDA:182,5,0,7
BRDA:182,5,1,0
BRDA:233,6,0,7
BRDA:233,6,1,0
BRDA:233,7,0,7
BRDA:233,7,1,7
BRDA:241,8,0,7
BRDA:241,8,1,0
BRDA:299,9,0,36
BRDA:299,9,1,6
BRDA:306,10,0,36
BRDA:306,10,1,6
BRDA:330,11,0,1
BRDA:330,11,1,5
BRDA:346,12,0,1
BRDA:346,12,1,4
BRDA:346,13,0,5
BRDA:346,13,1,5
BRF:28
BRH:24
end_of_record
TN:
SF:components/laybys/PaymentModal.tsx
FN:68,PaymentModalInner
FN:75,(anonymous_1)
FN:83,(anonymous_2)
FN:88,(anonymous_3)
FN:95,(anonymous_4)
FN:99,(anonymous_5)
FN:110,(anonymous_6)
FN:115,(anonymous_7)
FN:191,(anonymous_8)
FN:197,(anonymous_9)
FNF:10
FNH:9
FNDA:6,PaymentModalInner
FNDA:4,(anonymous_1)
FNDA:5,(anonymous_2)
FNDA:5,(anonymous_3)
FNDA:5,(anonymous_4)
FNDA:1,(anonymous_5)
FNDA:0,(anonymous_6)
FNDA:1,(anonymous_7)
FNDA:24,(anonymous_8)
FNDA:1,(anonymous_9)
DA:57,1
DA:75,6
DA:76,6
DA:78,6
DA:79,6
DA:80,6
DA:81,6
DA:83,6
DA:84,5
DA:85,5
DA:88,6
DA:89,5
DA:90,5
DA:91,4
DA:94,6
DA:95,5
DA:99,6
DA:100,1
DA:101,1
DA:102,1
DA:110,6
DA:111,0
DA:112,0
DA:115,6
DA:116,1
DA:117,1
DA:120,6
DA:122,6
DA:192,24
DA:193,24
DA:197,1
DA:293,1
DA:300,1
LF:33
LH:31
BRDA:73,0,0,6
BRDA:76,1,0,6
BRDA:76,1,1,0
BRDA:85,2,0,0
BRDA:85,2,1,5
BRDA:89,3,0,0
BRDA:89,3,1,5
BRDA:90,4,0,1
BRDA:90,4,1,4
BRDA:100,5,0,0
BRDA:100,5,1,1
BRDA:100,6,0,1
BRDA:100,6,1,1
BRDA:105,7,0,1
BRDA:105,7,1,1
BRDA:106,8,0,1
BRDA:106,8,1,1
BRDA:120,9,0,0
BRDA:120,9,1,6
BRDA:125,10,0,6
BRDA:125,10,1,0
BRDA:165,11,0,6
BRDA:165,11,1,6
BRDA:184,12,0,6
BRDA:184,12,1,1
BRDA:196,13,0,24
BRDA:196,13,1,6
BRDA:203,14,0,6
BRDA:203,14,1,18
BRDA:208,15,0,24
BRDA:208,15,1,6
BRDA:275,16,0,6
BRDA:275,16,1,5
BRDA:275,16,2,1
BRDA:278,17,0,6
BRDA:278,17,1,5
BRDA:283,18,0,0
BRDA:283,18,1,6
BRF:38
BRH:31
end_of_record
TN:
SF:components/laybys/index.ts
FNF:0
FNH:0
LF:0
LH:0
BRF:0
BRH:0
end_of_record
TN:
SF:components/loyalty/LoyaltyCardModal.tsx
FN:99,getTierColors
FN:116,DigitalCard
FN:183,formatCardNumber
FN:199,LookupPanel
FN:202,(anonymous_4)
FN:251,LoyaltyCardModal
FN:268,(anonymous_6)
FN:292,(anonymous_7)
FN:364,(anonymous_8)
FN:374,(anonymous_9)
FN:405,(anonymous_10)
FN:414,(anonymous_11)
FNF:12
FNH:0
FNDA:0,getTierColors
FNDA:0,DigitalCard
FNDA:0,formatCardNumber
FNDA:0,LookupPanel
FNDA:0,(anonymous_4)
FNDA:0,LoyaltyCardModal
FNDA:0,(anonymous_6)
FNDA:0,(anonymous_7)
FNDA:0,(anonymous_8)
FNDA:0,(anonymous_9)
FNDA:0,(anonymous_10)
FNDA:0,(anonymous_11)
DA:92,0
DA:100,0
DA:116,0
DA:119,0
DA:121,0
DA:184,0
DA:185,0
DA:186,0
DA:198,0
DA:200,0
DA:202,0
DA:203,0
DA:204,0
DA:205,0
DA:206,0
DA:208,0
DA:211,0
DA:250,0
DA:258,0
DA:259,0
DA:260,0
DA:261,0
DA:267,0
DA:269,0
DA:270,0
DA:271,0
DA:272,0
DA:273,0
DA:280,0
DA:282,0
DA:292,0
DA:293,0
DA:294,0
DA:295,0
DA:296,0
DA:297,0
DA:300,0
DA:301,0
DA:302,0
DA:303,0
DA:304,0
DA:308,0
DA:309,0
DA:311,0
DA:313,0
DA:321,0
DA:323,0
DA:365,0
DA:366,0
DA:374,0
DA:406,0
DA:407,0
DA:414,0
DA:436,0
LF:54
LH:0
BRDA:100,0,0,0
BRDA:100,0,1,0
BRDA:149,1,0,0
BRDA:149,1,1,0
BRDA:185,2,0,0
BRDA:185,2,1,0
BRDA:204,3,0,0
BRDA:204,3,1,0
BRDA:235,4,0,0
BRDA:235,4,1,0
BRDA:237,5,0,0
BRDA:237,5,1,0
BRDA:272,6,0,0
BRDA:272,6,1,0
BRDA:293,7,0,0
BRDA:293,7,1,0
BRDA:295,8,0,0
BRDA:295,8,1,0
BRDA:321,9,0,0
BRDA:321,9,1,0
BRDA:326,10,0,0
BRDA:326,10,1,0
BRDA:331,11,0,0
BRDA:331,11,1,0
BRDA:336,12,0,0
BRDA:336,12,1,0
BRDA:342,13,0,0
BRDA:342,13,1,0
BRDA:357,14,0,0
BRDA:357,14,1,0
BRDA:359,15,0,0
BRDA:359,15,1,0
BRDA:383,16,0,0
BRDA:383,16,1,0
BRDA:385,17,0,0
BRDA:385,17,1,0
BRDA:398,18,0,0
BRDA:398,18,1,0
BRDA:400,19,0,0
BRDA:400,19,1,0
BRF:40
BRH:0
end_of_record
TN:
SF:components/loyalty/LoyaltyRedemptionPanel.tsx
FN:86,LoyaltyRedemptionPanel
FN:101,(anonymous_1)
FN:114,(anonymous_2)
FN:125,(anonymous_3)
FN:131,(anonymous_4)
FN:137,(anonymous_5)
FN:151,(anonymous_6)
FNF:7
FNH:0
FNDA:0,LoyaltyRedemptionPanel
FNDA:0,(anonymous_1)
FNDA:0,(anonymous_2)
FNDA:0,(anonymous_3)
FNDA:0,(anonymous_4)
FNDA:0,(anonymous_5)
FNDA:0,(anonymous_6)
DA:73,0
DA:86,0
DA:100,0
DA:101,0
DA:114,0
DA:115,0
DA:117,0
DA:118,0
DA:125,0
DA:126,0
DA:127,0
DA:128,0
DA:131,0
DA:132,0
DA:133,0
DA:134,0
DA:137,0
DA:138,0
DA:141,0
DA:142,0
DA:143,0
DA:144,0
DA:147,0
DA:148,0
DA:151,0
DA:152,0
DA:153,0
DA:160,0
DA:161,0
DA:173,0
DA:174,0
DA:199,0
DA:282,0
LF:33
LH:0
BRDA:93,0,0,0
BRDA:94,1,0,0
BRDA:138,2,0,0
BRDA:138,2,1,0
BRDA:142,3,0,0
BRDA:142,3,1,0
BRDA:143,4,0,0
BRDA:143,4,1,0
BRDA:160,5,0,0
BRDA:160,5,1,0
BRDA:173,6,0,0
BRDA:173,6,1,0
BRDA:216,7,0,0
BRDA:216,7,1,0
BRDA:223,8,0,0
BRDA:223,8,1,0
BRDA:236,9,0,0
BRDA:236,9,1,0
BRDA:243,10,0,0
BRDA:243,10,1,0
BRDA:259,11,0,0
BRDA:259,11,1,0
BRDA:266,12,0,0
BRDA:266,12,1,0
BRF:24
BRH:0
end_of_record
TN:
SF:components/loyalty/RewardsCatalogModal.tsx
FN:116,formatRewardValue
FN:129,RewardCard
FN:134,(anonymous_2)
FN:235,RewardsCatalogModal
FN:244,(anonymous_4)
FN:245,(anonymous_5)
FN:246,(anonymous_6)
FN:247,(anonymous_7)
FN:249,(anonymous_8)
FN:254,(anonymous_9)
FN:262,(anonymous_10)
FN:276,(anonymous_11)
FN:288,(anonymous_12)
FNF:13
FNH:0
FNDA:0,formatRewardValue
FNDA:0,RewardCard
FNDA:0,(anonymous_2)
FNDA:0,RewardsCatalogModal
FNDA:0,(anonymous_4)
FNDA:0,(anonymous_5)
FNDA:0,(anonymous_6)
FNDA:0,(anonymous_7)
FNDA:0,(anonymous_8)
FNDA:0,(anonymous_9)
FNDA:0,(anonymous_10)
FNDA:0,(anonymous_11)
FNDA:0,(anonymous_12)
DA:104,0
DA:110,0
DA:117,0
DA:119,0
DA:121,0
DA:123,0
DA:125,0
DA:129,0
DA:134,0
DA:135,0
DA:136,0
DA:140,0
DA:142,0
DA:143,0
DA:146,0
DA:147,0
DA:148,0
DA:150,0
DA:234,0
DA:244,0
DA:245,0
DA:246,0
DA:247,0
DA:249,0
DA:250,0
DA:253,0
DA:255,0
DA:263,0
DA:264,0
DA:273,0
DA:275,0
DA:277,0
DA:288,0
DA:290,0
DA:338,0
LF:35
LH:0
BRDA:117,0,0,0
BRDA:117,0,1,0
BRDA:117,0,2,0
BRDA:117,0,3,0
BRDA:135,1,0,0
BRDA:135,1,1,0
BRDA:147,2,0,0
BRDA:147,2,1,0
BRDA:148,3,0,0
BRDA:148,3,1,0
BRDA:153,4,0,0
BRDA:153,4,1,0
BRDA:172,5,0,0
BRDA:172,5,1,0
BRDA:178,6,0,0
BRDA:178,6,1,0
BRDA:185,7,0,0
BRDA:185,7,1,0
BRDA:195,8,0,0
BRDA:195,8,1,0
BRDA:198,9,0,0
BRDA:198,9,1,0
BRDA:204,10,0,0
BRDA:204,10,1,0
BRDA:204,10,2,0
BRDA:212,11,0,0
BRDA:212,11,1,0
BRDA:220,12,0,0
BRDA:220,12,1,0
BRDA:220,12,2,0
BRDA:241,13,0,0
BRDA:273,14,0,0
BRDA:273,14,1,0
BRDA:295,15,0,0
BRDA:295,15,1,0
BRDA:308,16,0,0
BRDA:308,16,1,0
BRF:37
BRH:0
end_of_record
TN:
SF:components/loyalty/index.ts
FNF:0
FNH:0
LF:0
LH:0
BRF:0
BRH:0
end_of_record
TN:
SF:components/menu/ComboBuilder.tsx
FN:87,ChoiceRow
FN:98,(anonymous_1)
FN:103,(anonymous_2)
FN:151,MaxSelectionsStepper
FN:158,(anonymous_4)
FN:165,(anonymous_5)
FN:198,ComponentCard
FN:214,(anonymous_7)
FN:219,(anonymous_8)
FN:227,(anonymous_9)
FN:231,(anonymous_10)
FN:236,(anonymous_11)
FN:289,(anonymous_12)
FN:316,ComboBuilder
FN:335,(anonymous_14)
FN:336,(anonymous_15)
FN:337,(anonymous_16)
FN:343,(anonymous_17)
FN:350,(anonymous_18)
FN:357,(anonymous_19)
FN:362,(anonymous_20)
FN:367,(anonymous_21)
FN:375,(anonymous_22)
FN:388,(anonymous_23)
FN:393,(anonymous_24)
FN:466,(anonymous_25)
FNF:26
FNH:15
FNDA:16,ChoiceRow
FNDA:0,(anonymous_1)
FNDA:0,(anonymous_2)
FNDA:8,MaxSelectionsStepper
FNDA:0,(anonymous_4)
FNDA:0,(anonymous_5)
FNDA:8,ComponentCard
FNDA:0,(anonymous_7)
FNDA:0,(anonymous_8)
FNDA:0,(anonymous_9)
FNDA:0,(anonymous_10)
FNDA:0,(anonymous_11)
FNDA:16,(anonymous_12)
FNDA:4,ComboBuilder
FNDA:4,(anonymous_14)
FNDA:8,(anonymous_15)
FNDA:8,(anonymous_16)
FNDA:4,(anonymous_17)
FNDA:0,(anonymous_18)
FNDA:1,(anonymous_19)
FNDA:1,(anonymous_20)
FNDA:0,(anonymous_21)
FNDA:8,(anonymous_22)
FNDA:12,(anonymous_23)
FNDA:4,(anonymous_24)
FNDA:4,(anonymous_25)
DA:68,1
DA:87,1
DA:98,16
DA:99,0
DA:100,0
DA:103,16
DA:104,0
DA:105,0
DA:108,16
DA:151,1
DA:158,8
DA:159,0
DA:160,0
DA:161,0
DA:165,8
DA:166,0
DA:167,0
DA:170,8
DA:198,1
DA:213,8
DA:214,0
DA:218,8
DA:220,0
DA:221,0
DA:226,8
DA:227,0
DA:231,8
DA:232,0
DA:233,0
DA:236,8
DA:237,0
DA:238,0
DA:241,8
DA:290,16
DA:335,4
DA:336,4
DA:337,8
DA:338,8
DA:342,4
DA:343,4
DA:349,4
DA:351,0
DA:352,0
DA:357,4
DA:358,1
DA:359,1
DA:362,4
DA:363,1
DA:364,1
DA:367,4
DA:368,0
DA:369,0
DA:374,4
DA:376,8
DA:388,12
DA:392,4
DA:394,4
DA:465,4
DA:467,4
DA:512,4
DA:529,1
LF:61
LH:40
BRDA:115,0,0,16
BRDA:115,0,1,0
BRDA:129,1,0,8
BRDA:129,1,1,8
BRDA:131,2,0,8
BRDA:131,2,1,8
BRDA:159,3,0,0
BRDA:159,3,1,0
BRDA:176,4,0,8
BRDA:176,4,1,4
BRDA:182,5,0,4
BRDA:182,5,1,4
BRDA:284,6,0,0
BRDA:284,6,1,8
BRDA:330,7,0,0
BRDA:338,8,0,8
BRDA:338,8,1,0
BRDA:352,9,0,0
BRDA:352,9,1,0
BRDA:414,10,0,4
BRDA:414,10,1,0
BRDA:417,11,0,0
BRDA:417,11,1,4
BRDA:447,12,0,4
BRDA:447,12,1,0
BRDA:498,13,0,0
BRDA:498,13,1,4
BRF:27
BRH:15
end_of_record
TN:
SF:components/menu/ComboSelector.tsx
FN:81,ChoicePill
FN:94,(anonymous_1)
FN:149,ComponentStep
FN:210,(anonymous_3)
FN:227,ComboSelector
FN:239,(anonymous_5)
FN:240,(anonymous_6)
FN:244,(anonymous_7)
FN:245,(anonymous_8)
FN:253,(anonymous_9)
FN:258,(anonymous_10)
FN:291,(anonymous_11)
FNF:12
FNH:10
FNDA:16,ChoicePill
FNDA:0,(anonymous_1)
FNDA:8,ComponentStep
FNDA:16,(anonymous_3)
FNDA:4,ComboSelector
FNDA:4,(anonymous_5)
FNDA:8,(anonymous_6)
FNDA:16,(anonymous_7)
FNDA:4,(anonymous_8)
FNDA:1,(anonymous_9)
FNDA:0,(anonymous_10)
FNDA:8,(anonymous_11)
DA:61,1
DA:81,1
DA:94,16
DA:95,0
DA:96,0
DA:97,0
DA:99,0
DA:103,16
DA:149,1
DA:158,8
DA:159,8
DA:161,8
DA:211,16
DA:239,4
DA:240,4
DA:241,8
DA:244,16
DA:245,4
DA:248,4
DA:253,4
DA:254,1
DA:255,1
DA:258,4
DA:259,0
DA:260,0
DA:265,4
DA:292,8
DA:340,1
LF:28
LH:22
BRDA:96,0,0,0
BRDA:96,0,1,0
BRDA:107,1,0,16
BRDA:107,1,1,4
BRDA:111,2,0,16
BRDA:111,2,1,4
BRDA:116,3,0,16
BRDA:116,3,1,8
BRDA:120,4,0,8
BRDA:120,4,1,0
BRDA:122,5,0,0
BRDA:122,5,1,8
BRDA:124,6,0,8
BRDA:124,6,1,0
BRDA:130,7,0,8
BRDA:130,7,1,0
BRDA:134,8,0,16
BRDA:134,8,1,4
BRDA:159,9,0,4
BRDA:159,9,1,4
BRDA:164,10,0,8
BRDA:164,10,1,8
BRDA:170,11,0,8
BRDA:170,11,1,0
BRDA:172,12,0,8
BRDA:172,12,1,0
BRDA:182,13,0,4
BRDA:182,13,1,4
BRDA:192,14,0,4
BRDA:192,14,1,4
BRDA:196,15,0,4
BRDA:196,15,1,4
BRDA:205,16,0,8
BRDA:205,16,1,4
BRDA:325,17,0,4
BRDA:325,17,1,1
BRF:36
BRH:28
end_of_record
TN:
SF:components/menu/ModifierGroupEditor.tsx
FN:83,SelectionStepper
FN:96,(anonymous_1)
FN:103,(anonymous_2)
FN:138,ModifierRow
FN:150,(anonymous_4)
FN:155,(anonymous_5)
FN:162,(anonymous_6)
FN:167,(anonymous_7)
FN:222,ModifierGroupEditor
FN:242,(anonymous_9)
FN:247,(anonymous_10)
FN:252,(anonymous_11)
FN:258,(anonymous_12)
FN:268,(anonymous_13)
FN:279,(anonymous_14)
FN:284,(anonymous_15)
FN:386,(anonymous_16)
FNF:17
FNH:9
FNDA:6,SelectionStepper
FNDA:0,(anonymous_1)
FNDA:0,(anonymous_2)
FNDA:6,ModifierRow
FNDA:0,(anonymous_4)
FNDA:0,(anonymous_5)
FNDA:0,(anonymous_6)
FNDA:0,(anonymous_7)
FNDA:3,ModifierGroupEditor
FNDA:1,(anonymous_9)
FNDA:0,(anonymous_10)
FNDA:1,(anonymous_11)
FNDA:0,(anonymous_12)
FNDA:6,(anonymous_13)
FNDA:9,(anonymous_14)
FNDA:3,(anonymous_15)
FNDA:3,(anonymous_16)
DA:63,1
DA:83,1
DA:96,6
DA:97,0
DA:98,0
DA:99,0
DA:103,6
DA:104,0
DA:105,0
DA:108,6
DA:138,1
DA:149,6
DA:150,0
DA:154,6
DA:156,0
DA:157,0
DA:162,6
DA:163,0
DA:164,0
DA:167,6
DA:168,0
DA:169,0
DA:172,6
DA:242,3
DA:243,1
DA:244,1
DA:247,3
DA:248,0
DA:249,0
DA:252,3
DA:253,1
DA:254,1
DA:257,3
DA:259,0
DA:260,0
DA:267,3
DA:269,6
DA:279,9
DA:283,3
DA:285,3
DA:385,3
DA:387,3
DA:409,3
DA:426,1
LF:44
LH:28
BRDA:97,0,0,0
BRDA:97,0,1,0
BRDA:114,1,0,6
BRDA:114,1,1,0
BRDA:120,2,0,0
BRDA:120,2,1,6
BRDA:157,3,0,0
BRDA:157,3,1,0
BRDA:184,4,0,6
BRDA:184,4,1,0
BRDA:201,5,0,3
BRDA:201,5,1,3
BRDA:203,6,0,3
BRDA:203,6,1,3
BRDA:238,7,0,3
BRDA:305,8,0,3
BRDA:305,8,1,0
BRDA:308,9,0,0
BRDA:308,9,1,3
BRDA:388,10,0,3
BRDA:388,10,1,0
BRF:21
BRH:11
end_of_record
TN:
SF:components/menu/PortionManager.tsx
FN:78,PortionCard
FN:92,(anonymous_1)
FN:97,(anonymous_2)
FN:104,(anonymous_3)
FN:109,(anonymous_4)
FN:116,(anonymous_5)
FN:196,PortionManager
FN:210,(anonymous_7)
FN:215,(anonymous_8)
FN:220,(anonymous_9)
FN:228,(anonymous_10)
FN:240,(anonymous_11)
FN:245,(anonymous_12)
FN:306,(anonymous_13)
FNF:14
FNH:8
FNDA:4,PortionCard
FNDA:0,(anonymous_1)
FNDA:0,(anonymous_2)
FNDA:0,(anonymous_3)
FNDA:0,(anonymous_4)
FNDA:4,(anonymous_5)
FNDA:2,PortionManager
FNDA:0,(anonymous_7)
FNDA:0,(anonymous_8)
FNDA:1,(anonymous_9)
FNDA:4,(anonymous_10)
FNDA:6,(anonymous_11)
FNDA:2,(anonymous_12)
FNDA:2,(anonymous_13)
DA:58,1
DA:78,1
DA:91,4
DA:92,0
DA:96,4
DA:98,0
DA:99,0
DA:104,4
DA:105,0
DA:106,0
DA:109,4
DA:110,0
DA:111,0
DA:115,4
DA:116,4
DA:120,4
DA:210,2
DA:211,0
DA:212,0
DA:215,2
DA:216,0
DA:217,0
DA:220,2
DA:221,1
DA:222,1
DA:227,2
DA:229,4
DA:240,6
DA:244,2
DA:246,2
DA:305,2
DA:307,2
DA:329,2
DA:346,1
LF:34
LH:23
BRDA:99,0,0,0
BRDA:99,0,1,0
BRDA:116,1,0,4
BRDA:116,1,1,0
BRDA:144,2,0,2
BRDA:144,2,1,2
BRDA:146,3,0,2
BRDA:146,3,1,2
BRDA:148,4,0,4
BRDA:148,4,1,2
BRDA:161,5,0,4
BRDA:161,5,1,0
BRDA:206,6,0,2
BRDA:266,7,0,2
BRDA:266,7,1,0
BRDA:269,8,0,0
BRDA:269,8,1,2
BRDA:296,9,0,0
BRDA:296,9,1,2
[...]
DA:169,10
DA:181,5
DA:182,25
DA:195,2
DA:196,10
DA:197,0
DA:199,2
DA:210,11
DA:211,11
DA:213,11
DA:228,6
DA:239,8
DA:249,2
DA:250,5
DA:251,1
DA:268,0
DA:270,0
DA:271,0
DA:273,0
DA:275,0
LF:49
LH:43
BRDA:110,0,0,6
BRDA:110,0,1,6
BRDA:110,0,2,6
BRDA:110,0,3,6
BRDA:110,0,4,6
BRDA:117,1,0,6
BRDA:117,1,1,0
BRDA:141,2,0,6
BRDA:141,2,1,0
BRDA:143,3,0,6
BRDA:143,3,1,0
BRDA:154,4,0,45
BRDA:154,4,1,0
BRDA:196,5,0,10
BRDA:196,5,1,2
BRDA:199,6,0,1
BRDA:199,6,1,1
BRDA:249,7,0,1
BRDA:249,7,1,1
BRDA:271,8,0,0
BRDA:271,8,1,0
BRDA:271,9,0,0
BRDA:271,9,1,0
BRDA:275,10,0,0
BRDA:275,10,1,0
BRF:25
BRH:15
end_of_record
TN:
SF:services/tags/OfflineCollectionService.ts
FN:83,loadCollections
FN:89,getCollections
FN:94,getCollectionById
FN:97,(anonymous_3)
FN:101,clearCollectionCache
FN:117,evaluateRule
FN:125,(anonymous_6)
FN:127,(anonymous_7)
FN:129,(anonymous_8)
FN:131,(anonymous_9)
FN:144,evaluateCollectionRules
FN:151,(anonymous_11)
FN:157,(anonymous_12)
FN:170,evaluateCollection
FN:220,evaluateAllCollections
FN:224,(anonymous_15)
FN:238,isProductInCollection
FN:250,(anonymous_17)
FN:257,getCollectionsForProduct
FN:265,(anonymous_19)
FN:266,(anonymous_20)
FN:268,(anonymous_21)
FNF:22
FNH:13
FNDA:4,loadCollections
FNDA:2,getCollections
FNDA:2,getCollectionById
FNDA:3,(anonymous_3)
FNDA:5,clearCollectionCache
FNDA:17,evaluateRule
FNDA:10,(anonymous_6)
FNDA:2,(anonymous_7)
FNDA:4,(anonymous_8)
FNDA:3,(anonymous_9)
FNDA:5,evaluateCollectionRules
FNDA:4,(anonymous_11)
FNDA:4,(anonymous_12)
FNDA:0,evaluateCollection
FNDA:0,evaluateAllCollections
FNDA:0,(anonymous_15)
FNDA:0,isProductInCollection
FNDA:0,(anonymous_17)
FNDA:0,getCollectionsForProduct
FNDA:0,(anonymous_19)
FNDA:0,(anonymous_20)
FNDA:0,(anonymous_21)
DA:79,1
DA:80,1
DA:84,4
DA:85,4
DA:90,2
DA:97,3
DA:102,5
DA:103,5
DA:121,17
DA:123,17
DA:125,10
DA:127,2
DA:129,4
DA:131,3
DA:133,1
DA:148,5
DA:150,4
DA:151,2
DA:152,4
DA:157,2
DA:158,4
DA:174,0
DA:175,0
DA:176,0
DA:180,0
DA:186,0
DA:187,0
DA:188,0
DA:189,0
DA:190,0
DA:192,0
DA:197,0
DA:198,0
DA:199,0
DA:200,0
DA:204,0
DA:210,0
DA:211,0
DA:223,0
DA:224,0
DA:226,0
DA:227,0
DA:228,0
DA:231,0
DA:242,0
DA:243,0
DA:245,0
DA:250,0
DA:251,0
DA:260,0
DA:265,0
DA:266,0
DA:268,0
DA:269,0
LF:54
LH:21
BRDA:121,0,0,4
BRDA:121,0,1,13
BRDA:123,1,0,10
BRDA:123,1,1,2
BRDA:123,1,2,2
BRDA:123,1,3,2
BRDA:123,1,4,1
BRDA:148,2,0,1
BRDA:148,2,1,4
BRDA:150,3,0,2
BRDA:150,3,1,2
BRDA:175,4,0,0
BRDA:175,4,1,0
BRDA:175,5,0,0
BRDA:175,5,1,0
BRDA:189,6,0,0
BRDA:189,6,1,0
BRDA:199,7,0,0
BRDA:199,7,1,0
BRDA:243,8,0,0
BRDA:243,8,1,0
BRDA:243,9,0,0
BRDA:243,9,1,0
BRF:23
BRH:11
end_of_record
TN:
SF:services/tags/OfflineTagService.ts
FN:24,(anonymous_0)
FN:25,(anonymous_1)
FN:26,(anonymous_2)
FN:33,getTagCategories
FN:46,createTagCategory
FN:55,(anonymous_5)
FN:68,updateTagCategory
FN:81,(anonymous_7)
FN:97,getTagsByCategory
FN:110,getAllTags
FN:121,searchTags
FN:135,createTag
FN:146,(anonymous_12)
FN:164,updateTag
FN:175,(anonymous_14)
FN:185,deactivateTag
FN:187,(anonymous_16)
FN:197,getProductTags
FN:206,getProductsByTag
FN:218,assignTagToProduct
FN:239,(anonymous_20)
FN:251,(anonymous_21)
FN:262,removeTagFromProduct
FN:280,(anonymous_23)
FN:292,bulkAssignTags
FN:315,setProductTags
FN:321,(anonymous_26)
FN:352,applyServerTag
FN:373,(anonymous_28)
FN:387,(anonymous_29)
FNF:30
FNH:0
FNDA:0,(anonymous_0)
FNDA:0,(anonymous_1)
FNDA:0,(anonymous_2)
FNDA:0,getTagCategories
FNDA:0,createTagCategory
FNDA:0,(anonymous_5)
FNDA:0,updateTagCategory
FNDA:0,(anonymous_7)
FNDA:0,getTagsByCategory
FNDA:0,getAllTags
FNDA:0,searchTags
FNDA:0,createTag
FNDA:0,(anonymous_12)
FNDA:0,updateTag
FNDA:0,(anonymous_14)
FNDA:0,deactivateTag
FNDA:0,(anonymous_16)
FNDA:0,getProductTags
FNDA:0,getProductsByTag
FNDA:0,assignTagToProduct
FNDA:0,(anonymous_20)
FNDA:0,(anonymous_21)
FNDA:0,removeTagFromProduct
FNDA:0,(anonymous_23)
FNDA:0,bulkAssignTags
FNDA:0,setProductTags
FNDA:0,(anonymous_26)
FNDA:0,applyServerTag
FNDA:0,(anonymous_28)
FNDA:0,(anonymous_29)
DA:24,1
DA:25,1
DA:26,1
DA:36,0
DA:55,0
DA:56,0
DA:57,0
DA:58,0
DA:59,0
DA:60,0
DA:61,0
DA:62,0
DA:63,0
DA:80,0
DA:81,0
DA:82,0
DA:83,0
DA:84,0
DA:85,0
DA:86,0
DA:87,0
DA:88,0
DA:100,0
DA:111,0
DA:125,0
DA:146,0
DA:147,0
DA:148,0
DA:149,0
DA:150,0
DA:151,0
DA:152,0
DA:153,0
DA:154,0
DA:155,0
DA:156,0
DA:157,0
DA:158,0
DA:159,0
DA:174,0
DA:175,0
DA:176,0
DA:177,0
DA:178,0
DA:179,0
DA:180,0
DA:186,0
DA:187,0
DA:188,0
DA:200,0
DA:209,0
DA:225,0
DA:232,0
DA:233,0
DA:236,0
DA:240,0
DA:241,0
DA:242,0
DA:243,0
DA:244,0
DA:249,0
DA:250,0
DA:251,0
DA:252,0
DA:258,0
DA:266,0
DA:273,0
DA:274,0
DA:278,0
DA:279,0
DA:280,0
DA:281,0
DA:298,0
DA:299,0
DA:300,0
DA:306,0
DA:308,0
DA:320,0
DA:321,0
DA:322,0
DA:324,0
DA:325,0
DA:326,0
DA:330,0
DA:331,0
DA:332,0
DA:367,0
DA:371,0
DA:372,0
DA:373,0
DA:374,0
DA:375,0
DA:376,0
DA:377,0
DA:378,0
DA:379,0
DA:380,0
DA:381,0
DA:382,0
DA:383,0
DA:387,0
DA:388,0
DA:389,0
DA:390,0
DA:391,0
DA:392,0
DA:393,0
DA:394,0
DA:395,0
DA:396,0
DA:397,0
DA:398,0
DA:399,0
DA:400,0
LF:114
LH:3
BRDA:59,0,0,0
BRDA:59,0,1,0
BRDA:60,1,0,0
BRDA:60,1,1,0
BRDA:61,2,0,0
BRDA:61,2,1,0
BRDA:82,3,0,0
BRDA:82,3,1,0
BRDA:83,4,0,0
BRDA:83,4,1,0
BRDA:84,5,0,0
BRDA:84,5,1,0
BRDA:85,6,0,0
BRDA:85,6,1,0
BRDA:86,7,0,0
BRDA:86,7,1,0
BRDA:87,8,0,0
BRDA:87,8,1,0
BRDA:88,9,0,0
BRDA:88,9,1,0
BRDA:149,10,0,0
BRDA:149,10,1,0
BRDA:152,11,0,0
BRDA:152,11,1,0
BRDA:153,12,0,0
BRDA:153,12,1,0
BRDA:155,13,0,0
BRDA:155,13,1,0
BRDA:176,14,0,0
BRDA:176,14,1,0
BRDA:177,15,0,0
BRDA:177,15,1,0
BRDA:178,16,0,0
BRDA:178,16,1,0
BRDA:179,17,0,0
BRDA:179,17,1,0
BRDA:180,18,0,0
BRDA:180,18,1,0
BRDA:232,19,0,0
BRDA:232,19,1,0
BRDA:252,20,0,0
BRDA:252,20,1,0
BRDA:281,21,0,0
BRDA:281,21,1,0
BRDA:296,22,0,0
BRDA:306,23,0,0
BRDA:306,23,1,0
BRDA:325,24,0,0
BRDA:325,24,1,0
BRDA:331,25,0,0
BRDA:331,25,1,0
BRDA:371,26,0,0
BRDA:371,26,1,0
BRDA:377,27,0,0
BRDA:377,27,1,0
BRDA:378,28,0,0
BRDA:378,28,1,0
BRDA:393,29,0,0
BRDA:393,29,1,0
BRDA:394,30,0,0
BRDA:394,30,1,0
BRF:61
BRH:0
end_of_record
TN:
SF:services/tags/index.ts
FNF:0
FNH:0
LF:0
LH:0
BRF:0
BRH:0
end_of_record
TN:
SF:stores/authStore.ts
FN:33,(anonymous_0)
FN:40,(anonymous_1)
FN:65,(anonymous_2)
FN:71,(anonymous_3)
FN:86,(anonymous_4)
FN:90,(anonymous_5)
FN:94,(anonymous_6)
FN:95,(anonymous_7)
FN:102,(anonymous_8)
FN:103,(anonymous_9)
FNF:10
FNH:6
FNDA:1,(anonymous_0)
FNDA:3,(anonymous_1)
FNDA:2,(anonymous_2)
FNDA:3,(anonymous_3)
FNDA:0,(anonymous_4)
FNDA:0,(anonymous_5)
FNDA:0,(anonymous_6)
FNDA:0,(anonymous_7)
FNDA:1,(anonymous_8)
FNDA:25,(anonymous_9)
DA:31,1
DA:33,1
DA:41,3
DA:42,3
DA:43,3
DA:44,3
DA:45,3
DA:46,3
DA:47,3
DA:60,0
DA:61,0
DA:66,2
DA:67,2
DA:68,2
DA:72,3
DA:73,3
DA:74,3
DA:75,3
DA:76,2
DA:77,2
DA:80,0
DA:82,3
DA:87,0
DA:88,0
DA:91,0
DA:92,0
DA:94,0
DA:96,0
DA:97,0
DA:102,1
DA:103,25
LF:31
LH:21
BRDA:51,0,0,3
BRDA:51,0,1,0
BRDA:52,1,0,3
BRDA:52,1,1,0
BRDA:61,2,0,0
BRDA:61,2,1,0
BRDA:61,2,2,0
BRDA:75,3,0,2
BRDA:75,3,1,1
BRF:9
BRH:4
end_of_record
TN:
SF:stores/cartStore.ts
FN:45,(anonymous_0)
FN:54,(anonymous_1)
FN:60,(anonymous_2)
FN:64,(anonymous_3)
FN:86,(anonymous_4)
FN:87,(anonymous_5)
FN:90,(anonymous_6)
FN:92,(anonymous_7)
FN:95,(anonymous_8)
FN:100,(anonymous_9)
FN:105,(anonymous_10)
FN:107,(anonymous_11)
FN:109,(anonymous_12)
FN:111,(anonymous_13)
FN:111,(anonymous_14)
FN:112,(anonymous_15)
FN:115,(anonymous_16)
FN:115,(anonymous_17)
FN:116,(anonymous_18)
FN:120,(anonymous_19)
FN:121,(anonymous_20)
FN:124,(anonymous_21)
FN:128,(anonymous_22)
FN:133,(anonymous_23)
FN:134,(anonymous_24)
FN:135,(anonymous_25)
FN:136,(anonymous_26)
FN:137,(anonymous_27)
FN:137,(anonymous_28)
FN:141,(anonymous_29)
FNF:30
FNH:26
FNDA:4,(anonymous_0)
FNDA:40,(anonymous_1)
FNDA:8,(anonymous_2)
FNDA:1,(anonymous_3)
FNDA:1,(anonymous_4)
FNDA:1,(anonymous_5)
FNDA:10,(anonymous_6)
FNDA:2,(anonymous_7)
FNDA:8,(anonymous_8)
FNDA:4,(anonymous_9)
FNDA:48,(anonymous_10)
FNDA:1,(anonymous_11)
FNDA:0,(anonymous_12)
FNDA:5,(anonymous_13)
FNDA:5,(anonymous_14)
FNDA:5,(anonymous_15)
FNDA:0,(anonymous_16)
FNDA:0,(anonymous_17)
FNDA:0,(anonymous_18)
FNDA:27,(anonymous_19)
FNDA:19,(anonymous_20)
FNDA:14,(anonymous_21)
FNDA:8,(anonymous_22)
FNDA:39,(anonymous_23)
FNDA:5,(anonymous_24)
FNDA:5,(anonymous_25)
FNDA:5,(anonymous_26)
FNDA:5,(anonymous_27)
FNDA:3,(anonymous_28)
FNDA:4,(anonymous_29)
DA:43,4
DA:45,4
DA:55,40
DA:56,40
DA:57,40
DA:58,40
DA:60,40
DA:62,40
DA:63,1
DA:65,1
DA:69,39
DA:87,1
DA:91,10
DA:92,2
DA:94,8
DA:95,8
DA:100,4
DA:105,48
DA:107,1
DA:109,0
DA:111,5
DA:112,5
DA:115,0
DA:116,0
DA:121,27
DA:125,14
DA:129,8
DA:133,39
DA:134,5
DA:135,5
DA:136,5
DA:137,5
DA:141,4
LF:33
LH:30
BRDA:56,0,0,40
BRDA:56,0,1,31
BRDA:57,1,0,40
BRDA:57,1,1,31
BRDA:58,2,0,40
BRDA:58,2,1,31
BRDA:62,3,0,1
BRDA:62,3,1,39
BRDA:65,4,0,1
BRDA:65,4,1,0
BRDA:65,5,0,1
BRDA:65,5,1,1
BRDA:76,6,0,39
BRDA:76,6,1,11
BRDA:78,7,0,39
BRDA:78,7,1,39
BRDA:79,8,0,39
BRDA:79,8,1,39
BRDA:91,9,0,2
BRDA:91,9,1,8
BRDA:95,10,0,8
BRDA:95,10,1,0
BRDA:101,11,0,3
BRDA:101,11,1,1
BRDA:102,12,0,3
BRDA:102,12,1,1
BRDA:112,13,0,5
BRDA:112,13,1,0
BRDA:116,14,0,0
BRDA:116,14,1,0
BRF:30
BRH:25
end_of_record
TN:
SF:stores/heldCartsStore.ts
FN:63,generateHeldCartId
FN:71,(anonymous_1)
FN:75,(anonymous_2)
FN:92,(anonymous_3)
FN:94,(anonymous_4)
FN:96,(anonymous_5)
FN:101,(anonymous_6)
FN:102,(anonymous_7)
FN:105,(anonymous_8)
FNF:9
FNH:9
FNDA:13,generateHeldCartId
FNDA:2,(anonymous_1)
FNDA:14,(anonymous_2)
FNDA:2,(anonymous_3)
FNDA:1,(anonymous_4)
FNDA:1,(anonymous_5)
FNDA:2,(anonymous_6)
FNDA:4,(anonymous_7)
FNDA:2,(anonymous_8)
DA:64,13
DA:71,2
DA:76,14
DA:77,14
DA:78,1
DA:81,13
DA:82,13
DA:88,13
DA:89,13
DA:93,2
DA:94,2
DA:95,2
DA:96,1
DA:98,2
DA:102,4
DA:105,2
LF:16
LH:16
BRDA:77,0,0,1
BRDA:77,0,1,13
BRDA:94,1,0,2
BRDA:94,1,1,1
BRDA:95,2,0,1
BRDA:95,2,1,1
BRF:6
BRH:6
end_of_record
TN:
SF:stores/pmsStore.ts
FN:103,(anonymous_0)
FN:106,(anonymous_1)
FN:108,(anonymous_2)
FN:110,(anonymous_3)
FN:112,(anonymous_4)
FN:113,(anonymous_5)
FN:116,(anonymous_6)
FN:122,(anonymous_7)
FN:123,(anonymous_8)
FN:124,(anonymous_9)
FN:127,(anonymous_10)
FN:128,(anonymous_11)
FN:129,(anonymous_12)
FN:134,(anonymous_13)
FN:136,(anonymous_14)
FN:138,(anonymous_15)
FN:140,(anonymous_16)
FN:142,(anonymous_17)
FN:144,(anonymous_18)
FN:151,(anonymous_19)
FN:158,(anonymous_20)
FNF:21
FNH:21
FNDA:3,(anonymous_0)
FNDA:23,(anonymous_1)
FNDA:3,(anonymous_2)
FNDA:1,(anonymous_3)
FNDA:18,(anonymous_4)
FNDA:18,(anonymous_5)
FNDA:4,(anonymous_6)
FNDA:1,(anonymous_7)
FNDA:1,(anonymous_8)
FNDA:1,(anonymous_9)
FNDA:1,(anonymous_10)
FNDA:1,(anonymous_11)
FNDA:1,(anonymous_12)
FNDA:8,(anonymous_13)
FNDA:1,(anonymous_14)
FNDA:16,(anonymous_15)
FNDA:37,(anonymous_16)
FNDA:2,(anonymous_17)
FNDA:3,(anonymous_18)
FNDA:3,(anonymous_19)
FNDA:109,(anonymous_20)
DA:87,3
DA:101,3
DA:103,3
DA:106,23
DA:108,3
DA:110,1
DA:113,18
DA:115,18
DA:116,4
DA:118,18
DA:119,16
DA:123,1
DA:124,1
DA:128,1
DA:130,1
DA:134,8
DA:136,1
DA:138,16
DA:140,37
DA:142,2
DA:145,3
DA:146,3
DA:151,3
DA:158,109
LF:24
LH:24
BRDA:116,0,0,4
BRDA:116,0,1,2
BRDA:118,1,0,2
BRDA:118,1,1,16
BRDA:130,2,0,1
BRDA:130,2,1,0
BRDA:146,3,0,3
BRDA:146,3,1,2
BRF:8
BRH:7
end_of_record
TN:
SF:stores/settingsStore.ts
FN:40,(anonymous_0)
FN:52,(anonymous_1)
FN:53,(anonymous_2)
FN:55,(anonymous_3)
FN:56,(anonymous_4)
FN:58,(anonymous_5)
FNF:6
FNH:0
FNDA:0,(anonymous_0)
FNDA:0,(anonymous_1)
FNDA:0,(anonymous_2)
FNDA:0,(anonymous_3)
FNDA:0,(anonymous_4)
FNDA:0,(anonymous_5)
DA:40,0
DA:53,0
DA:56,0
DA:58,0
LF:4
LH:0
BRF:0
BRH:0
end_of_record
TN:
SF:stores/syncStore.ts
FN:35,(anonymous_0)
FN:46,(anonymous_1)
FN:48,(anonymous_2)
FN:50,(anonymous_3)
FN:50,(anonymous_4)
FN:57,(anonymous_5)
FN:60,(anonymous_6)
FN:61,(anonymous_7)
FN:62,(anonymous_8)
FN:63,(anonymous_9)
FN:64,(anonymous_10)
FN:64,(anonymous_11)
FN:68,(anonymous_12)
FN:68,(anonymous_13)
FNF:14
FNH:8
FNDA:1,(anonymous_0)
FNDA:34,(anonymous_1)
FNDA:0,(anonymous_2)
FNDA:0,(anonymous_3)
FNDA:0,(anonymous_4)
FNDA:0,(anonymous_5)
FNDA:0,(anonymous_6)
FNDA:0,(anonymous_7)
FNDA:8,(anonymous_8)
FNDA:3,(anonymous_9)
FNDA:5,(anonymous_10)
FNDA:5,(anonymous_11)
FNDA:2,(anonymous_12)
FNDA:2,(anonymous_13)
DA:35,1
DA:46,34
DA:48,0
DA:50,0
DA:57,0
DA:60,0
DA:61,0
DA:62,8
DA:63,3
DA:64,5
DA:68,2
LF:11
LH:6
BRDA:52,0,0,0
BRDA:52,0,1,0
BRDA:53,1,0,0
BRDA:53,1,1,0
BRDA:54,2,0,0
BRDA:54,2,1,0
BRDA:68,3,0,0
BRF:7
BRH:0
end_of_record
TN:
SF:types/index.ts
FNF:0
FNH:0
LF:0
LH:0
BRF:0
BRH:0
end_of_record
TN:
SF:types/pms.ts
FNF:0
FNH:0
LF:0
LH:0
BRF:0
BRH:0
end_of_record
TN:
SF:types/pos.ts
FNF:0
FNH:0
LF:0
LH:0
BRF:0
BRH:0
end_of_record
TN:
SF:utils/StartupProfiler.ts
FN:48,(anonymous_0)
FN:60,(anonymous_1)
FN:73,(anonymous_2)
FN:92,(anonymous_3)
FN:108,(anonymous_4)
FNF:5
FNH:5
FNDA:7,(anonymous_0)
FNDA:7,(anonymous_1)
FNDA:8,(anonymous_2)
FNDA:3,(anonymous_3)
FNDA:9,(anonymous_4)
DA:41,1
DA:42,1
DA:43,1
DA:49,7
DA:61,7
DA:62,7
DA:63,1
DA:64,1
DA:66,6
DA:67,6
DA:74,8
DA:75,8
DA:77,8
DA:78,6
DA:85,8
DA:93,3
DA:94,2
DA:96,2
DA:98,2
DA:99,2
DA:100,2
DA:101,2
DA:109,9
DA:110,9
DA:111,9
DA:119,1
LF:26
LH:26
BRDA:62,0,0,1
BRDA:62,0,1,6
BRDA:80,1,0,6
BRDA:80,1,1,1
BRDA:93,2,0,1
BRDA:93,2,1,2
BRDA:100,3,0,1
BRDA:100,3,1,1
BRF:8
BRH:8
end_of_record
TN:
SF:utils/constants.ts
FNF:0
FNH:0
DA:22,18
DA:25,18
DA:28,18
DA:31,18
DA:38,18
DA:41,18
DA:44,18
DA:47,18
DA:54,18
DA:57,18
DA:60,18
DA:63,18
DA:73,18
DA:76,18
DA:79,18
DA:86,18
DA:89,18
DA:92,18
DA:95,18
LF:19
LH:19
BRDA:22,0,0,18
BRDA:22,0,1,18
BRF:2
BRH:2
end_of_record
TN:
SF:utils/errorRecovery.ts
FN:54,retryWithBackoff
FN:110,withTimeout
FN:118,(anonymous_2)
FN:119,(anonymous_3)
FN:146,isRetryableError
FN:188,withFallback
FN:205,sleep
FN:206,(anonymous_7)
FNF:8
FNH:0
FNDA:0,retryWithBackoff
FNDA:0,withTimeout
FNDA:0,(anonymous_2)
FNDA:0,(anonymous_3)
FNDA:0,isRetryableError
FNDA:0,withFallback
FNDA:0,sleep
FNDA:0,(anonymous_7)
DA:64,0
DA:68,0
DA:69,0
DA:70,0
DA:72,0
DA:75,0
DA:76,0
DA:80,0
DA:81,0
DA:85,0
DA:88,0
DA:90,0
DA:91,0
DA:95,0
DA:114,0
DA:118,0
DA:119,0
DA:120,0
DA:124,0
DA:125,0
DA:126,0
DA:127,0
DA:129,0
DA:130,0
DA:147,0
DA:148,0
DA:151,0
DA:158,0
DA:163,0
DA:164,0
DA:166,0
DA:169,0
DA:173,0
DA:193,0
DA:194,0
DA:196,0
DA:197,0
DA:206,0
LF:38
LH:0
BRDA:56,0,0,0
BRDA:59,1,0,0
BRDA:60,2,0,0
BRDA:61,3,0,0
BRDA:75,4,0,0
BRDA:75,4,1,0
BRDA:75,5,0,0
BRDA:75,5,1,0
BRDA:80,6,0,0
BRDA:80,6,1,0
BRDA:114,7,0,0
BRDA:147,8,0,0
BRDA:147,8,1,0
BRDA:151,9,0,0
BRDA:151,9,1,0
BRDA:152,10,0,0
BRDA:152,10,1,0
BRDA:152,10,2,0
BRDA:152,10,3,0
BRDA:152,10,4,0
BRDA:163,11,0,0
BRDA:163,11,1,0
BRDA:163,12,0,0
BRDA:163,12,1,0
BRDA:163,12,2,0
BRDA:166,13,0,0
BRDA:166,13,1,0
BRDA:169,14,0,0
BRDA:169,14,1,0
BRF:29
BRH:0
end_of_record
TN:
SF:utils/formatters.ts
FN:25,formatCurrency
FN:44,formatDateTime
FN:60,formatDate
FN:74,formatRelativeTime
FN:97,formatQuantity
FN:112,generateOrderNumber
FNF:6
FNH:3
FNDA:345,formatCurrency
FNDA:0,formatDateTime
FNDA:0,formatDate
FNDA:0,formatRelativeTime
FNDA:3,formatQuantity
FNDA:3218,generateOrderNumber
DA:26,345
DA:45,0
DA:61,0
DA:75,0
DA:76,0
DA:77,0
DA:78,0
DA:79,0
DA:80,0
DA:82,0
DA:83,0
DA:84,0
DA:85,0
DA:86,0
DA:98,3
DA:99,2
DA:101,1
DA:113,3218
DA:114,3218
DA:115,3218
LF:20
LH:7
BRDA:82,0,0,0
BRDA:82,0,1,0
BRDA:83,1,0,0
BRDA:83,1,1,0
BRDA:84,2,0,0
BRDA:84,2,1,0
BRDA:85,3,0,0
BRDA:85,3,1,0
BRDA:98,4,0,2
BRDA:98,4,1,1
BRF:10
BRH:2
end_of_record
TN:
SF:utils/haptics.ts
FN:54,triggerHaptic
FN:95,hapticTap
FN:100,hapticSuccess
FN:105,hapticError
FN:110,hapticSelection
FNF:5
FNH:0
FNDA:0,triggerHaptic
FNDA:0,hapticTap
FNDA:0,hapticSuccess
FNDA:0,hapticError
FNDA:0,hapticSelection
DA:38,0
DA:56,0
DA:57,0
DA:59,0
DA:61,0
DA:62,0
DA:65,0
DA:66,0
DA:69,0
DA:70,0
DA:73,0
DA:74,0
DA:77,0
DA:78,0
DA:81,0
DA:82,0
DA:86,0
DA:96,0
DA:101,0
DA:106,0
DA:111,0
LF:21
LH:0
BRDA:38,0,0,0
BRDA:38,0,1,0
BRDA:57,1,0,0
BRDA:57,1,1,0
BRDA:57,2,0,0
BRDA:57,2,1,0
BRDA:59,3,0,0
BRDA:59,3,1,0
BRDA:59,3,2,0
BRDA:59,3,3,0
BRDA:59,3,4,0
BRDA:59,3,5,0
BRDA:59,3,6,0
BRF:13
BRH:0
end_of_record
TN:
SF:utils/logger.ts
FN:74,addEntry
FN:123,(anonymous_1)
FN:127,(anonymous_2)
FN:131,(anonymous_3)
FN:135,(anonymous_4)
FN:142,(anonymous_5)
FN:147,(anonymous_6)
FN:150,(anonymous_7)
FN:165,(anonymous_8)
FN:172,(anonymous_9)
FN:175,(anonymous_10)
FN:184,(anonymous_11)
FN:189,(anonymous_12)
FN:194,(anonymous_13)
FNF:14
FNH:0
FNDA:0,addEntry
FNDA:0,(anonymous_1)
FNDA:0,(anonymous_2)
FNDA:0,(anonymous_3)
FNDA:0,(anonymous_4)
FNDA:0,(anonymous_5)
FNDA:0,(anonymous_6)
FNDA:0,(anonymous_7)
FNDA:0,(anonymous_8)
FNDA:0,(anonymous_9)
FNDA:0,(anonymous_10)
FNDA:0,(anonymous_11)
FNDA:0,(anonymous_12)
FNDA:0,(anonymous_13)
DA:52,0
DA:55,0
DA:57,0
DA:68,0
DA:81,0
DA:83,0
DA:92,0
DA:93,0
DA:94,0
DA:98,0
DA:99,0
DA:100,0
DA:102,0
DA:103,0
DA:105,0
DA:106,0
DA:108,0
DA:109,0
DA:111,0
DA:112,0
DA:121,0
DA:124,0
DA:128,0
DA:132,0
DA:136,0
DA:142,0
DA:150,0
DA:151,0
DA:152,0
DA:156,0
DA:157,0
DA:166,0
DA:173,0
DA:176,0
DA:185,0
DA:190,0
DA:194,0
LF:37
LH:0
BRDA:55,0,0,0
BRDA:55,0,1,0
BRDA:81,1,0,0
BRDA:81,1,1,0
BRDA:93,2,0,0
BRDA:93,2,1,0
BRDA:98,3,0,0
BRDA:98,3,1,0
BRDA:100,4,0,0
BRDA:100,4,1,0
BRDA:100,4,2,0
BRDA:100,4,3,0
BRDA:102,5,0,0
BRDA:102,5,1,0
BRDA:105,6,0,0
BRDA:105,6,1,0
BRDA:108,7,0,0
BRDA:108,7,1,0
BRDA:111,8,0,0
BRDA:111,8,1,0
BRDA:148,9,0,0
BRDA:151,10,0,0
BRDA:151,10,1,0
BRDA:151,11,0,0
BRDA:151,11,1,0
BRDA:152,12,0,0
BRDA:152,12,1,0
BRDA:153,13,0,0
BRDA:153,13,1,0
BRDA:177,14,0,0
BRDA:177,14,1,0
BRF:31
BRH:0
end_of_record
TN:
SF:utils/priceCalculator.ts
FN:70,roundTo2
FN:83,calculateLineTotal
FN:101,calculateCartTotals
FN:111,(anonymous_3)
FN:152,calculateChange
FN:163,isPaymentSufficient
FN:180,getQuickAmounts
FNF:7
FNH:7
FNDA:32063,roundTo2
FNDA:6969,calculateLineTotal
FNDA:1328,calculateCartTotals
FNDA:6891,(anonymous_3)
FNDA:603,calculateChange
FNDA:302,isPaymentSufficient
FNDA:405,getQuickAmounts
DA:71,32063
DA:84,6969
DA:85,6969
DA:86,6969
DA:107,1328
DA:110,1328
DA:111,6891
DA:115,1321
DA:116,1321
DA:123,1321
DA:126,921
DA:127,921
DA:128,921
DA:131,400
DA:132,400
DA:133,400
DA:136,1321
DA:156,603
DA:157,603
DA:167,302
DA:181,405
DA:182,405
DA:184,405
DA:185,2430
DA:186,2430
DA:187,1635
DA:191,405
LF:27
LH:27
BRDA:105,0,0,7
BRDA:106,1,0,512
BRDA:123,2,0,921
BRDA:123,2,1,400
BRDA:186,3,0,1635
BRDA:186,3,1,795
BRDA:186,4,0,2430
BRDA:186,4,1,2420
BRF:8
BRH:8
end_of_record
TN:
SF:utils/remoteErrorLogger.ts
FN:70,captureException
FN:92,captureMessage
FN:116,addBreadcrumb
FN:131,setUser
FN:146,setTags
FN:161,initRemoteLogger
FNF:6
FNH:0
FNDA:0,captureException
FNDA:0,captureMessage
FNDA:0,addBreadcrumb
FNDA:0,setUser
FNDA:0,setTags
FNDA:0,initRemoteLogger
DA:72,0
DA:73,0
DA:75,0
DA:81,0
DA:83,0
DA:97,0
DA:99,0
DA:104,0
DA:105,0
DA:118,0
DA:132,0
DA:133,0
DA:137,0
DA:147,0
DA:162,0
DA:163,0
DA:170,0
LF:17
LH:0
BRDA:72,0,0,0
BRDA:72,0,1,0
BRDA:73,1,0,0
BRDA:73,1,1,0
BRDA:76,2,0,0
BRDA:76,2,1,0
BRDA:78,3,0,0
BRDA:78,3,1,0
BRDA:81,4,0,0
BRDA:81,4,1,0
BRDA:94,5,0,0
BRDA:97,6,0,0
BRDA:97,6,1,0
BRDA:100,7,0,0
BRDA:100,7,1,0
BRDA:104,8,0,0
BRDA:104,8,1,0
BRDA:104,9,0,0
BRDA:104,9,1,0
BRDA:119,10,0,0
BRDA:119,10,1,0
BRDA:132,11,0,0
BRDA:132,11,1,0
BRDA:133,12,0,0
BRDA:133,12,1,0
BRDA:162,13,0,0
BRDA:162,13,1,0
BRDA:171,14,0,0
BRDA:171,14,1,0
BRDA:172,15,0,0
BRDA:172,15,1,0
BRF:31
BRH:0
end_of_record
TN:
SF:utils/validators.ts
FN:24,validateEmail
FN:39,validatePassword
FN:53,validatePin
FN:67,validateQuantity
FN:80,validateAmount
FN:98,validateRequired
FNF:6
FNH:6
FNDA:6,validateEmail
FNDA:4,validatePassword
FNDA:5,validatePin
FNDA:157,validateQuantity
FNDA:158,validateAmount
FNDA:3,validateRequired
DA:25,6
DA:26,4
DA:27,4
DA:28,1
DA:40,4
DA:41,3
DA:42,2
DA:54,5
DA:55,4
DA:56,3
DA:57,1
DA:68,157
DA:69,104
DA:70,102
DA:81,158
DA:82,106
DA:84,103
DA:85,103
DA:86,1
DA:88,102
DA:102,3
DA:103,1
LF:22
LH:22
BRDA:25,0,0,2
BRDA:25,0,1,4
BRDA:27,1,0,3
BRDA:27,1,1,1
BRDA:40,2,0,1
BRDA:40,2,1,3
BRDA:41,3,0,1
BRDA:41,3,1,2
BRDA:54,4,0,1
BRDA:54,4,1,4
BRDA:55,5,0,1
BRDA:55,5,1,3
BRDA:56,6,0,2
BRDA:56,6,1,1
BRDA:68,7,0,53
BRDA:68,7,1,104
BRDA:69,8,0,2
BRDA:69,8,1,102
BRDA:81,9,0,52
BRDA:81,9,1,106
BRDA:82,10,0,3
BRDA:82,10,1,103
BRDA:85,11,0,1
BRDA:85,11,1,102
BRDA:85,12,0,103
BRDA:85,12,1,102
BRDA:102,13,0,2
BRDA:102,13,1,1
BRF:28
BRH:28
end_of_record
